[2015.07.16-22.52.35:279][  0]Log file open, 07/16/15 16:52:35
[2015.07.16-22.52.35:279][  0]LogInit:Display: Running engine for game: eyes_shut
[2015.07.16-22.52.35:279][  0]LogInit:Display: RandInit(-536226233) SRandInit(-536226232).
[2015.07.16-22.52.35:279][  0]LogTaskGraph: Started task graph with 4 named threads and 7 total threads.
[2015.07.16-22.52.35:280][  0]LogStats: Stats thread started
[2015.07.16-22.52.35:280][  0]LogInit: Version: 4.8.1-2591939+++depot+UE4-Releases+4.8
[2015.07.16-22.52.35:280][  0]LogInit: API Version: 2579680
[2015.07.16-22.52.35:280][  0]LogInit: Compiled (64-bit): Jun 18 2015 11:02:04
[2015.07.16-22.52.35:280][  0]LogInit: Compiled with Visual C++: 18.00.21005.01
[2015.07.16-22.52.35:280][  0]LogInit: Build Configuration: Development
[2015.07.16-22.52.35:280][  0]LogInit: Branch Name: ++depot+UE4-Releases+4.8
[2015.07.16-22.52.35:280][  0]LogInit: Command line:  
[2015.07.16-22.52.35:280][  0]LogInit: Base directory: C:/Program Files/Epic Games/4.8/Engine/Binaries/Win64/
[2015.07.16-22.52.35:280][  0]LogInit: Rocket: 1
[2015.07.16-22.52.35:356][  0]LogInit: Using libcurl 7.41.0
[2015.07.16-22.52.35:356][  0]LogInit:  - built for x86_64-pc-win32
[2015.07.16-22.52.35:356][  0]LogInit:  - supports SSL with WinSSL
[2015.07.16-22.52.35:356][  0]LogInit:  - other features:
[2015.07.16-22.52.35:356][  0]LogInit:      CURL_VERSION_SSL
[2015.07.16-22.52.35:356][  0]LogInit:      CURL_VERSION_IPV6
[2015.07.16-22.52.35:357][  0]LogInit:      CURL_VERSION_ASYNCHDNS
[2015.07.16-22.52.35:357][  0]LogInit:      CURL_VERSION_LARGEFILE
[2015.07.16-22.52.35:357][  0]LogInit:      CURL_VERSION_IDN
[2015.07.16-22.52.35:357][  0]LogInit:  CurlRequestOptions (configurable via config and command line):
[2015.07.16-22.52.35:357][  0]LogInit:  - bVerifyPeer = true  - Libcurl will verify peer certificate
[2015.07.16-22.52.35:357][  0]LogInit:  - bUseHttpProxy = false  - Libcurl will NOT use HTTP proxy
[2015.07.16-22.52.35:357][  0]LogInit:  - bDontReuseConnections = false  - Libcurl will reuse connections
[2015.07.16-22.52.35:357][  0]LogInit:  - CertBundlePath = nullptr  - Libcurl will use whatever was configured at build time.
[2015.07.16-22.52.35:434][  0]LogOnline:Warning: No default platform service specified for OnlineSubsystem
[2015.07.16-22.52.35:642][  0]LogInit: Presizing for 0 objects not considered by GC, pre-allocating 0 bytes.
[2015.07.16-22.52.35:697][  0]LogInit: Object subsystem initialized
[2015.07.16-22.52.35:705][  0]LogConsoleResponse:Warning: Skipping Unknown console variable: 'TranslucentSortAxis = (X=0.000000,Y=-1.000000,Z=0.000000)'
[2015.07.16-22.52.35:705][  0]LogConsoleResponse:Warning:   Found in ini file 'C:/Users/Jacob/Downloads/eyesshut_mainmenu/eyesshut_mainmenu/eyes_shut/Saved/Config/Windows/Engine.ini', in section '[/Script/Engine.RendererSettings]'
[2015.07.16-22.52.35:706][  0]LogConsoleResponse:Warning: Skipping Unknown console variable: 'UIScaleRule = ShortestSide'
[2015.07.16-22.52.35:706][  0]LogConsoleResponse:Warning:   Found in ini file 'C:/Users/Jacob/Downloads/eyesshut_mainmenu/eyesshut_mainmenu/eyes_shut/Saved/Config/Windows/Engine.ini', in section '[/Script/Engine.RendererSettings]'
[2015.07.16-22.52.35:706][  0]LogConsoleResponse:Warning: Skipping Unknown console variable: 'UIScaleCurve = (EditorCurveData=(Keys=),ExternalCurve=None)'
[2015.07.16-22.52.35:706][  0]LogConsoleResponse:Warning:   Found in ini file 'C:/Users/Jacob/Downloads/eyesshut_mainmenu/eyesshut_mainmenu/eyes_shut/Saved/Config/Windows/Engine.ini', in section '[/Script/Engine.RendererSettings]'
[2015.07.16-22.52.35:709][  0]LogInit: Selected Device Profile: [Windows]
[2015.07.16-22.52.35:710][  0]LogInit: Applying CVar settings loaded from the selected device profile: [Windows]
[2015.07.16-22.52.35:808][  0]LogInit: Computer: JACOBS-PC
[2015.07.16-22.52.35:808][  0]LogInit: User: Jacob
[2015.07.16-22.52.35:808][  0]LogInit: CPU Page size=4096, Cores=4
[2015.07.16-22.52.35:808][  0]LogInit: High frequency timer resolution =1.754523 MHz
[2015.07.16-22.52.35:809][  0]LogMemory: Memory total: Physical=3.4GB (4GB approx)
[2015.07.16-22.52.35:810][  0]LogMemory: Platform Memory Stats for Windows
[2015.07.16-22.52.35:810][  0]LogMemory: Process Physical Memory: 48.21 MB used, 48.21 MB peak
[2015.07.16-22.52.35:810][  0]LogMemory: Process Virtual Memory: 21.33 MB used, 22.17 MB peak
[2015.07.16-22.52.35:810][  0]LogMemory: Physical Memory: 2176.23 MB used, 3528.98 MB total
[2015.07.16-22.52.35:810][  0]LogMemory: Virtual Memory: 290.44 MB used, 134217728.00 MB total
[2015.07.16-22.52.36:402][  0]LogTextLocalizationManager: The requested culture ('en_US') has no localization data; parent culture's ('en') localization data will be used.
[2015.07.16-22.52.38:379][  0]LogTextLocalizationManager:Warning: Loaded localization resources contain conflicting entries for (Namespace:ContentBrowser, Key:ImportAssetToolTip):
Localization Resource: (C:/Program Files/Epic Games/4.8/Engine/Content/Localization/Editor/en/Editor.locres) Source String Hash: (-630476809) Localized String: (Import to {0}...)
Localization Resource: (C:/Program Files/Epic Games/4.8/Engine/Content/Localization/Editor/en/Editor.locres) Source String Hash: (1271782899) Localized String: (Imports an asset from file to this folder.)
[2015.07.16-22.52.42:097][  0]LogD3D11RHI: Found D3D11 adapter 0: AMD Radeon(TM) R4 Graphics (Feature Level 11_0)
[2015.07.16-22.52.42:097][  0]LogD3D11RHI: Adapter has 497MB of dedicated video memory, 0MB of dedicated system memory, and 1536MB of shared system memory, 1 output[s]
[2015.07.16-22.52.42:120][  0]LogD3D11RHI: Found D3D11 adapter 1: Microsoft Basic Render Driver (Feature Level 11_0)
[2015.07.16-22.52.42:120][  0]LogD3D11RHI: Adapter has 0MB of dedicated video memory, 0MB of dedicated system memory, and 256MB of shared system memory, 0 output[s]
[2015.07.16-22.52.42:120][  0]LogD3D11RHI: Chosen D3D11 Adapter Id = 0
[2015.07.16-22.52.42:151][  0]LogRHI: Texture pool is 348 MB (70% of 497 MB)
[2015.07.16-22.52.42:171][  0]LogD3D11RHI: Async texture creation disabled: no driver support
[2015.07.16-22.52.42:198][  0]LogShaderCompilers:Display: Using Local Shader Compiler.
[2015.07.16-22.52.50:610][  0]LogTemp:Display: Loaded TP DesktopTargetPlatform
[2015.07.16-22.52.50:721][  0]LogTemp:Display: Loaded TP WindowsClientTargetPlatform
[2015.07.16-22.52.50:828][  0]LogTemp:Display: Loaded TP WindowsNoEditorTargetPlatform
[2015.07.16-22.52.50:950][  0]LogTemp:Display: Loaded TP WindowsServerTargetPlatform
[2015.07.16-22.52.51:062][  0]LogTemp:Display: Loaded TP WindowsTargetPlatform
[2015.07.16-22.52.51:171][  0]LogTemp:Display: Loaded TP AndroidTargetPlatform
[2015.07.16-22.52.51:263][  0]LogTemp:Display: Loaded TP Android_ASTCTargetPlatform
[2015.07.16-22.52.51:373][  0]LogTemp:Display: Loaded TP Android_ATCTargetPlatform
[2015.07.16-22.52.51:483][  0]LogTemp:Display: Loaded TP Android_DXTTargetPlatform
[2015.07.16-22.52.51:590][  0]LogTemp:Display: Loaded TP Android_ETC1TargetPlatform
[2015.07.16-22.52.51:707][  0]LogTemp:Display: Loaded TP Android_ETC2TargetPlatform
[2015.07.16-22.52.51:840][  0]LogTemp:Display: Loaded TP Android_PVRTCTargetPlatform
[2015.07.16-22.52.52:236][  0]LogTemp:Display: Loaded TP IOSTargetPlatform
[2015.07.16-22.52.52:387][  0]LogTemp:Display: Loaded TP LinuxNoEditorTargetPlatform
[2015.07.16-22.52.52:500][  0]LogTemp:Display: Loaded TP LinuxServerTargetPlatform
[2015.07.16-22.52.52:632][  0]LogTemp:Display: Loaded TP LinuxTargetPlatform
[2015.07.16-22.52.52:632][  0]LogTargetPlatformManager:Display: Building Assets For Windows
[2015.07.16-22.52.54:487][  0]LogDerivedDataCache:Display: Max Cache Size: 512 MB
[2015.07.16-22.52.55:290][  0]LogDerivedDataCache: Loaded boot cache 0.80s 53MB C:/Users/Jacob/AppData/Local/UnrealEngine/4.8/DerivedDataCache/Boot.ddc.
[2015.07.16-22.52.55:290][  0]LogDerivedDataCache:Display: Loaded Boot cache: C:/Users/Jacob/AppData/Local/UnrealEngine/4.8/DerivedDataCache/Boot.ddc
[2015.07.16-22.52.55:290][  0]LogDerivedDataCache: FDerivedDataBackendGraph:  Pak pak cache file ../../../../../../Users/Jacob/Downloads/eyesshut_mainmenu/eyesshut_mainmenu/eyes_shut/DerivedDataCache/DDC.ddp not found, will not use a pak cache.
[2015.07.16-22.52.55:290][  0]LogDerivedDataCache: Unable to find inner node Pak for hierarchical cache Hierarchy.
[2015.07.16-22.52.55:291][  0]LogDerivedDataCache: FDerivedDataBackendGraph:  CompressedPak pak cache file ../../../../../../Users/Jacob/Downloads/eyesshut_mainmenu/eyesshut_mainmenu/eyes_shut/DerivedDataCache/Compressed.ddp not found, will not use a pak cache.
[2015.07.16-22.52.55:291][  0]LogDerivedDataCache: Unable to find inner node CompressedPak for hierarchical cache Hierarchy.
[2015.07.16-22.52.56:967][  0]LogDerivedDataCache:Display: Pak cache opened for reading ../../../Engine/DerivedDataCache/Compressed.ddp.
[2015.07.16-22.52.56:982][  0]LogDerivedDataCache: Using Local data cache path C:/Users/Jacob/AppData/Local/UnrealEngine/Common/DerivedDataCache: Writable
[2015.07.16-22.53.02:310][  0]LogInit: Selected Device Profile: [Windows]
[2015.07.16-22.53.02:897][  0]ImportText (ComponentSweepMultiTests): Missing closing parenthesis: (RootShapeAsset="/Engine/BasicShapes/Cube.Cube",ShapeType="TriggerCapsule",HitResult=(Time=0.50,Location=(X=-100.000015,Y=0.0,Z=100.000015),ImpactPoint=(X=-50.0,Y=0.0,Z=50.0),Normal=(X=-1.0,Y=-0.0,Z=0.0),ImpactNormal=(X=0.0,Y=0.0,Z=1.0),TraceStart=(X=-200.0,Y=0.0,Z=200.0),TraceEnd=(X=0.0,Y=0.0,Z=0.0))
[2015.07.16-22.53.02:900][  0]ImportText (LineTraceSingleByChannelTests): Missing closing parenthesis: (RootShapeAsset="/Engine/BasicShapes/Cube.Cube",HitResult=(Time=0.50,Location=(X=-100.000015,Y=0.0,Z=100.000015),ImpactPoint=(X=-50.0,Y=0.0,Z=50.0),Normal=(X=-1.0,Y=-0.0,Z=0.0),ImpactNormal=(X=0.0,Y=0.0,Z=1.0),TraceStart=(X=-200.0,Y=0.0,Z=200.0),TraceEnd=(X=0.0,Y=0.0,Z=0.0))
[2015.07.16-22.53.03:177][  0]LogMeshUtilities: No automatic mesh reduction module available
[2015.07.16-22.53.03:177][  0]LogMeshUtilities: No automatic mesh merging module available
[2015.07.16-22.53.05:176][  0]LogInit: WinSock: version 1.1 (2.2), MaxSocks=32767, MaxUdp=65467
[2015.07.16-22.53.23:540][  0]UdpMessaging: Initializing bridge on interface 0.0.0.0:0 to multicast group 230.0.0.1:6666.
[2015.07.16-22.53.25:835][  0]SourceControl: Info Source control is disabled
[2015.07.16-22.53.26:441][  0]SourceControl: Info Source control is disabled
[2015.07.16-22.53.26:549][  0]SourceControl: Info Source control is disabled
[2015.07.16-22.53.26:648][  0]SourceControl: Info Source control is disabled
[2015.07.16-22.53.28:589][  0]LogObj: 26273 objects as part of root set at end of initial load.
[2015.07.16-22.53.28:589][  0]LogUObjectAllocator: 5409248 out of 0 bytes used by permanent object pool.
[2015.07.16-22.53.29:056][  0]LogEngine: Initializing Engine...
[2015.07.16-22.53.29:070][  0]LogHMD: Can't find Oculus library dev build: is proper Runtime installed? Version: 0.6.0.0
[2015.07.16-22.53.29:127][  0]LogHMD:Warning: SteamVR failed to initialize.  Error: 110
[2015.07.16-22.53.30:151][  0]LogAIModule: Creating AISystem for world NewWorld
[2015.07.16-22.53.30:191][  0]LogInit: XAudio2 using 'Speaker/HP (Realtek High Definition Audio)' : 2 channels at 48 kHz using 32 bits per sample (channel mask 0x3)
[2015.07.16-22.53.30:287][  0]LogInit: FAudioDevice initialized.
[2015.07.16-22.53.30:395][  0]LogDerivedDataCache: Saved boot cache 0.11s 53MB C:/Users/Jacob/AppData/Local/UnrealEngine/4.8/DerivedDataCache/Boot.ddc.
[2015.07.16-22.53.30:420][  0]LogInit: Texture streaming: Disabled
[2015.07.16-22.53.30:596][  0]LogAnalytics: Creating configured Analytics provider AnalyticsET
[2015.07.16-22.53.30:596][  0]LogAnalytics: [UEEditor.Rocket.Release] APIServer = http://et2.epicgames.com/ET2/. AppVersion = 4.8.1-2591939+++depot+UE4-Releases+4.8
[2015.07.16-22.53.30:596][  0]LogAnalytics: [UEEditor.Rocket.Release] SetUserId 68a165c64a1af2c805a855bdd8a9f365|455a0f7cba5040efb02a5e3595bcff57|0ef95104-32e8-4a86-be54-506645309f86
[2015.07.16-22.53.30:597][  0]LogAnalytics: [UEEditor.Rocket.Release] AnalyticsET::StartSession
[2015.07.16-22.53.30:963][  0]LogInit: Transaction tracking system initialized
[2015.07.16-22.53.32:292][  0]BlueprintLog: New page: Editor Load
[2015.07.16-22.53.32:602][  0]LogAssetRegistry: FAssetRegistry took 0.0119 seconds to start up
[2015.07.16-22.53.32:605][  0]LogDirectoryWatcher:Warning: Failed to begin reading directory changes for ../../../Engine/Plugins/Experimental/CharacterAI/Content/. Error: 0
[2015.07.16-22.53.39:189][  0]LogConsoleManager:Warning: Console variable 'r.VSync' wasn't set ('GameSetting' has a lower priority than 'SystemSettingsIni')
[2015.07.16-22.53.39:191][  0]LogConsoleResponse:Display: 
[2015.07.16-22.53.40:311][  0]LogCook:Display: Done creating registry. It took  0.00s.
[2015.07.16-22.53.42:367][  0]SourceControl: Info Source control is disabled
[2015.07.16-22.53.42:367][  0]Cmd: MAP LOAD FILE="../../../../../../Users/Jacob/Downloads/eyesshut_mainmenu/eyesshut_mainmenu/eyes_shut/Content/mainmenu_Level.umap" TEMPLATE=0 SHOWPROGRESS=1 FEATURELEVEL=3
[2015.07.16-22.53.42:371][  0]LightingResults: New page: Lighting Build
[2015.07.16-22.53.42:456][  0]MapCheck: New page: Map Check
[2015.07.16-22.53.42:456][  0]LightingResults: New page: Lighting Build
[2015.07.16-22.53.42:519][  0]LogParticles: Destroying 0 GPU particle simulations for FXSystem 0x000000DF4DC62F20
[2015.07.16-22.53.43:319][  0]LogAIModule: Creating AISystem for world mainmenu_Level
[2015.07.16-22.53.43:326][  0]LogEditorServer: Finished looking for orphan Actors (0.000 secs)
[2015.07.16-22.53.43:330][  0]Cmd: MAP CHECKDEP NOCLEARLOG
[2015.07.16-22.53.43:515][  0]MapCheck: Info Map check complete: 0 Error(s), 0 Warning(s), took 184.284ms to complete.
[2015.07.16-22.53.43:515][  0]LogFileHelpers: Loading map 'mainmenu_Level' took 1.148
[2015.07.16-22.53.43:981][  0]LogCollectionManager: Loaded 0 collections in 0.012055 seconds
[2015.07.16-22.53.44:027][  0]LogContentBrowser: Native class hierarchy populated in 0.0451 seconds. Added 1792 classes and 301 folders.
[2015.07.16-22.53.44:312][  0]LogContentBrowser: Native class hierarchy updated for 'WidgetCarousel' in 0.0018 seconds. Added 0 classes and 0 folders.
[2015.07.16-22.53.44:464][  0]LogContentBrowser: Native class hierarchy updated for 'AddContentDialog' in 0.0018 seconds. Added 0 classes and 0 folders.
[2015.07.16-22.53.44:557][  0]LogContentBrowser: Native class hierarchy updated for 'SceneOutliner' in 0.0018 seconds. Added 1 classes and 2 folders.
[2015.07.16-22.53.44:754][  0]LogCrashTracker: Crashtracker disabled due to settings.
[2015.07.16-22.53.44:773][  0]LogUObjectGlobals:Warning: Failed to find object 'Class None.'
[2015.07.16-22.53.44:800][  0]LogLoad: Full Startup: 78.53 seconds (BP compile: 0.56 seconds)
[2015.07.16-22.53.44:966][  0]LogContentStreaming: Texture pool size is 0.000000MB
[2015.07.16-22.53.45:080][  0]LogContentStreaming: Texture pool size now 200 MB
[2015.07.16-22.53.45:952][  0]LogRenderer: Reallocating scene render targets to support 736x376 (Frame:2).
[2015.07.16-22.53.48:316][ 36]LogAssetRegistry: Asset discovery search completed in 15.7247 seconds
[2015.07.16-22.54.40:488][546]BlueprintLog: New page: Pre-PIE auto-recompile
[2015.07.16-22.54.40:488][546]LogPlayLevel: [PIE] Compiling mainmenu_Level before PIE...
[2015.07.16-22.54.40:955][546]LogPlayLevel: PIE:  Blueprint regeneration took 467 ms (1 blueprints)
[2015.07.16-22.54.40:965][546]PIE: New page: PIE session: mainmenu_Level (Jul 16, 2015, 10:54:40 AM)
[2015.07.16-22.54.40:967][546]LogPlayLevel: Creating play world package: /Game/UEDPIE_0_mainmenu_Level
[2015.07.16-22.54.40:981][546]LogPlayLevel: PIE: StaticDuplicateObject took: (0.013981s)
[2015.07.16-22.54.40:984][546]LogAIModule: Creating AISystem for world mainmenu_Level
[2015.07.16-22.54.40:988][546]LogPlayLevel: PIE: World Init took: (0.006530s)
[2015.07.16-22.54.40:988][546]LogPlayLevel: PIE: Created PIE world by copying editor world from /Game/mainmenu_Level.mainmenu_Level to /Game/UEDPIE_0_mainmenu_Level.mainmenu_Level (0.021217s)
[2015.07.16-22.54.41:076][546]LogInit: XAudio2 using 'Speaker/HP (Realtek High Definition Audio)' : 2 channels at 48 kHz using 32 bits per sample (channel mask 0x3)
[2015.07.16-22.54.41:114][546]LogInit: FAudioDevice initialized.
[2015.07.16-22.54.41:336][546]LogWorld: Game class is 'GameMode'
[2015.07.16-22.54.41:348][546]LogWorld: Bringing World /Game/UEDPIE_0_mainmenu_Level.mainmenu_Level up for play (max tick rate 60) at 2015.07.16-16.54.41
[2015.07.16-22.54.41:349][546]LogActor:Warning: GameSession /Game/UEDPIE_0_mainmenu_Level.mainmenu_Level:PersistentLevel.GameSession_0 has natively added scene component(s), but none of them were set as the actor's RootComponent - picking one arbitrarily
[2015.07.16-22.54.41:351][546]LogActor:Warning: GameNetworkManager /Game/UEDPIE_0_mainmenu_Level.mainmenu_Level:PersistentLevel.GameNetworkManager_0 has natively added scene component(s), but none of them were set as the actor's RootComponent - picking one arbitrarily
[2015.07.16-22.54.41:352][546]LogWorld: Bringing up level for play took: 0.006083
[2015.07.16-22.54.41:374][546]PIE: Info Play in editor start time for /Game/UEDPIE_0_mainmenu_Level 0.131
[2015.07.16-22.54.45:946][687]LogParticles: Destroying 0 GPU particle simulations for FXSystem 0x000000DF474120C0
[2015.07.16-22.55.00:451][204]LogEditorViewport: Clicking Background
[2015.07.16-22.55.15:030][694]BlueprintLog: New page: Pre-PIE auto-recompile
[2015.07.16-22.55.15:030][694]LogPlayLevel: [PIE] Compiling mainmenu_Level before PIE...
[2015.07.16-22.55.15:347][694]LogPlayLevel: PIE:  Blueprint regeneration took 316 ms (1 blueprints)
[2015.07.16-22.55.15:347][694]PIE: New page: PIE session: mainmenu_Level (Jul 16, 2015, 10:55:15 AM)
[2015.07.16-22.55.15:349][694]LogPlayLevel: Creating play world package: /Game/UEDPIE_0_mainmenu_Level
[2015.07.16-22.55.15:363][694]LogPlayLevel: PIE: StaticDuplicateObject took: (0.014045s)
[2015.07.16-22.55.15:366][694]LogAIModule: Creating AISystem for world mainmenu_Level
[2015.07.16-22.55.15:369][694]LogPlayLevel: PIE: World Init took: (0.005417s)
[2015.07.16-22.55.15:369][694]LogPlayLevel: PIE: Created PIE world by copying editor world from /Game/mainmenu_Level.mainmenu_Level to /Game/UEDPIE_0_mainmenu_Level.mainmenu_Level (0.020145s)
[2015.07.16-22.55.15:459][694]LogInit: XAudio2 using 'Speaker/HP (Realtek High Definition Audio)' : 2 channels at 48 kHz using 32 bits per sample (channel mask 0x3)
[2015.07.16-22.55.15:500][694]LogInit: FAudioDevice initialized.
[2015.07.16-22.55.15:650][694]LogWorld: Game class is 'GameMode'
[2015.07.16-22.55.15:661][694]LogWorld: Bringing World /Game/UEDPIE_0_mainmenu_Level.mainmenu_Level up for play (max tick rate 60) at 2015.07.16-16.55.15
[2015.07.16-22.55.15:661][694]LogActor:Warning: GameSession /Game/UEDPIE_0_mainmenu_Level.mainmenu_Level:PersistentLevel.GameSession_1 has natively added scene component(s), but none of them were set as the actor's RootComponent - picking one arbitrarily
[2015.07.16-22.55.15:665][694]LogActor:Warning: GameNetworkManager /Game/UEDPIE_0_mainmenu_Level.mainmenu_Level:PersistentLevel.GameNetworkManager_1 has natively added scene component(s), but none of them were set as the actor's RootComponent - picking one arbitrarily
[2015.07.16-22.55.15:666][694]LogWorld: Bringing up level for play took: 0.006696
[2015.07.16-22.55.15:751][694]PIE: Info Play in editor start time for /Game/UEDPIE_0_mainmenu_Level 0.508
[2015.07.16-22.55.20:057][793]LogPackageName: SearchForPackageOnDisk took   0.368s to resolve NewMap.umap
[2015.07.16-22.55.20:479][793]LogPackageName: SearchForPackageOnDisk took   0.354s to resolve NewMap.umap
[2015.07.16-22.55.20:479][793]LogNet: Browse: /Game/NewMap
[2015.07.16-22.55.20:500][793]LogLoad: LoadMap: /Game/NewMap
[2015.07.16-22.55.20:683][793]LogParticles: Destroying 0 GPU particle simulations for FXSystem 0x000000DF4867ECA0
[2015.07.16-22.55.20:697][793]Cmd: MEM
[2015.07.16-22.55.20:958][793]LogMemory: Platform Memory Stats for Windows
[2015.07.16-22.55.20:958][793]LogMemory: Process Physical Memory: 457.12 MB used, 458.07 MB peak
[2015.07.16-22.55.20:958][793]LogMemory: Process Virtual Memory: 346.63 MB used, 351.53 MB peak
[2015.07.16-22.55.20:958][793]LogMemory: Physical Memory: 2667.73 MB used, 3528.98 MB total
[2015.07.16-22.55.20:958][793]LogMemory: Virtual Memory: 935.00 MB used, 134217728.00 MB total
[2015.07.16-22.55.20:985][793]LogMemory: 
[2015.07.16-22.55.20:985][793]Allocator Stats for TBB: (not implemented)
[2015.07.16-22.55.26:661][793]LogAIModule: Creating AISystem for world NewMap
[2015.07.16-22.55.26:671][793]LogWorld: Game class is 'GameMode'
[2015.07.16-22.55.27:004][793]LogWorld: Bringing World /Game/UEDPIE_0_NewMap.NewMap up for play (max tick rate 60) at 2015.07.16-16.55.27
[2015.07.16-22.55.27:004][793]LogActor:Warning: GameSession /Game/UEDPIE_0_NewMap.NewMap:PersistentLevel.GameSession_2 has natively added scene component(s), but none of them were set as the actor's RootComponent - picking one arbitrarily
[2015.07.16-22.55.27:017][793]LogActor:Warning: GameNetworkManager /Game/UEDPIE_0_NewMap.NewMap:PersistentLevel.GameNetworkManager_2 has natively added scene component(s), but none of them were set as the actor's RootComponent - picking one arbitrarily
[2015.07.16-22.55.27:031][793]LogWorld: Bringing up level for play took: 0.350906
[2015.07.16-22.55.45:075][165]LogParticles: Destroying 0 GPU particle simulations for FXSystem 0x000000DF467A8B80
[2015.07.16-22.57.53:592][745]LogWindowsTextInputMethodSystem:Display: IME system now deactivated.
[2015.07.16-22.57.54:888][746]Cmd: QUIT_EDITOR
[2015.07.16-22.57.57:542][746]LogExit: Preparing to exit.
[2015.07.16-22.57.57:778][746]LogExit: Editor shut down
[2015.07.16-22.57.57:780][746]LogExit: Transaction tracking system shut down
[2015.07.16-22.57.57:783][746]LogParticles: Destroying 0 GPU particle simulations for FXSystem 0x000000DF4867E340
[2015.07.16-22.57.57:784][746]LogParticles: Destroying 0 GPU particle simulations for FXSystem 0x000000DF470DB060
[2015.07.16-22.57.57:784][746]LogParticles: Destroying 0 GPU particle simulations for FXSystem 0x000000DF47240860
[2015.07.16-22.57.58:438][746]LogExit: Object subsystem successfully closed.
[2015.07.16-22.57.58:682][746]LogModuleManager: Shutting down and abandoning module CrashTracker (188)
[2015.07.16-22.57.58:682][746]LogModuleManager: Shutting down and abandoning module SceneOutliner (187)
[2015.07.16-22.57.58:682][746]LogModuleManager: Shutting down and abandoning module SuperSearch (186)
[2015.07.16-22.57.58:683][746]LogModuleManager: Shutting down and abandoning module WidgetCarousel (185)
[2015.07.16-22.57.58:683][746]LogModuleManager: Shutting down and abandoning module AddContentDialog (184)
[2015.07.16-22.57.58:686][746]LogModuleManager: Shutting down and abandoning module EditorWidgets (183)
[2015.07.16-22.57.58:686][746]LogModuleManager: Shutting down and abandoning module CollectionManager (182)
[2015.07.16-22.57.58:687][746]LogModuleManager: Shutting down and abandoning module StatsViewer (181)
[2015.07.16-22.57.58:687][746]LogModuleManager: Shutting down and abandoning module FoliageEdit (180)
[2015.07.16-22.57.58:687][746]LogModuleManager: Shutting down and abandoning module LandscapeEditor (179)
[2015.07.16-22.57.58:688][746]LogModuleManager: Shutting down and abandoning module ActorPickerMode (178)
[2015.07.16-22.57.58:688][746]LogModuleManager: Shutting down and abandoning module GeometryMode (177)
[2015.07.16-22.57.58:690][746]LogModuleManager: Shutting down and abandoning module TextureAlignMode (176)
[2015.07.16-22.57.58:690][746]LogModuleManager: Shutting down and abandoning module BspMode (175)
[2015.07.16-22.57.58:690][746]LogModuleManager: Shutting down and abandoning module PlacementMode (174)
[2015.07.16-22.57.58:690][746]LogModuleManager: Shutting down and abandoning module AutomationWorker (173)
[2015.07.16-22.57.58:690][746]LogModuleManager: Shutting down and abandoning module CharacterAI (172)
[2015.07.16-22.57.58:690][746]LogModuleManager: Shutting down and abandoning module SmartSnapping (171)
[2015.07.16-22.57.58:690][746]LogModuleManager: Shutting down and abandoning module ViewportSnapping (170)
[2015.07.16-22.57.58:690][746]LogModuleManager: Shutting down and abandoning module LogVisualizer (169)
[2015.07.16-22.57.58:691][746]LogModuleManager: Shutting down and abandoning module GameProjectGeneration (168)
[2015.07.16-22.57.58:691][746]LogModuleManager: Shutting down and abandoning module IntroTutorials (167)
[2015.07.16-22.57.58:692][746]LogModuleManager: Shutting down and abandoning module EditorLiveStreaming (166)
[2015.07.16-22.57.58:692][746]LogModuleManager: Shutting down and abandoning module IOSPlatformEditor (165)
[2015.07.16-22.57.58:692][746]LogModuleManager: Shutting down and abandoning module HTML5PlatformEditor (164)
[2015.07.16-22.57.58:692][746]LogModuleManager: Shutting down and abandoning module AndroidDeviceDetection (163)
[2015.07.16-22.57.58:902][746]LogModuleManager: Shutting down and abandoning module AndroidPlatformEditor (162)
[2015.07.16-22.57.58:902][746]LogModuleManager: Shutting down and abandoning module IOSRuntimeSettings (161)
[2015.07.16-22.57.58:903][746]LogModuleManager: Shutting down and abandoning module AndroidRuntimeSettings (160)
[2015.07.16-22.57.58:903][746]LogModuleManager: Shutting down and abandoning module MergeActors (159)
[2015.07.16-22.57.58:903][746]LogModuleManager: Shutting down and abandoning module SizeMap (158)
[2015.07.16-22.57.58:903][746]LogModuleManager: Shutting down and abandoning module TreeMap (157)
[2015.07.16-22.57.58:903][746]LogModuleManager: Shutting down and abandoning module ReferenceViewer (156)
[2015.07.16-22.57.58:903][746]LogModuleManager: Shutting down and abandoning module LocalizationDashboard (155)
[2015.07.16-22.57.58:903][746]LogModuleManager: Shutting down and abandoning module HardwareTargeting (154)
[2015.07.16-22.57.58:903][746]LogModuleManager: Shutting down and abandoning module DeviceProfileEditor (153)
[2015.07.16-22.57.58:903][746]LogModuleManager: Shutting down and abandoning module UndoHistory (152)
[2015.07.16-22.57.58:903][746]LogModuleManager: Shutting down and abandoning module GameplayTagsEditor (151)
[2015.07.16-22.57.58:903][746]LogModuleManager: Shutting down and abandoning module UserFeedback (150)
[2015.07.16-22.57.58:903][746]LogModuleManager: Shutting down and abandoning module XmlParser (149)
[2015.07.16-22.57.58:904][746]LogModuleManager: Shutting down and abandoning module Blutility (148)
[2015.07.16-22.57.58:904][746]LogModuleManager: Shutting down and abandoning module ProjectTargetPlatformEditor (147)
[2015.07.16-22.57.58:904][746]LogModuleManager: Shutting down and abandoning module ProjectSettingsViewer (146)
[2015.07.16-22.57.58:904][746]LogModuleManager: Shutting down and abandoning module InputBindingEditor (145)
[2015.07.16-22.57.58:905][746]LogModuleManager: Shutting down and abandoning module EditorSettingsViewer (144)
[2015.07.16-22.57.58:905][746]LogModuleManager: Shutting down and abandoning module SettingsEditor (143)
[2015.07.16-22.57.58:905][746]LogModuleManager: Shutting down and abandoning module ProjectLauncher (142)
[2015.07.16-22.57.58:905][746]LogModuleManager: Shutting down and abandoning module SessionFrontend (141)
[2015.07.16-22.57.58:905][746]LogModuleManager: Shutting down and abandoning module ProfilerClient (140)
[2015.07.16-22.57.58:905][746]LogModuleManager: Shutting down and abandoning module TargetDeviceServices (139)
[2015.07.16-22.57.58:905][746]LogModuleManager: Shutting down and abandoning module DeviceManager (138)
[2015.07.16-22.57.58:906][746]LogModuleManager: Shutting down and abandoning module AutomationController (137)
[2015.07.16-22.57.58:907][746]LogModuleManager: Shutting down and abandoning module AutomationWindow (136)
[2015.07.16-22.57.58:907][746]LogModuleManager: Shutting down and abandoning module Layers (135)
[2015.07.16-22.57.58:907][746]LogModuleManager: Shutting down and abandoning module ComponentVisualizers (134)
[2015.07.16-22.57.58:907][746]LogModuleManager: Shutting down and abandoning module DetailCustomizations (133)
[2015.07.16-22.57.58:907][746]LogModuleManager: Shutting down and abandoning module PackagesDialog (132)
[2015.07.16-22.57.58:907][746]LogModuleManager: Shutting down and abandoning module AssetRegistry (131)
[2015.07.16-22.57.59:048][746]LogModuleManager: Shutting down and abandoning module Persona (130)
[2015.07.16-22.57.59:048][746]LogModuleManager: Shutting down and abandoning module Kismet (129)
[2015.07.16-22.57.59:048][746]LogModuleManager: Shutting down and abandoning module GraphEditor (128)
[2015.07.16-22.57.59:049][746]LogModuleManager: Shutting down and abandoning module ClassViewer (127)
[2015.07.16-22.57.59:049][746]LogModuleManager: Shutting down and abandoning module Toolbox (126)
[2015.07.16-22.57.59:049][746]LogModuleManager: Shutting down and abandoning module ModuleUI (125)
[2015.07.16-22.57.59:049][746]LogModuleManager: Shutting down and abandoning module MovieSceneTools (124)
[2015.07.16-22.57.59:049][746]LogModuleManager: Shutting down and abandoning module OutputLog (123)
[2015.07.16-22.57.59:049][746]LogModuleManager: Shutting down and abandoning module GammaUI (122)
[2015.07.16-22.57.59:049][746]LogModuleManager: Shutting down and abandoning module Documentation (121)
[2015.07.16-22.57.59:049][746]LogModuleManager: Shutting down and abandoning module GameLiveStreaming (120)
[2015.07.16-22.57.59:050][746]LogModuleManager: Shutting down and abandoning module StreamingPauseRendering (119)
[2015.07.16-22.57.59:050][746]LogModuleManager: Shutting down and abandoning module AnalyticsET (118)
[2015.07.16-22.57.59:050][746]LogModuleManager: Shutting down and abandoning module Analytics (117)
[2015.07.16-22.57.59:050][746]LogModuleManager: Shutting down and abandoning module AITestSuite (116)
[2015.07.16-22.57.59:050][746]LogModuleManager: Shutting down and abandoning module GameplayDebugger (115)
[2015.07.16-22.57.59:050][746]LogModuleManager: Shutting down and abandoning module AIModule (114)
[2015.07.16-22.57.59:050][746]LogModuleManager: Shutting down and abandoning module ProfilerService (113)
[2015.07.16-22.57.59:284][746]LogModuleManager: Shutting down and abandoning module TaskGraph (112)
[2015.07.16-22.57.59:284][746]LogModuleManager: Shutting down and abandoning module SlateRemote (111)
[2015.07.16-22.57.59:284][746]LogModuleManager: Shutting down and abandoning module SteamVRController (110)
[2015.07.16-22.57.59:284][746]LogModuleManager: Shutting down and abandoning module SteamVR (109)
[2015.07.16-22.57.59:284][746]LogModuleManager: Shutting down and abandoning module ProceduralMeshComponent (108)
[2015.07.16-22.57.59:285][746]LogModuleManager: Shutting down and abandoning module OculusRift (107)
[2015.07.16-22.57.59:285][746]LogModuleManager: Shutting down and abandoning module LeapMotionController (106)
[2015.07.16-22.57.59:353][746]LogModuleManager: Shutting down and abandoning module CustomMeshComponent (105)
[2015.07.16-22.57.59:353][746]LogModuleManager: Shutting down and abandoning module CableComponent (104)
[2015.07.16-22.57.59:353][746]LogModuleManager: Shutting down and abandoning module MessagingDebugger (103)
[2015.07.16-22.57.59:353][746]LogModuleManager: Shutting down and abandoning module MediaPlayerEditor (102)
[2015.07.16-22.57.59:354][746]LogModuleManager: Shutting down and abandoning module SpeedTreeImporter (101)
[2015.07.16-22.57.59:354][746]LogModuleManager: Shutting down and abandoning module PluginBrowser (100)
[2015.07.16-22.57.59:354][746]LogModuleManager: Shutting down and abandoning module EpicSurvey (99)
[2015.07.16-22.57.59:354][746]LogModuleManager: Shutting down and abandoning module DesktopPlatform (98)
[2015.07.16-22.57.59:354][746]LogModuleManager: Shutting down and abandoning module VisualStudioSourceCodeAccess (97)
[2015.07.16-22.57.59:354][746]LogModuleManager: Shutting down and abandoning module UObjectPlugin (96)
[2015.07.16-22.57.59:354][746]LogModuleManager: Shutting down and abandoning module SubversionSourceControl (95)
[2015.07.16-22.57.59:354][746]LogModuleManager: Shutting down and abandoning module PerforceSourceControl (94)
[2015.07.16-22.57.59:354][746]LogModuleManager: Shutting down and abandoning module SourceControl (93)
[2015.07.16-22.57.59:355][746]LogModuleManager: Shutting down and abandoning module GitSourceControl (92)
[2015.07.16-22.57.59:355][746]LogModuleManager: Shutting down and abandoning module BlankPlugin (91)
[2015.07.16-22.57.59:355][746]LogModuleManager: Shutting down and abandoning module PaperTiledImporter (90)
[2015.07.16-22.57.59:355][746]LogModuleManager: Shutting down and abandoning module PaperSpriteSheetImporter (89)
[2015.07.16-22.57.59:355][746]LogModuleManager: Shutting down and abandoning module MeshPaint (88)
[2015.07.16-22.57.59:355][746]LogModuleManager: Shutting down and abandoning module SlateReflector (87)
[2015.07.16-22.57.59:355][746]LogModuleManager: Shutting down and abandoning module DirectoryWatcher (86)
[2015.07.16-22.57.59:356][746]LogModuleManager: Shutting down and abandoning module HotReload (85)
[2015.07.16-22.57.59:356][746]LogModuleManager: Shutting down and abandoning module MainFrame (84)
[2015.07.16-22.57.59:357][746]LogModuleManager: Shutting down and abandoning module LevelEditor (83)
[2015.07.16-22.57.59:361][746]LogModuleManager: Shutting down and abandoning module ContentBrowser (82)
[2015.07.16-22.57.59:364][746]LogModuleManager: Shutting down and abandoning module Paper2DEditor (81)
[2015.07.16-22.57.59:364][746]LogModuleManager: Shutting down and abandoning module UdpMessaging (80)
[2015.07.16-22.57.59:466][746]LogModuleManager: Shutting down and abandoning module Paper2D (79)
[2015.07.16-22.57.59:466][746]LogModuleManager: Shutting down and abandoning module WindowsMoviePlayer (78)
[2015.07.16-22.57.59:476][746]LogModuleManager: Shutting down and abandoning module Media (77)
[2015.07.16-22.57.59:476][746]LogModuleManager: Shutting down and abandoning module WmfMedia (76)
[2015.07.16-22.57.59:477][746]LogModuleManager: Shutting down and abandoning module OnlineBlueprintSupport (75)
[2015.07.16-22.57.59:477][746]LogModuleManager: Shutting down and abandoning module PropertyEditor (74)
[2015.07.16-22.57.59:477][746]LogModuleManager: Shutting down and abandoning module BehaviorTreeEditor (73)
[2015.07.16-22.57.59:477][746]LogModuleManager: Shutting down and abandoning module FunctionalTesting (72)
[2015.07.16-22.57.59:477][746]LogModuleManager: Shutting down and abandoning module CollisionAnalyzer (71)
[2015.07.16-22.57.59:477][746]LogModuleManager: Shutting down and abandoning module WorkspaceMenuStructure (70)
[2015.07.16-22.57.59:478][746]LogModuleManager: Shutting down and abandoning module MessageLog (69)
[2015.07.16-22.57.59:478][746]LogModuleManager: Shutting down and abandoning module Sequencer (68)
[2015.07.16-22.57.59:478][746]LogModuleManager: Shutting down and abandoning module AssetTools (67)
[2015.07.16-22.57.59:478][746]LogModuleManager: Shutting down and abandoning module UMGEditor (66)
[2015.07.16-22.57.59:478][746]LogModuleManager: Shutting down and abandoning module UMG (65)
[2015.07.16-22.57.59:479][746]LogModuleManager: Shutting down and abandoning module Slate (64)
[2015.07.16-22.57.59:479][746]LogModuleManager: Shutting down and abandoning module EditorStyle (63)
[2015.07.16-22.57.59:493][746]LogModuleManager: Shutting down and abandoning module SessionServices (62)
[2015.07.16-22.57.59:493][746]LogModuleManager: Shutting down and abandoning module SourceCodeAccess (61)
[2015.07.16-22.57.59:494][746]LogModuleManager: Shutting down and abandoning module HeadMountedDisplay (60)
[2015.07.16-22.57.59:494][746]LogModuleManager: Shutting down and abandoning module XAudio2 (59)
[2015.07.16-22.57.59:494][746]LogModuleManager: Shutting down and abandoning module Networking (57)
[2015.07.16-22.57.59:494][746]LogModuleManager: Shutting down and abandoning module Core (56)
[2015.07.16-22.57.59:494][746]LogModuleManager: Shutting down and abandoning module KismetCompiler (55)
[2015.07.16-22.57.59:494][746]LogModuleManager: Shutting down and abandoning module PhysXFormats (54)
[2015.07.16-22.57.59:494][746]LogModuleManager: Shutting down and abandoning module MeshUtilities (53)
[2015.07.16-22.57.59:494][746]LogModuleManager: Shutting down and abandoning module DerivedDataCache (52)
[2015.07.16-22.57.59:583][746]LogDerivedDataCache: Shutdown
[2015.07.16-22.57.59:583][746]LogModuleManager: Shutting down and abandoning module ShaderFormatOpenGL (51)
[2015.07.16-22.57.59:583][746]LogModuleManager: Shutting down and abandoning module ShaderFormatD3D (50)
[2015.07.16-22.57.59:583][746]LogModuleManager: Shutting down and abandoning module MetalShaderFormat (49)
[2015.07.16-22.57.59:583][746]LogModuleManager: Shutting down and abandoning module TextureFormatUncompressed (48)
[2015.07.16-22.57.59:584][746]LogModuleManager: Shutting down and abandoning module TextureFormatPVR (47)
[2015.07.16-22.57.59:584][746]LogModuleManager: Shutting down and abandoning module TextureFormatIntelISPCTexComp (46)
[2015.07.16-22.57.59:584][746]LogModuleManager: Shutting down and abandoning module TextureFormatDXT (45)
[2015.07.16-22.57.59:584][746]LogModuleManager: Shutting down and abandoning module ImageWrapper (44)
[2015.07.16-22.57.59:584][746]LogModuleManager: Shutting down and abandoning module TextureFormatASTC (43)
[2015.07.16-22.57.59:584][746]LogModuleManager: Shutting down and abandoning module TextureFormatAndroid (42)
[2015.07.16-22.57.59:584][746]LogModuleManager: Shutting down and abandoning module AudioFormatOpus (41)
[2015.07.16-22.57.59:584][746]LogModuleManager: Shutting down and abandoning module AudioFormatOgg (40)
[2015.07.16-22.57.59:584][746]LogModuleManager: Shutting down and abandoning module AudioFormatADPCM (39)
[2015.07.16-22.57.59:584][746]LogModuleManager: Shutting down and abandoning module LinuxTargetPlatform (38)
[2015.07.16-22.57.59:584][746]LogModuleManager: Shutting down and abandoning module LinuxServerTargetPlatform (37)
[2015.07.16-22.57.59:584][746]LogModuleManager: Shutting down and abandoning module LinuxNoEditorTargetPlatform (36)
[2015.07.16-22.57.59:584][746]LogModuleManager: Shutting down and abandoning module Messaging (35)
[2015.07.16-22.57.59:585][746]LogModuleManager: Shutting down and abandoning module IOSTargetPlatform (34)
[2015.07.16-22.57.59:585][746]LogModuleManager: Shutting down and abandoning module HTML5TargetPlatform (33)
[2015.07.16-22.57.59:585][746]LogModuleManager: Shutting down and abandoning module Android_PVRTCTargetPlatform (32)
[2015.07.16-22.57.59:585][746]LogModuleManager: Shutting down and abandoning module Android_ETC2TargetPlatform (31)
[2015.07.16-22.57.59:585][746]LogModuleManager: Shutting down and abandoning module Android_ETC1TargetPlatform (30)
[2015.07.16-22.57.59:585][746]LogModuleManager: Shutting down and abandoning module Android_DXTTargetPlatform (29)
[2015.07.16-22.57.59:585][746]LogModuleManager: Shutting down and abandoning module Android_ATCTargetPlatform (28)
[2015.07.16-22.57.59:585][746]LogModuleManager: Shutting down and abandoning module Android_ASTCTargetPlatform (27)
[2015.07.16-22.57.59:585][746]LogModuleManager: Shutting down and abandoning module AndroidTargetPlatform (26)
[2015.07.16-22.57.59:585][746]LogModuleManager: Shutting down and abandoning module WindowsTargetPlatform (25)
[2015.07.16-22.57.59:585][746]LogModuleManager: Shutting down and abandoning module WindowsServerTargetPlatform (24)
[2015.07.16-22.57.59:585][746]LogModuleManager: Shutting down and abandoning module WindowsNoEditorTargetPlatform (23)
[2015.07.16-22.57.59:585][746]LogModuleManager: Shutting down and abandoning module WindowsClientTargetPlatform (22)
[2015.07.16-22.57.59:585][746]LogModuleManager: Shutting down and abandoning module DesktopTargetPlatform (21)
[2015.07.16-22.57.59:585][746]LogModuleManager: Shutting down and abandoning module TargetPlatform (20)
[2015.07.16-22.57.59:586][746]LogModuleManager: Shutting down and abandoning module InputCore (19)
[2015.07.16-22.57.59:586][746]LogModuleManager: Shutting down and abandoning module Settings (18)
[2015.07.16-22.57.59:586][746]LogModuleManager: Shutting down and abandoning module OnlineSubsystem (16)
[2015.07.16-22.57.59:586][746]LogModuleManager: Shutting down and abandoning module HTTP (15)
[2015.07.16-22.57.59:587][746]LogModuleManager: Shutting down and abandoning module ExampleDeviceProfileSelector (14)
[2015.07.16-22.57.59:587][746]LogModuleManager: Shutting down and abandoning module TextureCompressor (13)
[2015.07.16-22.57.59:587][746]LogModuleManager: Shutting down and abandoning module ShaderCore (12)
[2015.07.16-22.57.59:587][746]LogModuleManager: Shutting down and abandoning module Landscape (11)
[2015.07.16-22.57.59:587][746]LogModuleManager: Shutting down and abandoning module SlateRHIRenderer (10)
[2015.07.16-22.57.59:597][746]LogModuleManager: Shutting down and abandoning module OpenGLDrv (9)
[2015.07.16-22.57.59:597][746]LogModuleManager: Shutting down and abandoning module D3D11RHI (8)
[2015.07.16-22.57.59:597][746]LogModuleManager: Shutting down and abandoning module Renderer (7)
[2015.07.16-22.57.59:598][746]LogModuleManager: Shutting down and abandoning module Engine (6)
[2015.07.16-22.57.59:598][746]LogModuleManager: Shutting down and abandoning module CoreUObject (5)
[2015.07.16-22.57.59:598][746]LogModuleManager: Shutting down and abandoning module NetworkFile (4)
[2015.07.16-22.57.59:598][746]LogModuleManager: Shutting down and abandoning module StreamingFile (3)
[2015.07.16-22.57.59:598][746]LogModuleManager: Shutting down and abandoning module SandboxFile (2)
[2015.07.16-22.57.59:598][746]LogModuleManager: Shutting down and abandoning module PakFile (1)
[2015.07.16-22.57.59:601][746]LogExit: Exiting.
[2015.07.16-22.57.59:605][746]Log file closed, 07/16/15 16:57:59
