[2015.07.24-20.56.26:894][  0]Log file open, 07/24/15 16:56:26
[2015.07.24-20.56.26:894][  0]LogInit:Display: Running engine for game: eyes_shut
[2015.07.24-20.56.26:894][  0]LogInit:Display: RandInit(-447599638) SRandInit(-447599637).
[2015.07.24-20.56.26:894][  0]LogTaskGraph: Started task graph with 4 named threads and 7 total threads.
[2015.07.24-20.56.26:894][  0]LogStats: Stats thread started
[2015.07.24-20.56.26:894][  0]LogInit: Version: 4.8.2-2614606+++depot+UE4-Releases+4.8
[2015.07.24-20.56.26:894][  0]LogInit: API Version: 2579680
[2015.07.24-20.56.26:894][  0]LogInit: Compiled (64-bit): Jul  8 2015 23:43:41
[2015.07.24-20.56.26:894][  0]LogInit: Compiled with Visual C++: 18.00.21005.01
[2015.07.24-20.56.26:894][  0]LogInit: Build Configuration: Development
[2015.07.24-20.56.26:894][  0]LogInit: Branch Name: ++depot+UE4-Releases+4.8
[2015.07.24-20.56.26:894][  0]LogInit: Command line:  
[2015.07.24-20.56.26:894][  0]LogInit: Base directory: C:/Program Files/Epic Games/4.8/Engine/Binaries/Win64/
[2015.07.24-20.56.26:894][  0]LogInit: Rocket: 1
[2015.07.24-20.56.26:927][  0]LogInit: Using libcurl 7.41.0
[2015.07.24-20.56.26:927][  0]LogInit:  - built for x86_64-pc-win32
[2015.07.24-20.56.26:927][  0]LogInit:  - supports SSL with WinSSL
[2015.07.24-20.56.26:927][  0]LogInit:  - other features:
[2015.07.24-20.56.26:927][  0]LogInit:      CURL_VERSION_SSL
[2015.07.24-20.56.26:927][  0]LogInit:      CURL_VERSION_IPV6
[2015.07.24-20.56.26:927][  0]LogInit:      CURL_VERSION_ASYNCHDNS
[2015.07.24-20.56.26:927][  0]LogInit:      CURL_VERSION_LARGEFILE
[2015.07.24-20.56.26:927][  0]LogInit:      CURL_VERSION_IDN
[2015.07.24-20.56.26:927][  0]LogInit:  CurlRequestOptions (configurable via config and command line):
[2015.07.24-20.56.26:927][  0]LogInit:  - bVerifyPeer = true  - Libcurl will verify peer certificate
[2015.07.24-20.56.26:927][  0]LogInit:  - bUseHttpProxy = false  - Libcurl will NOT use HTTP proxy
[2015.07.24-20.56.26:927][  0]LogInit:  - bDontReuseConnections = false  - Libcurl will reuse connections
[2015.07.24-20.56.26:927][  0]LogInit:  - CertBundlePath = nullptr  - Libcurl will use whatever was configured at build time.
[2015.07.24-20.56.26:953][  0]LogOnline:Warning: No default platform service specified for OnlineSubsystem
[2015.07.24-20.56.26:995][  0]LogInit: Presizing for 0 objects not considered by GC, pre-allocating 0 bytes.
[2015.07.24-20.56.27:011][  0]LogInit: Object subsystem initialized
[2015.07.24-20.56.27:013][  0]LogConsoleResponse:Warning: Skipping Unknown console variable: 'TranslucentSortAxis = (X=0.000000,Y=-1.000000,Z=0.000000)'
[2015.07.24-20.56.27:013][  0]LogConsoleResponse:Warning:   Found in ini file 'C:/Users/Dominic/Documents/GitHub/EyesShutGame/eyes_shut/Saved/Config/Windows/Engine.ini', in section '[/Script/Engine.RendererSettings]'
[2015.07.24-20.56.27:013][  0]LogConsoleResponse:Warning: Skipping Unknown console variable: 'UIScaleRule = ShortestSide'
[2015.07.24-20.56.27:013][  0]LogConsoleResponse:Warning:   Found in ini file 'C:/Users/Dominic/Documents/GitHub/EyesShutGame/eyes_shut/Saved/Config/Windows/Engine.ini', in section '[/Script/Engine.RendererSettings]'
[2015.07.24-20.56.27:013][  0]LogConsoleResponse:Warning: Skipping Unknown console variable: 'UIScaleCurve = (EditorCurveData=(Keys=),ExternalCurve=None)'
[2015.07.24-20.56.27:013][  0]LogConsoleResponse:Warning:   Found in ini file 'C:/Users/Dominic/Documents/GitHub/EyesShutGame/eyes_shut/Saved/Config/Windows/Engine.ini', in section '[/Script/Engine.RendererSettings]'
[2015.07.24-20.56.27:013][  0]LogInit: Selected Device Profile: [Windows]
[2015.07.24-20.56.27:013][  0]LogInit: Applying CVar settings loaded from the selected device profile: [Windows]
[2015.07.24-20.56.27:027][  0]LogInit: Computer: PIOUSINQUISITOR
[2015.07.24-20.56.27:027][  0]LogInit: User: Dominic
[2015.07.24-20.56.27:027][  0]LogInit: CPU Page size=4096, Cores=4
[2015.07.24-20.56.27:027][  0]LogInit: High frequency timer resolution =3.330100 MHz
[2015.07.24-20.56.27:027][  0]LogMemory: Memory total: Physical=19.9GB (20GB approx)
[2015.07.24-20.56.27:028][  0]LogMemory: Platform Memory Stats for Windows
[2015.07.24-20.56.27:028][  0]LogMemory: Process Physical Memory: 49.19 MB used, 49.19 MB peak
[2015.07.24-20.56.27:028][  0]LogMemory: Process Virtual Memory: 22.17 MB used, 22.17 MB peak
[2015.07.24-20.56.27:028][  0]LogMemory: Physical Memory: 4492.51 MB used, 20397.11 MB total
[2015.07.24-20.56.27:028][  0]LogMemory: Virtual Memory: 295.60 MB used, 134217728.00 MB total
[2015.07.24-20.56.27:102][  0]LogTextLocalizationManager: The requested culture ('en_US') has no localization data; parent culture's ('en') localization data will be used.
[2015.07.24-20.56.27:462][  0]LogTextLocalizationManager:Warning: Loaded localization resources contain conflicting entries for (Namespace:ContentBrowser, Key:ImportAssetToolTip):
Localization Resource: (C:/Program Files/Epic Games/4.8/Engine/Content/Localization/Editor/en/Editor.locres) Source String Hash: (-630476809) Localized String: (Import to {0}...)
Localization Resource: (C:/Program Files/Epic Games/4.8/Engine/Content/Localization/Editor/en/Editor.locres) Source String Hash: (1271782899) Localized String: (Imports an asset from file to this folder.)
[2015.07.24-20.56.28:332][  0]LogD3D11RHI: Found D3D11 adapter 0: NVIDIA GeForce GTX 560 Ti   (Feature Level 11_0)
[2015.07.24-20.56.28:332][  0]LogD3D11RHI: Adapter has 973MB of dedicated video memory, 0MB of dedicated system memory, and 3071MB of shared system memory, 2 output[s]
[2015.07.24-20.56.28:338][  0]LogD3D11RHI: Found D3D11 adapter 1: Intel(R) HD Graphics 3000 (Feature Level 10_0)
[2015.07.24-20.56.28:338][  0]LogD3D11RHI: Adapter has 32MB of dedicated video memory, 0MB of dedicated system memory, and 1632MB of shared system memory, 1 output[s]
[2015.07.24-20.56.28:347][  0]LogD3D11RHI: Found D3D11 adapter 2: Microsoft Basic Render Driver (Feature Level 11_0)
[2015.07.24-20.56.28:347][  0]LogD3D11RHI: Adapter has 0MB of dedicated video memory, 0MB of dedicated system memory, and 256MB of shared system memory, 0 output[s]
[2015.07.24-20.56.28:347][  0]LogD3D11RHI: Chosen D3D11 Adapter Id = 0
[2015.07.24-20.56.28:355][  0]LogD3D11RHI: InitD3DDevice
[2015.07.24-20.56.28:355][  0]LogD3D11RHI: !Direct3DDevice
[2015.07.24-20.56.28:355][  0]LogRHI: Texture pool is 681 MB (70% of 973 MB)
[2015.07.24-20.56.28:382][  0]LogD3D11RHI: Async texture creation enabled
[2015.07.24-20.56.28:401][  0]LogShaderCompilers:Display: Using Local Shader Compiler.
[2015.07.24-20.56.30:386][  0]LogTemp:Display: Loaded TP DesktopTargetPlatform
[2015.07.24-20.56.30:422][  0]LogTemp:Display: Loaded TP WindowsClientTargetPlatform
[2015.07.24-20.56.30:482][  0]LogTemp:Display: Loaded TP WindowsNoEditorTargetPlatform
[2015.07.24-20.56.30:517][  0]LogTemp:Display: Loaded TP WindowsServerTargetPlatform
[2015.07.24-20.56.30:565][  0]LogTemp:Display: Loaded TP WindowsTargetPlatform
[2015.07.24-20.56.30:610][  0]LogTemp:Display: Loaded TP AndroidTargetPlatform
[2015.07.24-20.56.30:677][  0]LogTemp:Display: Loaded TP Android_ASTCTargetPlatform
[2015.07.24-20.56.30:736][  0]LogTemp:Display: Loaded TP Android_ATCTargetPlatform
[2015.07.24-20.56.30:794][  0]LogTemp:Display: Loaded TP Android_DXTTargetPlatform
[2015.07.24-20.56.30:829][  0]LogTemp:Display: Loaded TP Android_ETC1TargetPlatform
[2015.07.24-20.56.30:881][  0]LogTemp:Display: Loaded TP Android_ETC2TargetPlatform
[2015.07.24-20.56.30:925][  0]LogTemp:Display: Loaded TP Android_PVRTCTargetPlatform
[2015.07.24-20.56.31:027][  0]LogTemp:Display: Loaded TP IOSTargetPlatform
[2015.07.24-20.56.31:053][  0]LogTemp:Display: Loaded TP LinuxNoEditorTargetPlatform
[2015.07.24-20.56.31:084][  0]LogTemp:Display: Loaded TP LinuxServerTargetPlatform
[2015.07.24-20.56.31:117][  0]LogTemp:Display: Loaded TP LinuxTargetPlatform
[2015.07.24-20.56.31:117][  0]LogTargetPlatformManager:Display: Building Assets For Windows
[2015.07.24-20.56.31:764][  0]LogDerivedDataCache:Display: Max Cache Size: 512 MB
[2015.07.24-20.56.31:969][  0]LogDerivedDataCache: Loaded boot cache 0.20s 53MB C:/Users/Dominic/AppData/Local/UnrealEngine/4.8/DerivedDataCache/Boot.ddc.
[2015.07.24-20.56.31:969][  0]LogDerivedDataCache:Display: Loaded Boot cache: C:/Users/Dominic/AppData/Local/UnrealEngine/4.8/DerivedDataCache/Boot.ddc
[2015.07.24-20.56.31:969][  0]LogDerivedDataCache: FDerivedDataBackendGraph:  Pak pak cache file ../../../../../../Users/Dominic/Documents/GitHub/EyesShutGame/eyes_shut/DerivedDataCache/DDC.ddp not found, will not use a pak cache.
[2015.07.24-20.56.31:969][  0]LogDerivedDataCache: Unable to find inner node Pak for hierarchical cache Hierarchy.
[2015.07.24-20.56.31:970][  0]LogDerivedDataCache: FDerivedDataBackendGraph:  CompressedPak pak cache file ../../../../../../Users/Dominic/Documents/GitHub/EyesShutGame/eyes_shut/DerivedDataCache/Compressed.ddp not found, will not use a pak cache.
[2015.07.24-20.56.31:970][  0]LogDerivedDataCache: Unable to find inner node CompressedPak for hierarchical cache Hierarchy.
[2015.07.24-20.56.32:207][  0]LogDerivedDataCache:Display: Pak cache opened for reading ../../../Engine/DerivedDataCache/Compressed.ddp.
[2015.07.24-20.56.32:225][  0]LogDerivedDataCache: Using Local data cache path C:/Users/Dominic/AppData/Local/UnrealEngine/Common/DerivedDataCache: Writable
[2015.07.24-20.56.32:823][  0]LogInit: Selected Device Profile: [Windows]
[2015.07.24-20.56.33:015][  0]ImportText (ComponentSweepMultiTests): Missing closing parenthesis: (RootShapeAsset="/Engine/BasicShapes/Cube.Cube",ShapeType="TriggerCapsule",HitResult=(Time=0.50,Location=(X=-100.000015,Y=0.0,Z=100.000015),ImpactPoint=(X=-50.0,Y=0.0,Z=50.0),Normal=(X=-1.0,Y=-0.0,Z=0.0),ImpactNormal=(X=0.0,Y=0.0,Z=1.0),TraceStart=(X=-200.0,Y=0.0,Z=200.0),TraceEnd=(X=0.0,Y=0.0,Z=0.0))
[2015.07.24-20.56.33:015][  0]ImportText (LineTraceSingleByChannelTests): Missing closing parenthesis: (RootShapeAsset="/Engine/BasicShapes/Cube.Cube",HitResult=(Time=0.50,Location=(X=-100.000015,Y=0.0,Z=100.000015),ImpactPoint=(X=-50.0,Y=0.0,Z=50.0),Normal=(X=-1.0,Y=-0.0,Z=0.0),ImpactNormal=(X=0.0,Y=0.0,Z=1.0),TraceStart=(X=-200.0,Y=0.0,Z=200.0),TraceEnd=(X=0.0,Y=0.0,Z=0.0))
[2015.07.24-20.56.33:098][  0]LogMeshUtilities: No automatic mesh reduction module available
[2015.07.24-20.56.33:098][  0]LogMeshUtilities: No automatic mesh merging module available
[2015.07.24-20.56.33:968][  0]LogInit: WinSock: version 1.1 (2.2), MaxSocks=32767, MaxUdp=65467
[2015.07.24-20.56.36:702][  0]LogFMODOculus: StartupModule
[2015.07.24-20.56.36:784][  0]LogFMOD: FFMODStudioModule startup
[2015.07.24-20.56.36:785][  0]LogFMOD:  Lib path = '../../../Engine/Plugins/FMODStudio/Binaries'
[2015.07.24-20.56.36:785][  0]LogFMOD: FFMODStudioModule::LoadDll: Loading ../../../Engine/Plugins/FMODStudio/Binaries/Win64/fmodL64.dll
[2015.07.24-20.56.36:788][  0]LogFMOD: FFMODStudioModule::LoadDll: Loading ../../../Engine/Plugins/FMODStudio/Binaries/Win64/fmodstudioL64.dll
[2015.07.24-20.56.36:793][  0]LogFMOD: Loading strings bank: ../../../../../../Users/Dominic/Documents/GitHub/EyesShutGame/eyes_shut/Content/FMOD/Desktop/Master Bank.strings.bank
[2015.07.24-20.56.36:883][  0]LogFMOD: Skipping asset: bus:/
[2015.07.24-20.56.36:883][  0]LogFMOD: Constructing asset: /Game/FMOD/Banks/Master_Bank
[2015.07.24-20.56.36:925][  0]LogAssetRegistry: FAssetRegistry took 0.0115 seconds to start up
[2015.07.24-20.56.36:980][  0]LogDirectoryWatcher:Warning: Failed to begin reading directory changes for ../../../Engine/Plugins/Experimental/CharacterAI/Content/. Error: 0
[2015.07.24-20.56.36:981][  0]LogFMOD: Constructing asset: /Game/FMOD/Events/GUI/MAIN_MENU/GUI_MM_btn_Clicked
[2015.07.24-20.56.36:982][  0]LogFMOD: Constructing asset: /Game/FMOD/Events/GUI/MAIN_MENU/GUI_MM_Music
[2015.07.24-20.56.36:982][  0]LogFMOD: Skipping asset: bank:/Master Bank.strings
[2015.07.24-20.56.36:982][  0]LogFMOD: Constructing asset: /Game/FMOD/Buses/Reverb
[2015.07.24-20.56.37:075][  0]UdpMessaging: Initializing bridge on interface 0.0.0.0:0 to multicast group 230.0.0.1:6666.
[2015.07.24-20.56.37:946][  0]SourceControl: Info Source control is disabled
[2015.07.24-20.56.38:017][  0]SourceControl: Info Source control is disabled
[2015.07.24-20.56.38:046][  0]SourceControl: Info Source control is disabled
[2015.07.24-20.56.38:072][  0]SourceControl: Info Source control is disabled
[2015.07.24-20.56.38:272][  0]LogFMOD: FFMODStudioEditorModule startup
[2015.07.24-20.56.38:791][  0]LogObj: 26631 objects as part of root set at end of initial load.
[2015.07.24-20.56.38:791][  0]LogUObjectAllocator: 5474264 out of 0 bytes used by permanent object pool.
[2015.07.24-20.56.39:011][  0]LogEngine: Initializing Engine...
[2015.07.24-20.56.39:023][  0]LogHMD: Can't find Oculus library dev build: is proper Runtime installed? Version: 0.6.0.0
[2015.07.24-20.56.39:029][  0]LogHMD:Warning: SteamVR failed to initialize.  Error: 110
[2015.07.24-20.56.39:703][  0]LogAIModule: Creating AISystem for world NewWorld
[2015.07.24-20.56.39:722][  0]LogInit: XAudio2 using 'Speakers (High Definition Audio Device)' : 2 channels at 44.1 kHz using 16 bits per sample (channel mask 0x3)
[2015.07.24-20.56.39:730][  0]LogInit: FAudioDevice initialized.
[2015.07.24-20.56.39:862][  0]LogDerivedDataCache: Saved boot cache 0.13s 53MB C:/Users/Dominic/AppData/Local/UnrealEngine/4.8/DerivedDataCache/Boot.ddc.
[2015.07.24-20.56.39:911][  0]LogInit: Texture streaming: Disabled
[2015.07.24-20.56.40:011][  0]LogAnalytics: Creating configured Analytics provider AnalyticsET
[2015.07.24-20.56.40:012][  0]LogAnalytics: [UEEditor.Rocket.Release] APIServer = http://et2.epicgames.com/ET2/. AppVersion = 4.8.2-2614606+++depot+UE4-Releases+4.8
[2015.07.24-20.56.40:012][  0]LogAnalytics: [UEEditor.Rocket.Release] SetUserId 4fcd70534ff1172360103f9a3a1db6d3|9a7113778c324a5ebfbe2ee726f02543|84a57b91-18ae-458e-afbc-5b87e8cc574d
[2015.07.24-20.56.40:012][  0]LogAnalytics: [UEEditor.Rocket.Release] AnalyticsET::StartSession
[2015.07.24-20.56.40:565][  0]LogInit: Transaction tracking system initialized
[2015.07.24-20.56.41:032][  0]BlueprintLog: New page: Editor Load
[2015.07.24-20.56.43:198][  0]LogConsoleManager:Warning: Console variable 'r.VSync' wasn't set ('GameSetting' has a lower priority than 'SystemSettingsIni')
[2015.07.24-20.56.43:199][  0]LogConsoleResponse:Display: 
[2015.07.24-20.56.43:447][  0]LogCook:Display: Done creating registry. It took  0.00s.
[2015.07.24-20.56.43:936][  0]SourceControl: Info Source control is disabled
[2015.07.24-20.56.43:936][  0]Cmd: MAP LOAD FILE="../../../../../../Users/Dominic/Documents/GitHub/EyesShutGame/eyes_shut/Content/mainmenu_Level.umap" TEMPLATE=0 SHOWPROGRESS=1 FEATURELEVEL=3
[2015.07.24-20.56.43:939][  0]LightingResults: New page: Lighting Build
[2015.07.24-20.56.43:982][  0]MapCheck: New page: Map Check
[2015.07.24-20.56.43:982][  0]LightingResults: New page: Lighting Build
[2015.07.24-20.56.44:008][  0]LogParticles: Destroying 0 GPU particle simulations for FXSystem 0x0000006AF41868E0
[2015.07.24-20.56.44:602][  0]LogAIModule: Creating AISystem for world mainmenu_Level
[2015.07.24-20.56.44:608][  0]LogEditorServer: Finished looking for orphan Actors (0.000 secs)
[2015.07.24-20.56.44:612][  0]Cmd: MAP CHECKDEP NOCLEARLOG
[2015.07.24-20.56.44:782][  0]MapCheck: Info Map check complete: 0 Error(s), 0 Warning(s), took 170.204ms to complete.
[2015.07.24-20.56.44:782][  0]LogFileHelpers: Loading map 'mainmenu_Level' took 0.847
[2015.07.24-20.56.45:013][  0]LogCollectionManager: Loaded 0 collections in 0.008191 seconds
[2015.07.24-20.56.45:026][  0]LogContentBrowser: Native class hierarchy populated in 0.0131 seconds. Added 1821 classes and 314 folders.
[2015.07.24-20.56.45:163][  0]LogContentBrowser: Native class hierarchy updated for 'WidgetCarousel' in 0.0005 seconds. Added 0 classes and 0 folders.
[2015.07.24-20.56.45:283][  0]LogContentBrowser: Native class hierarchy updated for 'AddContentDialog' in 0.0012 seconds. Added 0 classes and 0 folders.
[2015.07.24-20.56.45:361][  0]LogContentBrowser: Native class hierarchy updated for 'SceneOutliner' in 0.0005 seconds. Added 1 classes and 2 folders.
[2015.07.24-20.56.45:504][  0]LogCrashTracker: Crashtracker disabled due to settings.
[2015.07.24-20.56.45:572][  0]LogD3D11RHI: InitD3DDevice
[2015.07.24-20.56.45:584][  0]LogUObjectGlobals:Warning: Failed to find object 'Class None.'
[2015.07.24-20.56.45:607][  0]LogLoad: Full Startup: 21.82 seconds (BP compile: 0.53 seconds)
[2015.07.24-20.56.46:110][  0]LogContentStreaming: Texture pool size is 0.000000MB
[2015.07.24-20.56.46:197][  0]LogContentStreaming: Texture pool size now 1000 MB
[2015.07.24-20.56.46:345][  0]LogRenderer: Reallocating scene render targets to support 1224x616 (Frame:2).
[2015.07.24-20.56.46:514][  1]LogFMOD: File has changed: ../../../../../../Users/Dominic/Documents/GitHub/EyesShutGame/eyes_shut/Content/FMOD/Desktop/Master Bank.strings.bank
[2015.07.24-20.56.46:514][  1]LogFMOD: Loading strings bank: ../../../../../../Users/Dominic/Documents/GitHub/EyesShutGame/eyes_shut/Content/FMOD/Desktop/Master Bank.strings.bank
[2015.07.24-20.56.46:584][  1]LogFMOD: Skipping asset: bus:/
[2015.07.24-20.56.46:584][  1]LogFMOD: Skipping asset: bank:/Master Bank.strings
[2015.07.24-20.56.46:600][  1]LogFMOD:Warning: e:\jk\workspace\Build__1.6rel__UE4Libs_Win\lowlevel_api\src\fmod_systemi.cpp(2615) - Output requires a sample rate of 44100Hz, resampling will occur.

[2015.07.24-20.56.46:730][  1]LogD3D11RHI: InitD3DDevice
[2015.07.24-20.56.49:413][  9]LogAssetRegistry: Asset discovery search completed in 12.4997 seconds
[2015.07.24-20.56.52:195][ 25]LogD3D11RHI: InitD3DDevice
[2015.07.24-20.56.53:553][101]LogFMOD: Creating Studio System
[2015.07.24-20.56.53:569][101]LogFMOD:Warning: e:\jk\workspace\Build__1.6rel__UE4Libs_Win\lowlevel_api\src\fmod_systemi.cpp(2615) - Output requires a sample rate of 44100Hz, resampling will occur.

[2015.07.24-20.56.53:578][101]LogFMOD: Triggering Initialized on other modules
[2015.07.24-20.56.53:578][101]LogFMOD: Loading Banks
[2015.07.24-20.56.53:681][101]BlueprintLog: New page: Pre-PIE auto-recompile
[2015.07.24-20.56.53:681][101]LogPlayLevel: [PIE] Compiling mainmenu_Level before PIE...
[2015.07.24-20.56.53:871][101]LogPlayLevel: PIE:  Blueprint regeneration took 189 ms (1 blueprints)
[2015.07.24-20.56.53:883][101]PIE: New page: PIE session: mainmenu_Level (Jul 24, 2015, 12:56:53 PM)
[2015.07.24-20.56.53:883][101]LogPlayLevel: Creating play world package: /Game/UEDPIE_0_mainmenu_Level
[2015.07.24-20.56.53:891][101]LogPlayLevel: PIE: StaticDuplicateObject took: (0.007679s)
[2015.07.24-20.56.53:894][101]LogAIModule: Creating AISystem for world mainmenu_Level
[2015.07.24-20.56.53:895][101]LogPlayLevel: PIE: World Init took: (0.003822s)
[2015.07.24-20.56.53:895][101]LogPlayLevel: PIE: Created PIE world by copying editor world from /Game/mainmenu_Level.mainmenu_Level to /Game/UEDPIE_0_mainmenu_Level.mainmenu_Level (0.011953s)
[2015.07.24-20.56.53:967][101]LogInit: XAudio2 using 'Speakers (High Definition Audio Device)' : 2 channels at 44.1 kHz using 16 bits per sample (channel mask 0x3)
[2015.07.24-20.56.53:974][101]LogInit: FAudioDevice initialized.
[2015.07.24-20.56.54:046][101]LogWorld: Game class is 'GameMode'
[2015.07.24-20.56.54:048][101]LogWorld: Bringing World /Game/UEDPIE_0_mainmenu_Level.mainmenu_Level up for play (max tick rate 0) at 2015.07.24-16.56.54
[2015.07.24-20.56.54:048][101]LogActor:Warning: GameSession /Game/UEDPIE_0_mainmenu_Level.mainmenu_Level:PersistentLevel.GameSession_0 has natively added scene component(s), but none of them were set as the actor's RootComponent - picking one arbitrarily
[2015.07.24-20.56.54:049][101]LogActor:Warning: GameNetworkManager /Game/UEDPIE_0_mainmenu_Level.mainmenu_Level:PersistentLevel.GameNetworkManager_0 has natively added scene component(s), but none of them were set as the actor's RootComponent - picking one arbitrarily
[2015.07.24-20.56.54:049][101]LogWorld: Bringing up level for play took: 0.001144
[2015.07.24-20.56.54:056][101]LogFMOD: LoadBank Master_Bank
[2015.07.24-20.56.54:058][101]PIE: Info Play in editor start time for /Game/UEDPIE_0_mainmenu_Level 0.461
[2015.07.24-20.56.54:123][102]LogFMOD:Warning: e:\jk\workspace\Build__1.6rel__UE4Libs_Win\studio_api\src\fmod_bank_loader.cpp(66) - Failed to open file '../../../../../../Users/Dominic/Documents/GitHub/EyesShutGame/eyes_shut/Content/FMOD/Desktop/Master_Bank.bank'

[2015.07.24-20.56.55:969][217]LogBlueprintUserMessages: Loading...
[2015.07.24-20.56.56:089][217]LogPackageName: SearchForPackageOnDisk took   0.120s to resolve NewMap.umap
[2015.07.24-20.56.56:221][217]LogPackageName: SearchForPackageOnDisk took   0.129s to resolve NewMap.umap
[2015.07.24-20.56.56:221][217]LogNet: Browse: /Game/NewMap
[2015.07.24-20.56.56:222][217]LogLoad: LoadMap: /Game/NewMap
[2015.07.24-20.56.56:284][217]LogParticles: Destroying 0 GPU particle simulations for FXSystem 0x0000006AE61262A0
[2015.07.24-20.56.56:284][217]Cmd: MEM
[2015.07.24-20.56.56:319][217]LogMemory: Platform Memory Stats for Windows
[2015.07.24-20.56.56:319][217]LogMemory: Process Physical Memory: 514.57 MB used, 521.80 MB peak
[2015.07.24-20.56.56:319][217]LogMemory: Process Virtual Memory: 399.80 MB used, 409.17 MB peak
[2015.07.24-20.56.56:319][217]LogMemory: Physical Memory: 4561.70 MB used, 20397.11 MB total
[2015.07.24-20.56.56:319][217]LogMemory: Virtual Memory: 1119.90 MB used, 134217728.00 MB total
[2015.07.24-20.56.56:319][217]LogMemory: 
[2015.07.24-20.56.56:319][217]Allocator Stats for TBB: (not implemented)
[2015.07.24-20.56.57:363][217]LogAIModule: Creating AISystem for world NewMap
[2015.07.24-20.56.57:373][217]LogWorld: Game class is 'GameMode'
[2015.07.24-20.56.57:381][217]LogWorld: Bringing World /Game/UEDPIE_0_NewMap.NewMap up for play (max tick rate 0) at 2015.07.24-16.56.57
[2015.07.24-20.56.57:381][217]LogActor:Warning: GameSession /Game/UEDPIE_0_NewMap.NewMap:PersistentLevel.GameSession_1 has natively added scene component(s), but none of them were set as the actor's RootComponent - picking one arbitrarily
[2015.07.24-20.56.57:381][217]LogActor:Warning: GameNetworkManager /Game/UEDPIE_0_NewMap.NewMap:PersistentLevel.GameNetworkManager_1 has natively added scene component(s), but none of them were set as the actor's RootComponent - picking one arbitrarily
[2015.07.24-20.56.57:382][217]LogWorld: Bringing up level for play took: 0.004825
[2015.07.24-20.56.57:489][220]LogFMOD:Warning: e:\jk\workspace\Build__1.6rel__UE4Libs_Win\studio_api\src\fmod_playback_instrument.cpp(1072) - Loading delay exceeded, sound may play at incorrect time

[2015.07.24-20.57.08:297][  9]LogParticles: Destroying 0 GPU particle simulations for FXSystem 0x0000006AFD22F9C0
[2015.07.24-20.57.08:759][ 29]LogEditorViewport: Clicking Background
[2015.07.24-20.57.36:857][534]LogFMOD: Loading strings bank: ../../../../../../Users/Dominic/Documents/GitHub/EyesShutGame/eyes_shut/Content/FMOD/Mobile/Master Bank.strings.bank
[2015.07.24-20.57.36:941][534]LogFMOD: Skipping asset: bus:/
[2015.07.24-20.57.36:941][534]LogFMOD: Skipping asset: bank:/Master Bank.strings
[2015.07.24-20.57.37:207][535]LogFMOD: File has changed: ../../../../../../Users/Dominic/Documents/GitHub/EyesShutGame/eyes_shut/Content/FMOD/Mobile/Master Bank.strings.bank
[2015.07.24-20.57.37:313][535]LogFMOD: Loading strings bank: ../../../../../../Users/Dominic/Documents/GitHub/EyesShutGame/eyes_shut/Content/FMOD/Mobile/Master Bank.strings.bank
[2015.07.24-20.57.37:391][535]LogFMOD: Skipping asset: bus:/
[2015.07.24-20.57.37:391][535]LogFMOD: Skipping asset: bank:/Master Bank.strings
[2015.07.24-20.57.37:401][535]LogFMOD:Warning: e:\jk\workspace\Build__1.6rel__UE4Libs_Win\lowlevel_api\src\fmod_systemi.cpp(2615) - Output requires a sample rate of 44100Hz, resampling will occur.

[2015.07.24-20.57.37:507][535]LogD3D11RHI: InitD3DDevice
[2015.07.24-20.57.39:002][702]LogD3D11RHI: InitD3DDevice
[2015.07.24-20.57.42:807][149]LogD3D11RHI: InitD3DDevice
[2015.07.24-20.57.42:938][149]LogAIModule: Creating AISystem for world NewMap
[2015.07.24-20.57.42:984][149]Cmd: MAP LOAD FILE="../../../../../../Users/Dominic/Documents/GitHub/EyesShutGame/eyes_shut/Content/NewMap.umap" TEMPLATE=0 SHOWPROGRESS=1 FEATURELEVEL=3
[2015.07.24-20.57.42:984][149]LightingResults: New page: Lighting Build
[2015.07.24-20.57.43:011][149]LoadErrors: New page: Loading map: NewMap.umap
[2015.07.24-20.57.43:011][149]MapCheck: New page: Map Check
[2015.07.24-20.57.43:011][149]LightingResults: New page: Lighting Build
[2015.07.24-20.57.43:020][149]LogParticles: Destroying 0 GPU particle simulations for FXSystem 0x0000006AE61C3CE0
[2015.07.24-20.57.43:176][149]LogAIModule: Creating AISystem for world NewMap
[2015.07.24-20.57.43:210][149]LogEditorServer: Finished looking for orphan Actors (0.000 secs)
[2015.07.24-20.57.43:234][149]Cmd: MAP CHECKDEP NOCLEARLOG
[2015.07.24-20.57.43:317][149]MapCheck: Info Map check complete: 0 Error(s), 0 Warning(s), took 83.677ms to complete.
[2015.07.24-20.57.43:317][149]LogFileHelpers: Loading map 'NewMap' took 0.334
[2015.07.24-20.57.48:501][478]LogD3D11RHI: InitD3DDevice
[2015.07.24-20.57.50:184][567]LogD3D11RHI: InitD3DDevice
[2015.07.24-20.57.50:486][582]LogD3D11RHI: InitD3DDevice
[2015.07.24-20.57.51:076][616]Cmd: CLOSE_SLATE_MAINFRAME
[2015.07.24-20.57.51:220][616]LogWindowsTextInputMethodSystem:Display: IME system now deactivated.
[2015.07.24-20.57.51:594][617]Cmd: QUIT_EDITOR
[2015.07.24-20.57.52:034][617]LogExit: Preparing to exit.
[2015.07.24-20.57.55:201][617]LogExit: Editor shut down
[2015.07.24-20.57.55:203][617]LogExit: Transaction tracking system shut down
[2015.07.24-20.57.55:207][617]LogParticles: Destroying 0 GPU particle simulations for FXSystem 0x0000006AE29C3380
[2015.07.24-20.57.55:208][617]LogParticles: Destroying 0 GPU particle simulations for FXSystem 0x0000006AE5CB9940
[2015.07.24-20.57.55:486][617]LogParticles: Destroying 0 GPU particle simulations for FXSystem 0x0000006AFD2C2020
[2015.07.24-20.57.55:486][617]LogExit: Object subsystem successfully closed.
[2015.07.24-20.57.55:511][617]LogD3D11RHI: Shutdown
[2015.07.24-20.57.55:512][617]LogD3D11RHI: CleanupD3DDevice
[2015.07.24-20.57.55:589][617]LogD3D11RHI: ~FD3D11DynamicRHI
[2015.07.24-20.57.55:632][617]LogModuleManager: Shutting down and abandoning module ExternalImagePicker (194)
[2015.07.24-20.57.55:632][617]LogModuleManager: Shutting down and abandoning module CrashTracker (193)
[2015.07.24-20.57.55:632][617]LogModuleManager: Shutting down and abandoning module SceneOutliner (192)
[2015.07.24-20.57.55:632][617]LogModuleManager: Shutting down and abandoning module SuperSearch (191)
[2015.07.24-20.57.55:632][617]LogModuleManager: Shutting down and abandoning module WidgetCarousel (190)
[2015.07.24-20.57.55:632][617]LogModuleManager: Shutting down and abandoning module AddContentDialog (189)
[2015.07.24-20.57.55:635][617]LogModuleManager: Shutting down and abandoning module EditorWidgets (188)
[2015.07.24-20.57.55:635][617]LogModuleManager: Shutting down and abandoning module CollectionManager (187)
[2015.07.24-20.57.55:635][617]LogModuleManager: Shutting down and abandoning module StatsViewer (186)
[2015.07.24-20.57.55:635][617]LogModuleManager: Shutting down and abandoning module FoliageEdit (185)
[2015.07.24-20.57.55:635][617]LogModuleManager: Shutting down and abandoning module LandscapeEditor (184)
[2015.07.24-20.57.55:635][617]LogModuleManager: Shutting down and abandoning module ActorPickerMode (183)
[2015.07.24-20.57.55:635][617]LogModuleManager: Shutting down and abandoning module GeometryMode (182)
[2015.07.24-20.57.55:635][617]LogModuleManager: Shutting down and abandoning module TextureAlignMode (181)
[2015.07.24-20.57.55:635][617]LogModuleManager: Shutting down and abandoning module BspMode (180)
[2015.07.24-20.57.55:636][617]LogModuleManager: Shutting down and abandoning module PlacementMode (179)
[2015.07.24-20.57.55:636][617]LogModuleManager: Shutting down and abandoning module AutomationWorker (178)
[2015.07.24-20.57.55:636][617]LogModuleManager: Shutting down and abandoning module CharacterAI (177)
[2015.07.24-20.57.55:636][617]LogModuleManager: Shutting down and abandoning module SmartSnapping (176)
[2015.07.24-20.57.55:636][617]LogModuleManager: Shutting down and abandoning module ViewportSnapping (175)
[2015.07.24-20.57.55:636][617]LogModuleManager: Shutting down and abandoning module LogVisualizer (174)
[2015.07.24-20.57.55:636][617]LogModuleManager: Shutting down and abandoning module GameProjectGeneration (173)
[2015.07.24-20.57.55:636][617]LogModuleManager: Shutting down and abandoning module IntroTutorials (172)
[2015.07.24-20.57.55:636][617]LogModuleManager: Shutting down and abandoning module EditorLiveStreaming (171)
[2015.07.24-20.57.55:636][617]LogModuleManager: Shutting down and abandoning module IOSPlatformEditor (170)
[2015.07.24-20.57.55:636][617]LogModuleManager: Shutting down and abandoning module HTML5PlatformEditor (169)
[2015.07.24-20.57.55:636][617]LogModuleManager: Shutting down and abandoning module AndroidDeviceDetection (168)
[2015.07.24-20.57.55:653][617]LogModuleManager: Shutting down and abandoning module AndroidPlatformEditor (167)
[2015.07.24-20.57.55:653][617]LogModuleManager: Shutting down and abandoning module IOSRuntimeSettings (166)
[2015.07.24-20.57.55:653][617]LogModuleManager: Shutting down and abandoning module AndroidRuntimeSettings (165)
[2015.07.24-20.57.55:653][617]LogModuleManager: Shutting down and abandoning module MergeActors (164)
[2015.07.24-20.57.55:653][617]LogModuleManager: Shutting down and abandoning module SizeMap (163)
[2015.07.24-20.57.55:653][617]LogModuleManager: Shutting down and abandoning module TreeMap (162)
[2015.07.24-20.57.55:653][617]LogModuleManager: Shutting down and abandoning module ReferenceViewer (161)
[2015.07.24-20.57.55:653][617]LogModuleManager: Shutting down and abandoning module LocalizationDashboard (160)
[2015.07.24-20.57.55:653][617]LogModuleManager: Shutting down and abandoning module HardwareTargeting (159)
[2015.07.24-20.57.55:653][617]LogModuleManager: Shutting down and abandoning module DeviceProfileEditor (158)
[2015.07.24-20.57.55:653][617]LogModuleManager: Shutting down and abandoning module UndoHistory (157)
[2015.07.24-20.57.55:653][617]LogModuleManager: Shutting down and abandoning module GameplayTagsEditor (156)
[2015.07.24-20.57.55:653][617]LogModuleManager: Shutting down and abandoning module UserFeedback (155)
[2015.07.24-20.57.55:653][617]LogModuleManager: Shutting down and abandoning module XmlParser (154)
[2015.07.24-20.57.55:653][617]LogModuleManager: Shutting down and abandoning module Blutility (153)
[2015.07.24-20.57.55:653][617]LogModuleManager: Shutting down and abandoning module ProjectTargetPlatformEditor (152)
[2015.07.24-20.57.55:653][617]LogModuleManager: Shutting down and abandoning module ProjectSettingsViewer (151)
[2015.07.24-20.57.55:653][617]LogModuleManager: Shutting down and abandoning module InputBindingEditor (150)
[2015.07.24-20.57.55:653][617]LogModuleManager: Shutting down and abandoning module EditorSettingsViewer (149)
[2015.07.24-20.57.55:653][617]LogModuleManager: Shutting down and abandoning module SettingsEditor (148)
[2015.07.24-20.57.55:654][617]LogModuleManager: Shutting down and abandoning module ProjectLauncher (147)
[2015.07.24-20.57.55:654][617]LogModuleManager: Shutting down and abandoning module SessionFrontend (146)
[2015.07.24-20.57.55:654][617]LogModuleManager: Shutting down and abandoning module ProfilerClient (145)
[2015.07.24-20.57.55:654][617]LogModuleManager: Shutting down and abandoning module TargetDeviceServices (144)
[2015.07.24-20.57.55:654][617]LogModuleManager: Shutting down and abandoning module DeviceManager (143)
[2015.07.24-20.57.55:654][617]LogModuleManager: Shutting down and abandoning module AutomationController (142)
[2015.07.24-20.57.55:655][617]LogModuleManager: Shutting down and abandoning module AutomationWindow (141)
[2015.07.24-20.57.55:655][617]LogModuleManager: Shutting down and abandoning module Layers (140)
[2015.07.24-20.57.55:655][617]LogModuleManager: Shutting down and abandoning module ComponentVisualizers (139)
[2015.07.24-20.57.55:655][617]LogModuleManager: Shutting down and abandoning module DetailCustomizations (138)
[2015.07.24-20.57.55:655][617]LogModuleManager: Shutting down and abandoning module PackagesDialog (137)
[2015.07.24-20.57.55:655][617]LogModuleManager: Shutting down and abandoning module Persona (136)
[2015.07.24-20.57.55:655][617]LogModuleManager: Shutting down and abandoning module Kismet (135)
[2015.07.24-20.57.55:655][617]LogModuleManager: Shutting down and abandoning module GraphEditor (134)
[2015.07.24-20.57.55:655][617]LogModuleManager: Shutting down and abandoning module ClassViewer (133)
[2015.07.24-20.57.55:655][617]LogModuleManager: Shutting down and abandoning module Toolbox (132)
[2015.07.24-20.57.55:655][617]LogModuleManager: Shutting down and abandoning module ModuleUI (131)
[2015.07.24-20.57.55:655][617]LogModuleManager: Shutting down and abandoning module MovieSceneTools (130)
[2015.07.24-20.57.55:655][617]LogModuleManager: Shutting down and abandoning module OutputLog (129)
[2015.07.24-20.57.55:655][617]LogModuleManager: Shutting down and abandoning module GammaUI (128)
[2015.07.24-20.57.55:655][617]LogModuleManager: Shutting down and abandoning module Documentation (127)
[2015.07.24-20.57.55:655][617]LogModuleManager: Shutting down and abandoning module GameLiveStreaming (126)
[2015.07.24-20.57.55:656][617]LogModuleManager: Shutting down and abandoning module StreamingPauseRendering (125)
[2015.07.24-20.57.55:656][617]LogModuleManager: Shutting down and abandoning module AnalyticsET (124)
[2015.07.24-20.57.55:656][617]LogModuleManager: Shutting down and abandoning module Analytics (123)
[2015.07.24-20.57.55:656][617]LogModuleManager: Shutting down and abandoning module AITestSuite (122)
[2015.07.24-20.57.55:657][617]LogModuleManager: Shutting down and abandoning module GameplayDebugger (121)
[2015.07.24-20.57.55:657][617]LogModuleManager: Shutting down and abandoning module AIModule (120)
[2015.07.24-20.57.55:657][617]LogModuleManager: Shutting down and abandoning module ProfilerService (119)
[2015.07.24-20.57.55:781][617]LogModuleManager: Shutting down and abandoning module TaskGraph (118)
[2015.07.24-20.57.55:781][617]LogModuleManager: Shutting down and abandoning module SubstanceEditor (117)
[2015.07.24-20.57.55:781][617]LogModuleManager: Shutting down and abandoning module SlateRemote (116)
[2015.07.24-20.57.55:781][617]LogModuleManager: Shutting down and abandoning module SteamVRController (115)
[2015.07.24-20.57.55:781][617]LogModuleManager: Shutting down and abandoning module SteamVR (114)
[2015.07.24-20.57.55:781][617]LogModuleManager: Shutting down and abandoning module ProceduralMeshComponent (113)
[2015.07.24-20.57.55:781][617]LogModuleManager: Shutting down and abandoning module OculusRift (112)
[2015.07.24-20.57.55:781][617]LogModuleManager: Shutting down and abandoning module LeapMotionController (111)
[2015.07.24-20.57.55:798][617]LogModuleManager: Shutting down and abandoning module CustomMeshComponent (110)
[2015.07.24-20.57.55:798][617]LogModuleManager: Shutting down and abandoning module CableComponent (109)
[2015.07.24-20.57.55:798][617]LogModuleManager: Shutting down and abandoning module MessagingDebugger (108)
[2015.07.24-20.57.55:798][617]LogModuleManager: Shutting down and abandoning module MediaPlayerEditor (107)
[2015.07.24-20.57.55:798][617]LogModuleManager: Shutting down and abandoning module FMODStudioEditor (106)
[2015.07.24-20.57.55:798][617]LogModuleManager: Shutting down and abandoning module SpeedTreeImporter (105)
[2015.07.24-20.57.55:798][617]LogModuleManager: Shutting down and abandoning module PluginBrowser (104)
[2015.07.24-20.57.55:798][617]LogModuleManager: Shutting down and abandoning module EpicSurvey (103)
[2015.07.24-20.57.55:798][617]LogModuleManager: Shutting down and abandoning module DesktopPlatform (102)
[2015.07.24-20.57.55:798][617]LogModuleManager: Shutting down and abandoning module VisualStudioSourceCodeAccess (101)
[2015.07.24-20.57.55:798][617]LogModuleManager: Shutting down and abandoning module UObjectPlugin (100)
[2015.07.24-20.57.55:798][617]LogModuleManager: Shutting down and abandoning module SubversionSourceControl (99)
[2015.07.24-20.57.55:798][617]LogModuleManager: Shutting down and abandoning module PerforceSourceControl (98)
[2015.07.24-20.57.55:798][617]LogModuleManager: Shutting down and abandoning module SourceControl (97)
[2015.07.24-20.57.55:798][617]LogModuleManager: Shutting down and abandoning module GitSourceControl (96)
[2015.07.24-20.57.55:798][617]LogModuleManager: Shutting down and abandoning module BlankPlugin (95)
[2015.07.24-20.57.55:798][617]LogModuleManager: Shutting down and abandoning module PaperTiledImporter (94)
[2015.07.24-20.57.55:798][617]LogModuleManager: Shutting down and abandoning module PaperSpriteSheetImporter (93)
[2015.07.24-20.57.55:798][617]LogModuleManager: Shutting down and abandoning module MeshPaint (92)
[2015.07.24-20.57.55:798][617]LogModuleManager: Shutting down and abandoning module SlateReflector (91)
[2015.07.24-20.57.55:798][617]LogModuleManager: Shutting down and abandoning module HotReload (90)
[2015.07.24-20.57.55:799][617]LogModuleManager: Shutting down and abandoning module MainFrame (89)
[2015.07.24-20.57.55:799][617]LogModuleManager: Shutting down and abandoning module LevelEditor (88)
[2015.07.24-20.57.55:800][617]LogModuleManager: Shutting down and abandoning module ContentBrowser (87)
[2015.07.24-20.57.55:801][617]LogModuleManager: Shutting down and abandoning module Paper2DEditor (86)
[2015.07.24-20.57.55:802][617]LogModuleManager: Shutting down and abandoning module UdpMessaging (85)
[2015.07.24-20.57.55:903][617]LogModuleManager: Shutting down and abandoning module SubstanceCore (84)
[2015.07.24-20.57.55:903][617]LogModuleManager: Shutting down and abandoning module DirectoryWatcher (83)
[2015.07.24-20.57.55:906][617]LogModuleManager: Shutting down and abandoning module AssetRegistry (82)
[2015.07.24-20.57.56:016][617]LogModuleManager: Shutting down and abandoning module FMODStudio (81)
[2015.07.24-20.57.56:276][617]LogModuleManager: Shutting down and abandoning module FMODStudioOculus (80)
[2015.07.24-20.57.56:276][617]LogFMODOculus: ShutdownModule
[2015.07.24-20.57.56:276][617]LogModuleManager: Shutting down and abandoning module Paper2D (79)
[2015.07.24-20.57.56:277][617]LogModuleManager: Shutting down and abandoning module WindowsMoviePlayer (78)
[2015.07.24-20.57.56:280][617]LogModuleManager: Shutting down and abandoning module Media (77)
[2015.07.24-20.57.56:280][617]LogModuleManager: Shutting down and abandoning module WmfMedia (76)
[2015.07.24-20.57.56:280][617]LogModuleManager: Shutting down and abandoning module OnlineBlueprintSupport (75)
[2015.07.24-20.57.56:280][617]LogModuleManager: Shutting down and abandoning module PropertyEditor (74)
[2015.07.24-20.57.56:280][617]LogModuleManager: Shutting down and abandoning module BehaviorTreeEditor (73)
[2015.07.24-20.57.56:280][617]LogModuleManager: Shutting down and abandoning module FunctionalTesting (72)
[2015.07.24-20.57.56:280][617]LogModuleManager: Shutting down and abandoning module CollisionAnalyzer (71)
[2015.07.24-20.57.56:280][617]LogModuleManager: Shutting down and abandoning module WorkspaceMenuStructure (70)
[2015.07.24-20.57.56:280][617]LogModuleManager: Shutting down and abandoning module MessageLog (69)
[2015.07.24-20.57.56:281][617]LogModuleManager: Shutting down and abandoning module Sequencer (68)
[2015.07.24-20.57.56:281][617]LogModuleManager: Shutting down and abandoning module AssetTools (67)
[2015.07.24-20.57.56:281][617]LogModuleManager: Shutting down and abandoning module UMGEditor (66)
[2015.07.24-20.57.56:281][617]LogModuleManager: Shutting down and abandoning module UMG (65)
[2015.07.24-20.57.56:281][617]LogModuleManager: Shutting down and abandoning module Slate (64)
[2015.07.24-20.57.56:281][617]LogModuleManager: Shutting down and abandoning module EditorStyle (63)
[2015.07.24-20.57.56:285][617]LogModuleManager: Shutting down and abandoning module SessionServices (62)
[2015.07.24-20.57.56:285][617]LogModuleManager: Shutting down and abandoning module SourceCodeAccess (61)
[2015.07.24-20.57.56:285][617]LogModuleManager: Shutting down and abandoning module HeadMountedDisplay (60)
[2015.07.24-20.57.56:285][617]LogModuleManager: Shutting down and abandoning module XAudio2 (59)
[2015.07.24-20.57.56:285][617]LogModuleManager: Shutting down and abandoning module Networking (57)
[2015.07.24-20.57.56:285][617]LogModuleManager: Shutting down and abandoning module Core (56)
[2015.07.24-20.57.56:285][617]LogModuleManager: Shutting down and abandoning module KismetCompiler (55)
[2015.07.24-20.57.56:285][617]LogModuleManager: Shutting down and abandoning module PhysXFormats (54)
[2015.07.24-20.57.56:285][617]LogModuleManager: Shutting down and abandoning module MeshUtilities (53)
[2015.07.24-20.57.56:285][617]LogModuleManager: Shutting down and abandoning module DerivedDataCache (52)
[2015.07.24-20.57.56:785][617]LogDerivedDataCache: Shutdown
[2015.07.24-20.57.56:785][617]LogModuleManager: Shutting down and abandoning module ShaderFormatOpenGL (51)
[2015.07.24-20.57.56:785][617]LogModuleManager: Shutting down and abandoning module ShaderFormatD3D (50)
[2015.07.24-20.57.56:785][617]LogModuleManager: Shutting down and abandoning module MetalShaderFormat (49)
[2015.07.24-20.57.56:785][617]LogModuleManager: Shutting down and abandoning module TextureFormatUncompressed (48)
[2015.07.24-20.57.56:785][617]LogModuleManager: Shutting down and abandoning module TextureFormatPVR (47)
[2015.07.24-20.57.56:785][617]LogModuleManager: Shutting down and abandoning module TextureFormatIntelISPCTexComp (46)
[2015.07.24-20.57.56:785][617]LogModuleManager: Shutting down and abandoning module TextureFormatDXT (45)
[2015.07.24-20.57.56:785][617]LogModuleManager: Shutting down and abandoning module ImageWrapper (44)
[2015.07.24-20.57.56:785][617]LogModuleManager: Shutting down and abandoning module TextureFormatASTC (43)
[2015.07.24-20.57.56:785][617]LogModuleManager: Shutting down and abandoning module TextureFormatAndroid (42)
[2015.07.24-20.57.56:785][617]LogModuleManager: Shutting down and abandoning module AudioFormatOpus (41)
[2015.07.24-20.57.56:785][617]LogModuleManager: Shutting down and abandoning module AudioFormatOgg (40)
[2015.07.24-20.57.56:786][617]LogModuleManager: Shutting down and abandoning module AudioFormatADPCM (39)
[2015.07.24-20.57.56:786][617]LogModuleManager: Shutting down and abandoning module LinuxTargetPlatform (38)
[2015.07.24-20.57.56:786][617]LogModuleManager: Shutting down and abandoning module LinuxServerTargetPlatform (37)
[2015.07.24-20.57.56:786][617]LogModuleManager: Shutting down and abandoning module LinuxNoEditorTargetPlatform (36)
[2015.07.24-20.57.56:786][617]LogModuleManager: Shutting down and abandoning module Messaging (35)
[2015.07.24-20.57.56:786][617]LogModuleManager: Shutting down and abandoning module IOSTargetPlatform (34)
[2015.07.24-20.57.56:786][617]LogModuleManager: Shutting down and abandoning module HTML5TargetPlatform (33)
[2015.07.24-20.57.56:786][617]LogModuleManager: Shutting down and abandoning module Android_PVRTCTargetPlatform (32)
[2015.07.24-20.57.56:786][617]LogModuleManager: Shutting down and abandoning module Android_ETC2TargetPlatform (31)
[2015.07.24-20.57.56:786][617]LogModuleManager: Shutting down and abandoning module Android_ETC1TargetPlatform (30)
[2015.07.24-20.57.56:786][617]LogModuleManager: Shutting down and abandoning module Android_DXTTargetPlatform (29)
[2015.07.24-20.57.56:786][617]LogModuleManager: Shutting down and abandoning module Android_ATCTargetPlatform (28)
[2015.07.24-20.57.56:786][617]LogModuleManager: Shutting down and abandoning module Android_ASTCTargetPlatform (27)
[2015.07.24-20.57.56:786][617]LogModuleManager: Shutting down and abandoning module AndroidTargetPlatform (26)
[2015.07.24-20.57.56:786][617]LogModuleManager: Shutting down and abandoning module WindowsTargetPlatform (25)
[2015.07.24-20.57.56:786][617]LogModuleManager: Shutting down and abandoning module WindowsServerTargetPlatform (24)
[2015.07.24-20.57.56:786][617]LogModuleManager: Shutting down and abandoning module WindowsNoEditorTargetPlatform (23)
[2015.07.24-20.57.56:787][617]LogModuleManager: Shutting down and abandoning module WindowsClientTargetPlatform (22)
[2015.07.24-20.57.56:787][617]LogModuleManager: Shutting down and abandoning module DesktopTargetPlatform (21)
[2015.07.24-20.57.56:787][617]LogModuleManager: Shutting down and abandoning module TargetPlatform (20)
[2015.07.24-20.57.56:787][617]LogModuleManager: Shutting down and abandoning module InputCore (19)
[2015.07.24-20.57.56:787][617]LogModuleManager: Shutting down and abandoning module Settings (18)
[2015.07.24-20.57.56:787][617]LogModuleManager: Shutting down and abandoning module OnlineSubsystem (16)
[2015.07.24-20.57.56:787][617]LogModuleManager: Shutting down and abandoning module HTTP (15)
[2015.07.24-20.57.56:788][617]LogModuleManager: Shutting down and abandoning module ExampleDeviceProfileSelector (14)
[2015.07.24-20.57.56:788][617]LogModuleManager: Shutting down and abandoning module TextureCompressor (13)
[2015.07.24-20.57.56:789][617]LogModuleManager: Shutting down and abandoning module ShaderCore (12)
[2015.07.24-20.57.56:789][617]LogModuleManager: Shutting down and abandoning module Landscape (11)
[2015.07.24-20.57.56:789][617]LogModuleManager: Shutting down and abandoning module SlateRHIRenderer (10)
[2015.07.24-20.57.56:795][617]LogModuleManager: Shutting down and abandoning module OpenGLDrv (9)
[2015.07.24-20.57.56:795][617]LogModuleManager: Shutting down and abandoning module D3D11RHI (8)
[2015.07.24-20.57.56:795][617]LogModuleManager: Shutting down and abandoning module Renderer (7)
[2015.07.24-20.57.56:795][617]LogModuleManager: Shutting down and abandoning module Engine (6)
[2015.07.24-20.57.56:795][617]LogModuleManager: Shutting down and abandoning module CoreUObject (5)
[2015.07.24-20.57.56:795][617]LogModuleManager: Shutting down and abandoning module NetworkFile (4)
[2015.07.24-20.57.56:795][617]LogModuleManager: Shutting down and abandoning module StreamingFile (3)
[2015.07.24-20.57.56:795][617]LogModuleManager: Shutting down and abandoning module SandboxFile (2)
[2015.07.24-20.57.56:795][617]LogModuleManager: Shutting down and abandoning module PakFile (1)
[2015.07.24-20.57.56:796][617]LogExit: Exiting.
[2015.07.24-20.57.56:811][617]Log file closed, 07/24/15 16:57:56
