[2015.07.23-21.12.58:225][  0]Log file open, 07/23/15 15:12:58
[2015.07.23-21.12.58:225][  0]LogInit:Display: Running engine for game: eyes_shut
[2015.07.23-21.12.58:225][  0]LogInit:Display: RandInit(501522411) SRandInit(501522412).
[2015.07.23-21.12.58:225][  0]LogTaskGraph: Started task graph with 4 named threads and 7 total threads.
[2015.07.23-21.12.58:225][  0]LogStats: Stats thread started
[2015.07.23-21.12.58:225][  0]LogInit: Version: 4.8.1-2591939+++depot+UE4-Releases+4.8
[2015.07.23-21.12.58:225][  0]LogInit: API Version: 2579680
[2015.07.23-21.12.58:225][  0]LogInit: Compiled (64-bit): Jun 18 2015 11:02:04
[2015.07.23-21.12.58:225][  0]LogInit: Compiled with Visual C++: 18.00.21005.01
[2015.07.23-21.12.58:225][  0]LogInit: Build Configuration: Development
[2015.07.23-21.12.58:225][  0]LogInit: Branch Name: ++depot+UE4-Releases+4.8
[2015.07.23-21.12.58:225][  0]LogInit: Command line:  
[2015.07.23-21.12.58:225][  0]LogInit: Base directory: C:/Program Files/Epic Games/4.8/Engine/Binaries/Win64/
[2015.07.23-21.12.58:225][  0]LogInit: Rocket: 1
[2015.07.23-21.12.58:304][  0]LogInit: Using libcurl 7.41.0
[2015.07.23-21.12.58:304][  0]LogInit:  - built for x86_64-pc-win32
[2015.07.23-21.12.58:304][  0]LogInit:  - supports SSL with WinSSL
[2015.07.23-21.12.58:304][  0]LogInit:  - other features:
[2015.07.23-21.12.58:304][  0]LogInit:      CURL_VERSION_SSL
[2015.07.23-21.12.58:304][  0]LogInit:      CURL_VERSION_IPV6
[2015.07.23-21.12.58:304][  0]LogInit:      CURL_VERSION_ASYNCHDNS
[2015.07.23-21.12.58:304][  0]LogInit:      CURL_VERSION_LARGEFILE
[2015.07.23-21.12.58:304][  0]LogInit:      CURL_VERSION_IDN
[2015.07.23-21.12.58:305][  0]LogInit:  CurlRequestOptions (configurable via config and command line):
[2015.07.23-21.12.58:305][  0]LogInit:  - bVerifyPeer = true  - Libcurl will verify peer certificate
[2015.07.23-21.12.58:305][  0]LogInit:  - bUseHttpProxy = false  - Libcurl will NOT use HTTP proxy
[2015.07.23-21.12.58:305][  0]LogInit:  - bDontReuseConnections = false  - Libcurl will reuse connections
[2015.07.23-21.12.58:305][  0]LogInit:  - CertBundlePath = nullptr  - Libcurl will use whatever was configured at build time.
[2015.07.23-21.12.58:382][  0]LogOnline:Warning: No default platform service specified for OnlineSubsystem
[2015.07.23-21.12.58:472][  0]LogInit: Presizing for 0 objects not considered by GC, pre-allocating 0 bytes.
[2015.07.23-21.12.58:531][  0]LogInit: Object subsystem initialized
[2015.07.23-21.12.58:540][  0]LogConsoleResponse:Warning: Skipping Unknown console variable: 'TranslucentSortAxis = (X=0.000000,Y=-1.000000,Z=0.000000)'
[2015.07.23-21.12.58:541][  0]LogConsoleResponse:Warning:   Found in ini file 'C:/Users/Jacob/Downloads/EyesShutGame-master (1)/EyesShutGame-master/eyes_shut/Saved/Config/Windows/Engine.ini', in section '[/Script/Engine.RendererSettings]'
[2015.07.23-21.12.58:541][  0]LogConsoleResponse:Warning: Skipping Unknown console variable: 'UIScaleRule = ShortestSide'
[2015.07.23-21.12.58:541][  0]LogConsoleResponse:Warning:   Found in ini file 'C:/Users/Jacob/Downloads/EyesShutGame-master (1)/EyesShutGame-master/eyes_shut/Saved/Config/Windows/Engine.ini', in section '[/Script/Engine.RendererSettings]'
[2015.07.23-21.12.58:541][  0]LogConsoleResponse:Warning: Skipping Unknown console variable: 'UIScaleCurve = (EditorCurveData=(Keys=),ExternalCurve=None)'
[2015.07.23-21.12.58:541][  0]LogConsoleResponse:Warning:   Found in ini file 'C:/Users/Jacob/Downloads/EyesShutGame-master (1)/EyesShutGame-master/eyes_shut/Saved/Config/Windows/Engine.ini', in section '[/Script/Engine.RendererSettings]'
[2015.07.23-21.12.58:545][  0]LogInit: Selected Device Profile: [Windows]
[2015.07.23-21.12.58:545][  0]LogInit: Applying CVar settings loaded from the selected device profile: [Windows]
[2015.07.23-21.12.58:592][  0]LogInit: Computer: JACOBS-PC
[2015.07.23-21.12.58:592][  0]LogInit: User: Jacob
[2015.07.23-21.12.58:592][  0]LogInit: CPU Page size=4096, Cores=4
[2015.07.23-21.12.58:592][  0]LogInit: High frequency timer resolution =1.754522 MHz
[2015.07.23-21.12.58:593][  0]LogMemory: Memory total: Physical=3.4GB (4GB approx)
[2015.07.23-21.12.58:593][  0]LogMemory: Platform Memory Stats for Windows
[2015.07.23-21.12.58:593][  0]LogMemory: Process Physical Memory: 48.54 MB used, 48.54 MB peak
[2015.07.23-21.12.58:593][  0]LogMemory: Process Virtual Memory: 22.25 MB used, 22.25 MB peak
[2015.07.23-21.12.58:593][  0]LogMemory: Physical Memory: 1517.98 MB used, 3528.98 MB total
[2015.07.23-21.12.58:593][  0]LogMemory: Virtual Memory: 291.44 MB used, 134217728.00 MB total
[2015.07.23-21.12.58:707][  0]LogTextLocalizationManager: The requested culture ('en_US') has no localization data; parent culture's ('en') localization data will be used.
[2015.07.23-21.13.00:621][  0]LogTextLocalizationManager:Warning: Loaded localization resources contain conflicting entries for (Namespace:ContentBrowser, Key:ImportAssetToolTip):
Localization Resource: (C:/Program Files/Epic Games/4.8/Engine/Content/Localization/Editor/en/Editor.locres) Source String Hash: (-630476809) Localized String: (Import to {0}...)
Localization Resource: (C:/Program Files/Epic Games/4.8/Engine/Content/Localization/Editor/en/Editor.locres) Source String Hash: (1271782899) Localized String: (Imports an asset from file to this folder.)
[2015.07.23-21.13.04:029][  0]LogD3D11RHI: Found D3D11 adapter 0: AMD Radeon(TM) R4 Graphics (Feature Level 11_0)
[2015.07.23-21.13.04:029][  0]LogD3D11RHI: Adapter has 497MB of dedicated video memory, 0MB of dedicated system memory, and 1536MB of shared system memory, 1 output[s]
[2015.07.23-21.13.04:034][  0]LogD3D11RHI: Found D3D11 adapter 1: Microsoft Basic Render Driver (Feature Level 11_0)
[2015.07.23-21.13.04:034][  0]LogD3D11RHI: Adapter has 0MB of dedicated video memory, 0MB of dedicated system memory, and 256MB of shared system memory, 0 output[s]
[2015.07.23-21.13.04:034][  0]LogD3D11RHI: Chosen D3D11 Adapter Id = 0
[2015.07.23-21.13.04:053][  0]LogRHI: Texture pool is 348 MB (70% of 497 MB)
[2015.07.23-21.13.04:072][  0]LogD3D11RHI: Async texture creation disabled: no driver support
[2015.07.23-21.13.04:098][  0]LogShaderCompilers:Display: Using Local Shader Compiler.
[2015.07.23-21.13.09:755][  0]LogTemp:Display: Loaded TP DesktopTargetPlatform
[2015.07.23-21.13.09:835][  0]LogTemp:Display: Loaded TP WindowsClientTargetPlatform
[2015.07.23-21.13.09:913][  0]LogTemp:Display: Loaded TP WindowsNoEditorTargetPlatform
[2015.07.23-21.13.09:993][  0]LogTemp:Display: Loaded TP WindowsServerTargetPlatform
[2015.07.23-21.13.10:078][  0]LogTemp:Display: Loaded TP WindowsTargetPlatform
[2015.07.23-21.13.10:151][  0]LogTemp:Display: Loaded TP AndroidTargetPlatform
[2015.07.23-21.13.10:235][  0]LogTemp:Display: Loaded TP Android_ASTCTargetPlatform
[2015.07.23-21.13.10:318][  0]LogTemp:Display: Loaded TP Android_ATCTargetPlatform
[2015.07.23-21.13.10:400][  0]LogTemp:Display: Loaded TP Android_DXTTargetPlatform
[2015.07.23-21.13.10:483][  0]LogTemp:Display: Loaded TP Android_ETC1TargetPlatform
[2015.07.23-21.13.10:566][  0]LogTemp:Display: Loaded TP Android_ETC2TargetPlatform
[2015.07.23-21.13.10:650][  0]LogTemp:Display: Loaded TP Android_PVRTCTargetPlatform
[2015.07.23-21.13.10:903][  0]LogTemp:Display: Loaded TP IOSTargetPlatform
[2015.07.23-21.13.10:986][  0]LogTemp:Display: Loaded TP LinuxNoEditorTargetPlatform
[2015.07.23-21.13.11:067][  0]LogTemp:Display: Loaded TP LinuxServerTargetPlatform
[2015.07.23-21.13.11:160][  0]LogTemp:Display: Loaded TP LinuxTargetPlatform
[2015.07.23-21.13.11:160][  0]LogTargetPlatformManager:Display: Building Assets For Windows
[2015.07.23-21.13.12:494][  0]LogDerivedDataCache:Display: Max Cache Size: 512 MB
[2015.07.23-21.13.13:345][  0]LogDerivedDataCache: Loaded boot cache 0.85s 53MB C:/Users/Jacob/AppData/Local/UnrealEngine/4.8/DerivedDataCache/Boot.ddc.
[2015.07.23-21.13.13:345][  0]LogDerivedDataCache:Display: Loaded Boot cache: C:/Users/Jacob/AppData/Local/UnrealEngine/4.8/DerivedDataCache/Boot.ddc
[2015.07.23-21.13.13:345][  0]LogDerivedDataCache: FDerivedDataBackendGraph:  Pak pak cache file ../../../../../../Users/Jacob/Downloads/EyesShutGame-master (1)/EyesShutGame-master/eyes_shut/DerivedDataCache/DDC.ddp not found, will not use a pak cache.
[2015.07.23-21.13.13:345][  0]LogDerivedDataCache: Unable to find inner node Pak for hierarchical cache Hierarchy.
[2015.07.23-21.13.13:346][  0]LogDerivedDataCache: FDerivedDataBackendGraph:  CompressedPak pak cache file ../../../../../../Users/Jacob/Downloads/EyesShutGame-master (1)/EyesShutGame-master/eyes_shut/DerivedDataCache/Compressed.ddp not found, will not use a pak cache.
[2015.07.23-21.13.13:346][  0]LogDerivedDataCache: Unable to find inner node CompressedPak for hierarchical cache Hierarchy.
[2015.07.23-21.13.14:919][  0]LogDerivedDataCache:Display: Pak cache opened for reading ../../../Engine/DerivedDataCache/Compressed.ddp.
[2015.07.23-21.13.14:934][  0]LogDerivedDataCache: Using Local data cache path C:/Users/Jacob/AppData/Local/UnrealEngine/Common/DerivedDataCache: Writable
[2015.07.23-21.13.16:379][  0]LogInit: Selected Device Profile: [Windows]
[2015.07.23-21.13.16:964][  0]ImportText (ComponentSweepMultiTests): Missing closing parenthesis: (RootShapeAsset="/Engine/BasicShapes/Cube.Cube",ShapeType="TriggerCapsule",HitResult=(Time=0.50,Location=(X=-100.000015,Y=0.0,Z=100.000015),ImpactPoint=(X=-50.0,Y=0.0,Z=50.0),Normal=(X=-1.0,Y=-0.0,Z=0.0),ImpactNormal=(X=0.0,Y=0.0,Z=1.0),TraceStart=(X=-200.0,Y=0.0,Z=200.0),TraceEnd=(X=0.0,Y=0.0,Z=0.0))
[2015.07.23-21.13.16:967][  0]ImportText (LineTraceSingleByChannelTests): Missing closing parenthesis: (RootShapeAsset="/Engine/BasicShapes/Cube.Cube",HitResult=(Time=0.50,Location=(X=-100.000015,Y=0.0,Z=100.000015),ImpactPoint=(X=-50.0,Y=0.0,Z=50.0),Normal=(X=-1.0,Y=-0.0,Z=0.0),ImpactNormal=(X=0.0,Y=0.0,Z=1.0),TraceStart=(X=-200.0,Y=0.0,Z=200.0),TraceEnd=(X=0.0,Y=0.0,Z=0.0))
[2015.07.23-21.13.17:154][  0]LogMeshUtilities: No automatic mesh reduction module available
[2015.07.23-21.13.17:154][  0]LogMeshUtilities: No automatic mesh merging module available
[2015.07.23-21.13.19:219][  0]LogInit: WinSock: version 1.1 (2.2), MaxSocks=32767, MaxUdp=65467
[2015.07.23-21.13.24:262][  0]LogFMODOculus: StartupModule
[2015.07.23-21.13.24:440][  0]LogFMOD: FFMODStudioModule startup
[2015.07.23-21.13.24:440][  0]LogFMOD:  Lib path = '../../../Engine/Plugins/FMODStudio/Binaries'
[2015.07.23-21.13.24:440][  0]LogFMOD: FFMODStudioModule::LoadDll: Loading ../../../Engine/Plugins/FMODStudio/Binaries/Win64/fmodL64.dll
[2015.07.23-21.13.24:445][  0]LogFMOD: FFMODStudioModule::LoadDll: Loading ../../../Engine/Plugins/FMODStudio/Binaries/Win64/fmodstudioL64.dll
[2015.07.23-21.13.24:456][  0]LogFMOD: Loading strings bank: ../../../../../../Users/Jacob/Downloads/EyesShutGame-master (1)/EyesShutGame-master/eyes_shut/Content/FMOD/Desktop/Master Bank.strings.bank
[2015.07.23-21.13.24:553][  0]LogFMOD: Skipping asset: bus:/
[2015.07.23-21.13.24:553][  0]LogFMOD: Constructing asset: /Game/FMOD/Banks/Master_Bank
[2015.07.23-21.13.24:640][  0]LogAssetRegistry: FAssetRegistry took 0.0123 seconds to start up
[2015.07.23-21.13.24:721][  0]LogDirectoryWatcher:Warning: Failed to begin reading directory changes for ../../../Engine/Plugins/Experimental/CharacterAI/Content/. Error: 0
[2015.07.23-21.13.24:723][  0]LogFMOD: Constructing asset: /Game/FMOD/Events/GUI/MAIN_MENU/GUI_MM_btn_Clicked
[2015.07.23-21.13.24:723][  0]LogFMOD: Constructing asset: /Game/FMOD/Events/GUI/MAIN_MENU/GUI_MM_Music
[2015.07.23-21.13.24:723][  0]LogFMOD: Skipping asset: bank:/Master Bank.strings
[2015.07.23-21.13.24:724][  0]LogFMOD: Constructing asset: /Game/FMOD/Buses/Reverb
[2015.07.23-21.13.24:804][  0]UdpMessaging: Initializing bridge on interface 0.0.0.0:0 to multicast group 230.0.0.1:6666.
[2015.07.23-21.13.26:733][  0]SourceControl: Info Source control is disabled
[2015.07.23-21.13.26:769][  0]SourceControl: Info Source control is disabled
[2015.07.23-21.13.26:832][  0]SourceControl: Info Source control is disabled
[2015.07.23-21.13.26:896][  0]SourceControl: Info Source control is disabled
[2015.07.23-21.13.27:414][  0]LogFMOD: FFMODStu