[2015.07.23-21.22.51:907][  0]Log file open, 07/23/15 15:22:51
[2015.07.23-21.22.51:907][  0]LogInit:Display: Running engine for game: eyes_shut
[2015.07.23-21.22.51:907][  0]LogInit:Display: RandInit(1542891245) SRandInit(1542891246).
[2015.07.23-21.22.51:907][  0]LogTaskGraph: Started task graph with 4 named threads and 7 total threads.
[2015.07.23-21.22.51:907][  0]LogStats: Stats thread started
[2015.07.23-21.22.51:907][  0]LogInit: Version: 4.8.1-2591939+++depot+UE4-Releases+4.8
[2015.07.23-21.22.51:907][  0]LogInit: API Version: 2579680
[2015.07.23-21.22.51:907][  0]LogInit: Compiled (64-bit): Jun 18 2015 11:02:04
[2015.07.23-21.22.51:908][  0]LogInit: Compiled with Visual C++: 18.00.21005.01
[2015.07.23-21.22.51:908][  0]LogInit: Build Configuration: Development
[2015.07.23-21.22.51:908][  0]LogInit: Branch Name: ++depot+UE4-Releases+4.8
[2015.07.23-21.22.51:908][  0]LogInit: Command line:  
[2015.07.23-21.22.51:908][  0]LogInit: Base directory: C:/Program Files/Epic Games/4.8/Engine/Binaries/Win64/
[2015.07.23-21.22.51:908][  0]LogInit: Rocket: 1
[2015.07.23-21.22.51:988][  0]LogInit: Using libcurl 7.41.0
[2015.07.23-21.22.51:989][  0]LogInit:  - built for x86_64-pc-win32
[2015.07.23-21.22.51:989][  0]LogInit:  - supports SSL with WinSSL
[2015.07.23-21.22.51:989][  0]LogInit:  - other features:
[2015.07.23-21.22.51:989][  0]LogInit:      CURL_VERSION_SSL
[2015.07.23-21.22.51:989][  0]LogInit:      CURL_VERSION_IPV6
[2015.07.23-21.22.51:989][  0]LogInit:      CURL_VERSION_ASYNCHDNS
[2015.07.23-21.22.51:989][  0]LogInit:      CURL_VERSION_LARGEFILE
[2015.07.23-21.22.51:989][  0]LogInit:      CURL_VERSION_IDN
[2015.07.23-21.22.51:989][  0]LogInit:  CurlRequestOptions (configurable via config and command line):
[2015.07.23-21.22.51:989][  0]LogInit:  - bVerifyPeer = true  - Libcurl will verify peer certificate
[2015.07.23-21.22.51:989][  0]LogInit:  - bUseHttpProxy = false  - Libcurl will NOT use HTTP proxy
[2015.07.23-21.22.51:989][  0]LogInit:  - bDontReuseConnections = false  - Libcurl will reuse connections
[2015.07.23-21.22.51:989][  0]LogInit:  - CertBundlePath = nullptr  - Libcurl will use whatever was configured at build time.
[2015.07.23-21.22.52:058][  0]LogOnline:Warning: No default platform service specified for OnlineSubsystem
[2015.07.23-21.22.52:136][  0]LogInit: Presizing for 0 objects not considered by GC, pre-allocating 0 bytes.
[2015.07.23-21.22.52:183][  0]LogInit: Object subsystem initialized
[2015.07.23-21.22.52:191][  0]LogConsoleResponse:Warning: Skipping Unknown console variable: 'TranslucentSortAxis = (X=0.000000,Y=-1.000000,Z=0.000000)'
[2015.07.23-21.22.52:191][  0]LogConsoleResponse:Warning:   Found in ini file 'C:/Users/Jacob/Downloads/EyesShutGame-master (1)/EyesShutGame-master/eyes_shut/Saved/Config/Windows/Engine.ini', in section '[/Script/Engine.RendererSettings]'
[2015.07.23-21.22.52:191][  0]LogConsoleResponse:Warning: Skipping Unknown console variable: 'UIScaleRule = ShortestSide'
[2015.07.23-21.22.52:191][  0]LogConsoleResponse:Warning:   Found in ini file 'C:/Users/Jacob/Downloads/EyesShutGame-master (1)/EyesShutGame-master/eyes_shut/Saved/Config/Windows/Engine.ini', in section '[/Script/Engine.RendererSettings]'
[2015.07.23-21.22.52:191][  0]LogConsoleResponse:Warning: Skipping Unknown console variable: 'UIScaleCurve = (EditorCurveData=(Keys=),ExternalCurve=None)'
[2015.07.23-21.22.52:191][  0]LogConsoleResponse:Warning:   Found in ini file 'C:/Users/Jacob/Downloads/EyesShutGame-master (1)/EyesShutGame-master/eyes_shut/Saved/Config/Windows/Engine.ini', in section '[/Script/Engine.RendererSettings]'
[2015.07.23-21.22.52:195][  0]LogInit: Selected Device Profile: [Windows]
[2015.07.23-21.22.52:195][  0]LogInit: Applying CVar settings loaded from the selected device profile: [Windows]
[2015.07.23-21.22.52:234][  0]LogInit: Computer: JACOBS-PC
[2015.07.23-21.22.52:234][  0]LogInit: User: Jacob
[2015.07.23-21.22.52:234][  0]LogInit: CPU Page size=4096, Cores=4
[2015.07.23-21.22.52:234][  0]LogInit: High frequency timer resolution =1.754522 MHz
[2015.07.23-21.22.52:234][  0]LogMemory: Memory total: Physical=3.4GB (4GB approx)
[2015.07.23-21.22.52:234][  0]LogMemory: Platform Memory Stats for Windows
[2015.07.23-21.22.52:234][  0]LogMemory: Process Physical Memory: 48.72 MB used, 48.72 MB peak
[2015.07.23-21.22.52:234][  0]LogMemory: Process Virtual Memory: 22.26 MB used, 22.26 MB peak
[2015.07.23-21.22.52:235][  0]LogMemory: Physical Memory: 1552.32 MB used, 3528.98 MB total
[2015.07.23-21.22.52:235][  0]LogMemory: Virtual Memory: 291.44 MB used, 134217728.00 MB total
[2015.07.23-21.22.52:331][  0]LogTextLocalizationManager: The requested culture ('en_US') has no localization data; parent culture's ('en') localization data will be used.
[2015.07.23-21.22.53:943][  0]LogTextLocalizationManager:Warning: Loaded localization resources contain conflicting entries for (Namespace:ContentBrowser, Key:ImportAssetToolTip):
Localization Resource: (C:/Program Files/Epic Games/4.8/Engine/Content/Localization/Editor/en/Editor.locres) Source String Hash: (-630476809) Localized String: (Import to {0}...)
Localization Resource: (C:/Program Files/Epic Games/4.8/Engine/Content/Localization/Editor/en/Editor.locres) Source String Hash: (1271782899) Localized String: (Imports an asset from file to this folder.)
[2015.07.23-21.22.56:527][  0]LogD3D11RHI: Found D3D11 adapter 0: AMD Radeon(TM) R4 Graphics (Feature Level 11_0)
[2015.07.23-21.22.56:527][  0]LogD3D11RHI: Adapter has 497MB of dedicated video memory, 0MB of dedicated system memory, and 1536MB of shared system memory, 1 output[s]
[2015.07.23-21.22.56:531][  0]LogD3D11RHI: Found D3D11 adapter 1: Microsoft Basic Render Driver (Feature Level 11_0)
[2015.07.23-21.22.56:531][  0]LogD3D11RHI: Adapter has 0MB of dedicated video memory, 0MB of dedicated system memory, and 256MB of shared system memory, 0 output[s]
[2015.07.23-21.22.56:531][  0]LogD3D11RHI: Chosen D3D11 Adapter Id = 0
[2015.07.23-21.22.56:551][  0]LogRHI: Texture pool is 348 MB (70% of 497 MB)
[2015.07.23-21.22.56:570][  0]LogD3D11RHI: Async texture creation disabled: no driver support
[2015.07.23-21.22.56:593][  0]LogShaderCompilers:Display: Using Local Shader Compiler.
[2015.07.23-21.23.01:690][  0]LogTemp:Display: Loaded TP DesktopTargetPlatform
[2015.07.23-21.23.01:748][  0]LogTemp:Display: Loaded TP WindowsClientTargetPlatform
[2015.07.23-21.23.01:803][  0]LogTemp:Display: Loaded TP WindowsNoEditorTargetPlatform
[2015.07.23-21.23.01:863][  0]LogTemp:Display: Loaded TP WindowsServerTargetPlatform
[2015.07.23-21.23.01:914][  0]LogTemp:Display: Loaded TP WindowsTargetPlatform
[2015.07.23-21.23.01:975][  0]LogTemp:Display: Loaded TP AndroidTargetPlatform
[2015.07.23-21.23.02:080][  0]LogTemp:Display: Loaded TP Android_ASTCTargetPlatform
[2015.07.23-21.23.02:170][  0]LogTemp:Display: Loaded TP Android_ATCTargetPlatform
[2015.07.23-21.23.02:256][  0]LogTemp:Display: Loaded TP Android_DXTTargetPlatform
[2015.07.23-21.23.02:341][  0]LogTemp:Display: Loaded TP Android_ETC1TargetPlatform
[2015.07.23-21.23.02:426][  0]LogTemp:Display: Loaded TP Android_ETC2TargetPlatform
[2015.07.23-21.23.02:524][  0]LogTemp:Display: Loaded TP Android_PVRTCTargetPlatform
[2015.07.23-21.23.02:860][  0]LogTemp:Display: Loaded TP IOSTargetPlatform
[2015.07.23-21.23.02:947][  0]LogTemp:Display: Loaded TP LinuxNoEditorTargetPlatform
[2015.07.23-21.23.03:035][  0]LogTemp:Display: Loaded TP LinuxServerTargetPlatform
[2015.07.23-21.23.03:150][  0]LogTemp:Display: Loaded TP LinuxTargetPlatform
[2015.07.23-21.23.03:150][  0]LogTargetPlatformManager:Display: Building Assets For Windows
[2015.07.23-21.23.04:582][  0]LogDerivedDataCache:Display: Max Cache Size: 512 MB
[2015.07.23-21.23.04:798][  0]LogDerivedDataCache: Loaded boot cache 0.22s 53MB C:/Users/Jacob/AppData/Local/UnrealEngine/4.8/DerivedDataCache/Boot.ddc.
[2015.07.23-21.23.04:798][  0]LogDerivedDataCache:Display: Loaded Boot cache: C:/Users/Jacob/AppData/Local/UnrealEngine/4.8/DerivedDataCache/Boot.ddc
[2015.07.23-21.23.04:799][  0]LogDerivedDataCache: FDerivedDataBackendGraph:  Pak pak cache file ../../../../../../Users/Jacob/Downloads/EyesShutGame-master (1)/EyesShutGame-master/eyes_shut/DerivedDataCache/DDC.ddp not found, will not use a pak cache.
[2015.07.23-21.23.04:799][  0]LogDerivedDataCache: Unable to find inner node Pak for hierarchical cache Hierarchy.
[2015.07.23-21.23.04:799][  0]LogDerivedDataCache: FDerivedDataBackendGraph:  CompressedPak pak cache file ../../../../../../Users/Jacob/Downloads/EyesShutGame-master (1)/EyesShutGame-master/eyes_shut/DerivedDataCache/Compressed.ddp not found, will not use a pak cache.
[2015.07.23-21.23.04:799][  0]LogDerivedDataCache: Unable to find inner node CompressedPak for hierarchical cache Hierarchy.
[2015.07.23-21.23.06:351][  0]LogDerivedDataCache:Display: Pak cache opened for reading ../../../Engine/DerivedDataCache/Compressed.ddp.
[2015.07.23-21.23.06:367][  0]LogDerivedDataCache: Using Local data cache path C:/Users/Jacob/AppData/Local/UnrealEngine/Common/DerivedDataCache: Writable
[2015.07.23-21.23.07:904][  0]LogInit: Selected Device Profile: [Windows]
[2015.07.23-21.23.08:527][  0]ImportText (ComponentSweepMultiTests): Missing closing parenthesis: (RootShapeAsset="/Engine/BasicShapes/Cube.Cube",ShapeType="TriggerCapsule",HitResult=(Time=0.50,Location=(X=-100.000015,Y=0.0,Z=100.000015),ImpactPoint=(X=-50.0,Y=0.0,Z=50.0),Normal=(X=-1.0,Y=-0.0,Z=0.0),ImpactNormal=(X=0.0,Y=0.0,Z=1.0),TraceStart=(X=-200.0,Y=0.0,Z=200.0),TraceEnd=(X=0.0,Y=0.0,Z=0.0))
[2015.07.23-21.23.08:531][  0]ImportText (LineTraceSingleByChannelTests): Missing closing parenthesis: (RootShapeAsset="/Engine/BasicShapes/Cube.Cube",HitResult=(Time=0.50,Location=(X=-100.000015,Y=0.0,Z=100.000015),ImpactPoint=(X=-50.0,Y=0.0,Z=50.0),Normal=(X=-1.0,Y=-0.0,Z=0.0),ImpactNormal=(X=0.0,Y=0.0,Z=1.0),TraceStart=(X=-200.0,Y=0.0,Z=200.0),TraceEnd=(X=0.0,Y=0.0,Z=0.0))
[2015.07.23-21.23.08:736][  0]LogMeshUtilities: No automatic mesh reduction module available
[2015.07.23-21.23.08:736][  0]LogMeshUtilities: No automatic mesh merging module available
[2015.07.23-21.23.10:824][  0]LogInit: WinSock: version 1.1 (2.2), MaxSocks=32767, MaxUdp=65467
[2015.07.23-21.23.16:373][  0]LogFMODOculus: StartupModule
[2015.07.23-21.23.16:509][  0]LogFMOD: FFMODStudioModule startup
[2015.07.23-21.23.16:509][  0]LogFMOD:  Lib path = '../../../Engine/Plugins/FMODStudio/Binaries'
[2015.07.23-21.23.16:509][  0]LogFMOD: FFMODStudioModule::LoadDll: Loading ../../../Engine/Plugins/FMODStudio/Binaries/Win64/fmodL64.dll
[2015.07.23-21.23.16:512][  0]LogFMOD: FFMODStudioModule::LoadDll: Loading ../../../Engine/Plugins/FMODStudio/Binaries/Win64/fmodstudioL64.dll
[2015.07.23-21.23.16:519][  0]LogFMOD: Loading strings bank: ../../../../../../Users/Jacob/Downloads/EyesShutGame-master (1)/EyesShutGame-master/eyes_shut/Content/FMOD/Desktop/Master Bank.strings.bank
[2015.07.23-21.23.16:596][  0]LogFMOD: Skipping asset: bus:/
[2015.07.23-21.23.16:596][  0]LogFMOD: Constructing asset: /Game/FMOD/Banks/Master_Bank
[2015.07.23-21.23.16:683][  0]LogAssetRegistry: FAssetRegistry took 0.0124 seconds to start up
[2015.07.23-21.23.16:764][  0]LogDirectoryWatcher:Warning: Failed to begin reading directory changes for ../../../Engine/Plugins/Experimental/CharacterAI/Content/. Error: 0
[2015.07.23-21.23.16:767][  0]LogFMOD: Constructing asset: /Game/FMOD/Events/GUI/MAIN_MENU/GUI_MM_btn_Clicked
[2015.07.23-21.23.16:767][  0]LogFMOD: Constructing asset: /Game/FMOD/Events/GUI/MAIN_MENU/GUI_MM_Music
[2015.07.23-21.23.16:767][  0]LogFMOD: Skipping asset: bank:/Master Bank.strings
[2015.07.23-21.23.16:767][  0]LogFMOD: Constructing asset: /Game/FMOD/Buses/Reverb
[2015.07.23-21.23.16:847][  0]UdpMessaging: Initializing bridge on interface 0.0.0.0:0 to multicast group 230.0.0.1:6666.
[2015.07.23-21.23.18:811][  0]SourceControl: Info Source control is disabled
[2015.07.23-21.23.18:847][  0]SourceControl: Info Source control is disabled
[2015.07.23-21.23.18:914][  0]SourceControl: Info Source control is disabled
[2015.07.23-21.23.18:979][  0]SourceControl: Info Source control is disabled
[2015.07.23-21.23.19:637][  0]LogFMOD: FFMODStudioEditorModule startup
[2015.07.23-21.23.20:905][  0]LogObj: 26631 objects as part of root set at end of initial load.
[2015.07.23-21.23.20:905][  0]LogUObjectAllocator: 5474264 out of 0 bytes used by permanent object pool.
[2015.07.23-21.23.21:301][  0]LogEngine: Initializing Engine...
[2015.07.23-21.23.21:316][  0]LogHMD: Can't find Oculus library dev build: is proper Runtime installed? Version: 0.6.0.0
[2015.07.23-21.23.21:321][  0]LogHMD:Warning: SteamVR failed to initialize.  Error: 110
[2015.07.23-21.23.22:410][  0]LogAIModule: Creating AISystem for world NewWorld
[2015.07.23-21.23.22:425][  0]LogInit: XAudio2 using 'Speaker/HP (Realtek High Definition Audio)' : 2 channels at 48 kHz using 32 bits per sample (channel mask 0x3)
[2015.07.23-21.23.22:467][  0]LogInit: FAudioDevice initialized.
[2015.07.23-21.23.22:577][  0]LogDerivedDataCache: Saved boot cache 0.11s 53MB C:/Users/Jacob/AppData/Local/UnrealEngine/4.8/DerivedDataCache/Boot.ddc.
[2015.07.23-21.23.22:603][  0]LogInit: Texture streaming: Disabled
[2015.07.23-21.23.22:765][  0]LogAnalytics: Creating configured Analytics provider AnalyticsET
[2015.07.23-21.23.22:765][  0]LogAnalytics: [UEEditor.Rocket.Release] APIServer = http://et2.epicgames.com/ET2/. AppVersion = 4.8.1-2591939+++depot+UE4-Releases+4.8
[2015.07.23-21.23.22:765][  0]LogAnalytics: [UEEditor.Rocket.Release] SetUserId 68a165c64a1af2c805a855bdd8a9f365|455a0f7cba5040efb02a5e3595bcff57|0ef95104-32e8-4a86-be54-506645309f86
[2015.07.23-21.23.22:766][  0]LogAnalytics: [UEEditor.Rocket.Release] AnalyticsET::StartSession
[2015.07.23-21.23.22:918][  0]LogInit: Transaction tracking system initialized
[2015.07.23-21.23.23:811][  0]BlueprintLog: New page: Editor Load
[2015.07.23-21.23.27:628][  0]LogConsoleManager:Warning: Console variable 'r.VSync' wasn't set ('GameSetting' has a lower priority than 'SystemSettingsIni')
[2015.07.23-21.23.27:630][  0]LogConsoleResponse:Display: 
[2015.07.23-21.23.28:072][  0]LogCook:Display: Done creating registry. It took  0.00s.
[2015.07.23-21.23.28:784][  0]SourceControl: Info Source control is disabled
[2015.07.23-21.23.28:784][  0]Cmd: MAP LOAD FILE="../../../../../../Users/Jacob/Downloads/EyesShutGame-master (1)/EyesShutGame-master/eyes_shut/Content/mainmenu_Level.umap" TEMPLATE=0 SHOWPROGRESS=1 FEATURELEVEL=3
[2015.07.23-21.23.28:786][  0]LightingResults: New page: Lighting Build
[2015.07.23-21.23.28:837][  0]MapCheck: New page: Map Check
[2015.07.23-21.23.28:837][  0]LightingResults: New page: Lighting Build
[2015.07.23-21.23.28:879][  0]LogParticles: Destroying 0 GPU particle simulations for FXSystem 0x0000000E632CCB80
[2015.07.23-21.23.28:888][  0]LogLinker:Warning: Asset '../../../../../../Users/Jacob/Downloads/EyesShutGame-master (1)/EyesShutGame-master/eyes_shut/Content/mainmenu_Level.umap' has been saved with engine version newer than current and therefore can't be loaded. CurrEngineVersion: 4.8.1-2591939+++depot+UE4-Releases+4.8 AssetEngineVersion: 4.8.2-2579680+++depot+UE4-Releases+4.8
[2015.07.23-21.25.55:475][  0]LogWindowsTextInputMethodSystem:Display: IME system now deactivated.
[2015.07.23-21.25.55:481][  0]LightingResults: New page: Lighting Build
[2015.07.23-21.25.55:483][  0]LogAIModule: Creating AISystem for world NewWorld
[2015.07.23-21.25.55:487][  0]LoadErrors: New page: New Map
[2015.07.23-21.25.55:906][  0]LogCollectionManager: Loaded 0 collections in 0.012369 seconds
[2015.07.23-21.25.55:953][  0]LogContentBrowser: Native class hierarchy populated in 0.0465 seconds. Added 1821 classes and 314 folders.
[2015.07.23-21.25.56:205][  0]LogContentBrowser: Native class hierarchy updated for 'WidgetCarousel' in 0.0017 seconds. Added 0 classes and 0 folders.
[2015.07.23-21.25.56:358][  0]LogContentBrowser: Native class hierarchy updated for 'AddContentDialog' in 0.0018 seconds. Added 0 classes and 0 folders.
[2015.07.23-21.25.56:479][  0]LogContentBrowser: Native class hierarchy updated for 'SceneOutliner' in 0.0018 seconds. Added 1 classes and 2 folders.
[2015.07.23-21.25.56:698][  0]LogCrashTracker: Crashtracker disabled due to settings.
[2015.07.23-21.25.56:724][  0]LogUObjectGlobals:Warning: Failed to find object 'Class None.'
[2015.07.23-21.25.56:753][  0]LogLoad: Full Startup: 193.40 seconds (BP compile: 0.04 seconds)
[2015.07.23-21.25.56:771][  0]LogWindowsTextInputMethodSystem:Display: IME system now deactivated.
[2015.07.23-21.25.56:922][  0]LogContentStreaming: Texture pool size is 0.000000MB
[2015.07.23-21.25.57:035][  0]LogContentStreaming: Texture pool size now 200 MB
[2015.07.23-21.25.58:024][  0]LogRenderer: Reallocating scene render targets to support 736x376 (Frame:2).
[2015.07.23-21.25.58:584][  1]LogFMOD: File has changed: ../../../../../../Users/Jacob/Downloads/EyesShutGame-master (1)/EyesShutGame-master/eyes_shut/Content/FMOD/Desktop/Master Bank.strings.bank
[2015.07.23-21.25.58:584][  1]LogFMOD: Loading strings bank: ../../../../../../Users/Jacob/Downloads/EyesShutGame-master (1)/EyesShutGame-master/eyes_shut/Content/FMOD/Desktop/Master Bank.strings.bank
[2015.07.23-21.25.58:656][  1]LogFMOD: Skipping asset: bus:/
[2015.07.23-21.25.58:656][  1]LogFMOD: Skipping asset: bank:/Master Bank.strings
[2015.07.23-21.26.11:270][ 38]LogAssetRegistry: Asset discovery search completed in 174.5988 seconds
[2015.07.23-21.26.18:097][ 48]LogAIModule: Creating AISystem for world NewMap
[2015.07.23-21.26.25:682][ 48]Cmd: MAP LOAD FILE="../../../../../../Users/Jacob/Downloads/EyesShutGame-master (1)/EyesShutGame-master/eyes_shut/Content/NewMap.umap" TEMPLATE=0 SHOWPROGRESS=1 FEATURELEVEL=3
[2015.07.23-21.26.25:685][ 48]LightingResults: New page: Lighting Build
[2015.07.23-21.26.25:788][ 48]LoadErrors: New page: Loading map: NewMap.umap
[2015.07.23-21.26.25:788][ 48]MapCheck: New page: Map Check
[2015.07.23-21.26.25:789][ 48]LightingResults: New page: Lighting Build
[2015.07.23-21.26.25:892][ 48]LogParticles: Destroying 0 GPU particle simulations for FXSystem 0x0000000E568E9B20
[2015.07.23-21.26.26:549][ 48]LogAIModule: Creating AISystem for world NewMap
[2015.07.23-21.26.26:562][ 48]LogEditorServer: Finished looking for orphan Actors (0.000 secs)
[2015.07.23-21.26.26:773][ 48]Cmd: MAP CHECKDEP NOCLEARLOG
[2015.07.23-21.26.27:000][ 48]MapCheck: Info Map check complete: 0 Error(s), 0 Warning(s), took 227.086ms to complete.
[2015.07.23-21.26.27:004][ 48]LogFileHelpers: Loading map 'NewMap' took 1.355
[2015.07.23-21.26.30:995][113]LogLinker:Warning: Asset '../../../../../../Users/Jacob/Downloads/EyesShutGame-master (1)/EyesShutGame-master/eyes_shut/Content/mainmenu_Level.umap' has been saved with engine version newer than current and therefore can't be loaded. CurrEngineVersion: 4.8.1-2591939+++depot+UE4-Releases+4.8 AssetEngineVersion: 4.8.2-2579680+++depot+UE4-Releases+4.8
[2015.07.23-21.26.31:000][113]LogLinker:Warning: Asset '../../../../../../Users/Jacob/Downloads/EyesShutGame-master (1)/EyesShutGame-master/eyes_shut/Content/mainmenu_Level.umap' has been saved with engine version newer than current and therefore can't be loaded. CurrEngineVersion: 4.8.1-2591939+++depot+UE4-Releases+4.8 AssetEngineVersion: 4.8.2-2579680+++depot+UE4-Releases+4.8
[2015.07.23-21.26.31:005][113]LogLinker:Warning: Asset '../../../../../../Users/Jacob/Downloads/EyesShutGame-master (1)/EyesShutGame-master/eyes_shut/Content/mainmenu_Level.umap' has been saved with engine version newer than current and therefore can't be loaded. CurrEngineVersion: 4.8.1-2591939+++depot+UE4-Releases+4.8 AssetEngineVersion: 4.8.2-2579680+++depot+UE4-Releases+4.8
[2015.07.23-21.26.31:010][113]LogUObjectGlobals:Warning: Failed to find object 'Object /Game/mainmenu_Level.mainmenu_Level'
[2015.07.23-21.26.37:509][341]LogLinker:Warning: Asset '../../../../../../Users/Jacob/Downloads/EyesShutGame-master (1)/EyesShutGame-master/eyes_shut/Content/mainmenu_Level.umap' has been saved with engine version newer than current and therefore can't be loaded. CurrEngineVersion: 4.8.1-2591939+++depot+UE4-Releases+4.8 AssetEngineVersion: 4.8.2-2579680+++depot+UE4-Releases+4.8
[2015.07.23-21.26.37:514][341]LogLinker:Warning: Asset '../../../../../../Users/Jacob/Downloads/EyesShutGame-master (1)/EyesShutGame-master/eyes_shut/Content/mainmenu_Level.umap' has been saved with engine version newer than current and therefore can't be loaded. CurrEngineVersion: 4.8.1-2591939+++depot+UE4-Releases+4.8 AssetEngineVersion: 4.8.2-2579680+++depot+UE4-Releases+4.8
[2015.07.23-21.26.37:520][341]LogLinker:Warning: Asset '../../../../../../Users/Jacob/Downloads/EyesShutGame-master (1)/EyesShutGame-master/eyes_shut/Content/mainmenu_Level.umap' has been saved with engine version newer than current and therefore can't be loaded. CurrEngineVersion: 4.8.1-2591939+++depot+UE4-Releases+4.8 AssetEngineVersion: 4.8.2-2579680+++depot+UE4-Releases+4.8
[2015.07.23-21.26.37:523][341]LogUObjectGlobals:Warning: Failed to find object 'Object /Game/mainmenu_Level.mainmenu_Level'
[2015.07.23-21.26.38:025][358]LogLinker:Warning: Asset '../../../../../../Users/Jacob/Downloads/EyesShutGame-master (1)/EyesShutGame-master/eyes_shut/Content/mainmenu_Level.umap' has been saved with engine version newer than current and therefore can't be loaded. CurrEngineVersion: 4.8.1-2591939+++depot+UE4-Releases+4.8 AssetEngineVersion: 4.8.2-2579680+++depot+UE4-Releases+4.8
[2015.07.23-21.26.38:030][358]LogLinker:Warning: Asset '../../../../../../Users/Jacob/Downloads/EyesShutGame-master (1)/EyesShutGame-master/eyes_shut/Content/mainmenu_Level.umap' has been saved with engine version newer than current and therefore can't be loaded. CurrEngineVersion: 4.8.1-2591939+++depot+UE4-Releases+4.8 AssetEngineVersion: 4.8.2-2579680+++depot+UE4-Releases+4.8
[2015.07.23-21.26.38:036][358]LogLinker:Warning: Asset '../../../../../../Users/Jacob/Downloads/EyesShutGame-master (1)/EyesShutGame-master/eyes_shut/Content/mainmenu_Level.umap' has been saved with engine version newer than current and therefore can't be loaded. CurrEngineVersion: 4.8.1-2591939+++depot+UE4-Releases+4.8 AssetEngineVersion: 4.8.2-2579680+++depot+UE4-Releases+4.8
[2015.07.23-21.26.38:040][358]LogUObjectGlobals:Warning: Failed to find object 'Object /Game/mainmenu_Level.mainmenu_Level'
[2015.07.23-21.26.38:708][379]LogLinker:Warning: Asset '../../../../../../Users/Jacob/Downloads/EyesShutGame-master (1)/EyesShutGame-master/eyes_shut/Content/mainmenu_Level.umap' has been saved with engine version newer than current and therefore can't be loaded. CurrEngineVersion: 4.8.1-2591939+++depot+UE4-Releases+4.8 AssetEngineVersion: 4.8.2-2579680+++depot+UE4-Releases+4.8
[2015.07.23-21.26.38:714][379]LogLinker:Warning: Asset '../../../../../../Users/Jacob/Downloads/EyesShutGame-master (1)/EyesShutGame-master/eyes_shut/Content/mainmenu_Level.umap' has been saved with engine version newer than current and therefore can't be loaded. CurrEngineVersion: 4.8.1-2591939+++depot+UE4-Releases+4.8 AssetEngineVersion: 4.8.2-2579680+++depot+UE4-Releases+4.8
[2015.07.23-21.26.38:719][379]LogLinker:Warning: Asset '../../../../../../Users/Jacob/Downloads/EyesShutGame-master (1)/EyesShutGame-master/eyes_shut/Content/mainmenu_Level.umap' has been saved with engine version newer than current and therefore can't be loaded. CurrEngineVersion: 4.8.1-2591939+++depot+UE4-Releases+4.8 AssetEngineVersion: 4.8.2-2579680+++depot+UE4-Releases+4.8
[2015.07.23-21.26.38:722][379]LogUObjectGlobals:Warning: Failed to find object 'Object /Game/mainmenu_Level.mainmenu_Level'
[2015.07.23-21.26.39:910][415]LogFMOD: Creating Studio System
[2015.07.23-21.26.39:961][415]LogFMOD: Triggering Initialized on other modules
[2015.07.23-21.26.39:961][415]LogFMOD: Loading Banks
[2015.07.23-21.26.40:052][415]BlueprintLog: New page: Pre-PIE auto-recompile
[2015.07.23-21.26.40:052][415]LogPlayLevel: [PIE] Compiling NewMap before PIE...
[2015.07.23-21.26.40:448][415]LogPlayLevel: PIE:  Blueprint regeneration took 396 ms (1 blueprints)
[2015.07.23-21.26.40:458][415]PIE: New page: PIE session: NewMap (Jul 23, 2015, 9:26:40 AM)
[2015.07.23-21.26.40:460][415]LogPlayLevel: Creating play world package: /Game/UEDPIE_0_NewMap
[2015.07.23-21.26.40:489][415]LogPlayLevel: PIE: StaticDuplicateObject took: (0.028816s)
[2015.07.23-21.26.40:492][415]LogAIModule: Creating AISystem for world NewMap
[2015.07.23-21.26.40:496][415]LogPlayLevel: PIE: World Init took: (0.006652s)
[2015.07.23-21.26.40:496][415]LogPlayLevel: PIE: Created PIE world by copying editor world from /Game/NewMap.NewMap to /Game/UEDPIE_0_NewMap.NewMap (0.036279s)
[2015.07.23-21.26.40:593][415]LogInit: XAudio2 using 'Speaker/HP (Realtek High Definition Audio)' : 2 channels at 48 kHz using 32 bits per sample (channel mask 0x3)
[2015.07.23-21.26.40:611][415]LogInit: FAudioDevice initialized.
[2015.07.23-21.26.40:717][415]LogWorld: Game class is 'GameMode'
[2015.07.23-21.26.40:737][415]LogWorld: Bringing World /Game/UEDPIE_0_NewMap.NewMap up for play (max tick rate 60) at 2015.07.23-15.26.40
[2015.07.23-21.26.40:737][415]LogActor:Warning: GameSession /Game/UEDPIE_0_NewMap.NewMap:PersistentLevel.GameSession_0 has natively added scene component(s), but none of them were set as the actor's RootComponent - picking one arbitrarily
[2015.07.23-21.26.40:740][415]LogActor:Warning: GameNetworkManager /Game/UEDPIE_0_NewMap.NewMap:PersistentLevel.GameNetworkManager_0 has natively added scene component(s), but none of them were set as the actor's RootComponent - picking one arbitrarily
[2015.07.23-21.26.40:741][415]LogWorld: Bringing up level for play took: 0.012790
[2015.07.23-21.26.40:757][415]PIE: Info Play in editor start time for /Game/UEDPIE_0_NewMap 0.799
[2015.07.23-21.27.18:960][525]LogParticles: Destroying 0 GPU particle simulations for FXSystem 0x0000000E55379BC0
[2015.07.23-21.27.23:814][694]LogWindowsTextInputMethodSystem:Display: IME system now deactivated.
[2015.07.23-21.27.25:317][695]Cmd: QUIT_EDITOR
[2015.07.23-21.27.27:862][695]LogExit: Preparing to exit.
[2015.07.23-21.27.29:092][695]LogExit: Editor shut down
[2015.07.23-21.27.29:093][695]LogExit: Transaction tracking system shut down
[2015.07.23-21.27.29:095][695]LogParticles: Destroying 0 GPU particle simulations for FXSystem 0x0000000E55A4AD40
[2015.07.23-21.27.29:096][695]LogParticles: Destroying 0 GPU particle simulations for FXSystem 0x0000000E5571AF20
[2015.07.23-21.27.29:717][695]LogParticles: Destroying 0 GPU particle simulations for FXSystem 0x0000000E559B89A0
[2015.07.23-21.27.29:717][695]LogExit: Object subsystem successfully closed.
[2015.07.23-21.27.29:960][695]LogModuleManager: Shutting down and abandoning module CrashTracker (193)
[2015.07.23-21.27.29:960][695]LogModuleManager: Shutting down and abandoning module SceneOutliner (192)
[2015.07.23-21.27.29:960][695]LogModuleManager: Shutting down and abandoning module SuperSearch (191)
[2015.07.23-21.27.29:960][695]LogModuleManager: Shutting down and abandoning module WidgetCarousel (190)
[2015.07.23-21.27.29:960][695]LogModuleManager: Shutting down and abandoning module AddContentDialog (189)
[2015.07.23-21.27.29:963][695]LogModuleManager: Shutting down and abandoning module EditorWidgets (188)
[2015.07.23-21.27.29:963][695]LogModuleManager: Shutting down and abandoning module CollectionManager (187)
[2015.07.23-21.27.29:964][695]LogModuleManager: Shutting down and abandoning module StatsViewer (186)
[2015.07.23-21.27.29:964][695]LogModuleManager: Shutting down and abandoning module FoliageEdit (185)
[2015.07.23-21.27.29:964][695]LogModuleManager: Shutting down and abandoning module LandscapeEditor (184)
[2015.07.23-21.27.29:964][695]LogModuleManager: Shutting down and abandoning module ActorPickerMode (183)
[2015.07.23-21.27.29:964][695]LogModuleManager: Shutting down and abandoning module GeometryMode (182)
[2015.07.23-21.27.29:964][695]LogModuleManager: Shutting down and abandoning module TextureAlignMode (181)
[2015.07.23-21.27.29:964][695]LogModuleManager: Shutting down and abandoning module BspMode (180)
[2015.07.23-21.27.29:965][695]LogModuleManager: Shutting down and abandoning module PlacementMode (179)
[2015.07.23-21.27.29:965][695]LogModuleManager: Shutting down and abandoning module AutomationWorker (178)
[2015.07.23-21.27.29:965][695]LogModuleManager: Shutting down and abandoning module CharacterAI (177)
[2015.07.23-21.27.29:965][695]LogModuleManager: Shutting down and abandoning module SmartSnapping (176)
[2015.07.23-21.27.29:965][695]LogModuleManager: Shutting down and abandoning module ViewportSnapping (175)
[2015.07.23-21.27.29:965][695]LogModuleManager: Shutting down and abandoning module LogVisualizer (174)
[2015.07.23-21.27.29:966][695]LogModuleManager: Shutting down and abandoning module GameProjectGeneration (173)
[2015.07.23-21.27.29:967][695]LogModuleManager: Shutting down and abandoning module IntroTutorials (172)
[2015.07.23-21.27.29:967][695]LogModuleManager: Shutting down and abandoning module EditorLiveStreaming (171)
[2015.07.23-21.27.29:967][695]LogModuleManager: Shutting down and abandoning module IOSPlatformEditor (170)
[2015.07.23-21.27.29:968][695]LogModuleManager: Shutting down and abandoning module HTML5PlatformEditor (169)
[2015.07.23-21.27.29:968][695]LogModuleManager: Shutting down and abandoning module AndroidDeviceDetection (168)
[2015.07.23-21.27.30:013][695]LogModuleManager: Shutting down and abandoning module AndroidPlatformEditor (167)
[2015.07.23-21.27.30:013][695]LogModuleManager: Shutting down and abandoning module IOSRuntimeSettings (166)
[2015.07.23-21.27.30:013][695]LogModuleManager: Shutting down and abandoning module AndroidRuntimeSettings (165)
[2015.07.23-21.27.30:013][695]LogModuleManager: Shutting down and abandoning module MergeActors (164)
[2015.07.23-21.27.30:013][695]LogModuleManager: Shutting down and abandoning module SizeMap (163)
[2015.07.23-21.27.30:014][695]LogModuleManager: Shutting down and abandoning module TreeMap (162)
[2015.07.23-21.27.30:014][695]LogModuleManager: Shutting down and abandoning module ReferenceViewer (161)
[2015.07.23-21.27.30:014][695]LogModuleManager: Shutting down and abandoning module LocalizationDashboard (160)
[2015.07.23-21.27.30:014][695]LogModuleManager: Shutting down and abandoning module HardwareTargeting (159)
[2015.07.23-21.27.30:014][695]LogModuleManager: Shutting down and abandoning module DeviceProfileEditor (158)
[2015.07.23-21.27.30:014][695]LogModuleManager: Shutting down and abandoning module UndoHistory (157)
[2015.07.23-21.27.30:014][695]LogModuleManager: Shutting down and abandoning module GameplayTagsEditor (156)
[2015.07.23-21.27.30:014][695]LogModuleManager: Shutting down and abandoning module UserFeedback (155)
[2015.07.23-21.27.30:014][695]LogModuleManager: Shutting down and abandoning module XmlParser (154)
[2015.07.23-21.27.30:014][695]LogModuleManager: Shutting down and abandoning module Blutility (153)
[2015.07.23-21.27.30:015][695]LogModuleManager: Shutting down and abandoning module ProjectTargetPlatformEditor (152)
[2015.07.23-21.27.30:015][695]LogModuleManager: Shutting down and abandoning module ProjectSettingsViewer (151)
[2015.07.23-21.27.30:015][695]LogModuleManager: Shutting down and abandoning module InputBindingEditor (150)
[2015.07.23-21.27.30:016][695]LogModuleManager: Shutting down and abandoning module EditorSettingsViewer (149)
[2015.07.23-21.27.30:016][695]LogModuleManager: Shutting down and abandoning module SettingsEditor (148)
[2015.07.23-21.27.30:016][695]LogModuleManager: Shutting down and abandoning module ProjectLauncher (147)
[2015.07.23-21.27.30:016][695]LogModuleManager: Shutting down and abandoning module SessionFrontend (146)
[2015.07.23-21.27.30:016][695]LogModuleManager: Shutting down and abandoning module ProfilerClient (145)
[2015.07.23-21.27.30:016][695]LogModuleManager: Shutting down and abandoning module TargetDeviceServices (144)
[2015.07.23-21.27.30:016][695]LogModuleManager: Shutting down and abandoning module DeviceManager (143)
[2015.07.23-21.27.30:017][695]LogModuleManager: Shutting down and abandoning module AutomationController (142)
[2015.07.23-21.27.30:017][695]LogModuleManager: Shutting down and abandoning module AutomationWindow (141)
[2015.07.23-21.27.30:017][695]LogModuleManager: Shutting down and abandoning module Layers (140)
[2015.07.23-21.27.30:018][695]LogModuleManager: Shutting down and abandoning module ComponentVisualizers (139)
[2015.07.23-21.27.30:018][695]LogModuleManager: Shutting down and abandoning module DetailCustomizations (138)
[2015.07.23-21.27.30:018][695]LogModuleManager: Shutting down and abandoning module PackagesDialog (137)
[2015.07.23-21.27.30:019][695]LogModuleManager: Shutting down and abandoning module Persona (136)
[2015.07.23-21.27.30:019][695]LogModuleManager: Shutting down and abandoning module Kismet (135)
[2015.07.23-21.27.30:019][695]LogModuleManager: Shutting down and abandoning module GraphEditor (134)
[2015.07.23-21.27.30:019][695]LogModuleManager: Shutting down and abandoning module ClassViewer (133)
[2015.07.23-21.27.30:019][695]LogModuleManager: Shutting down and abandoning module Toolbox (132)
[2015.07.23-21.27.30:019][695]LogModuleManager: Shutting down and abandoning module ModuleUI (131)
[2015.07.23-21.27.30:019][695]LogModuleManager: Shutting down and abandoning module MovieSceneTools (130)
[2015.07.23-21.27.30:019][695]LogModuleManager: Shutting down and abandoning module OutputLog (129)
[2015.07.23-21.27.30:019][695]LogModuleManager: Shutting down and abandoning module GammaUI (128)
[2015.07.23-21.27.30:020][695]LogModuleManager: Shutting down and abandoning module Documentation (127)
[2015.07.23-21.27.30:020][695]LogModuleManager: Shutting down and abandoning module GameLiveStreaming (126)
[2015.07.23-21.27.30:020][695]LogModuleManager: Shutting down and abandoning module StreamingPauseRendering (125)
[2015.07.23-21.27.30:020][695]LogModuleManager: Shutting down and abandoning module AnalyticsET (124)
[2015.07.23-21.27.30:020][695]LogModuleManager: Shutting down and abandoning module Analytics (123)
[2015.07.23-21.27.30:020][695]LogModuleManager: Shutting down and abandoning module AITestSuite (122)
[2015.07.23-21.27.30:020][695]LogModuleManager: Shutting down and abandoning module GameplayDebugger (121)
[2015.07.23-21.27.30:020][695]LogModuleManager: Shutting down and abandoning module AIModule (120)
[2015.07.23-21.27.30:020][695]LogModuleManager: Shutting down and abandoning module ProfilerService (119)
[2015.07.23-21.27.30:061][695]LogModuleManager: Shutting down and abandoning module TaskGraph (118)
[2015.07.23-21.27.30:061][695]LogModuleManager: Shutting down and abandoning module SubstanceEditor (117)
[2015.07.23-21.27.30:061][695]LogModuleManager: Shutting down and abandoning module SlateRemote (116)
[2015.07.23-21.27.30:062][695]LogModuleManager: Shutting down and abandoning module SteamVRController (115)
[2015.07.23-21.27.30:062][695]LogModuleManager: Shutting down and abandoning module SteamVR (114)
[2015.07.23-21.27.30:062][695]LogModuleManager: Shutting down and abandoning module ProceduralMeshComponent (113)
[2015.07.23-21.27.30:062][695]LogModuleManager: Shutting down and abandoning module OculusRift (112)
[2015.07.23-21.27.30:062][695]LogModuleManager: Shutting down and abandoning module LeapMotionController (111)
[2015.07.23-21.27.30:108][695]LogModuleManager: Shutting down and abandoning module CustomMeshComponent (110)
[2015.07.23-21.27.30:109][695]LogModuleManager: Shutting down and abandoning module CableComponent (109)
[2015.07.23-21.27.30:109][695]LogModuleManager: Shutting down and abandoning module MessagingDebugger (108)
[2015.07.23-21.27.30:109][695]LogModuleManager: Shutting down and abandoning module MediaPlayerEditor (107)
[2015.07.23-21.27.30:109][695]LogModuleManager: Shutting down and abandoning module FMODStudioEditor (106)
[2015.07.23-21.27.30:109][695]LogModuleManager: Shutting down and abandoning module SpeedTreeImporter (105)
[2015.07.23-21.27.30:109][695]LogModuleManager: Shutting down and abandoning module PluginBrowser (104)
[2015.07.23-21.27.30:109][695]LogModuleManager: Shutting down and abandoning module EpicSurvey (103)
[2015.07.23-21.27.30:109][695]LogModuleManager: Shutting down and abandoning module DesktopPlatform (102)
[2015.07.23-21.27.30:110][695]LogModuleManager: Shutting down and abandoning module VisualStudioSourceCodeAccess (101)
[2015.07.23-21.27.30:110][695]LogModuleManager: Shutting down and abandoning module UObjectPlugin (100)
[2015.07.23-21.27.30:110][695]LogModuleManager: Shutting down and abandoning module SubversionSourceControl (99)
[2015.07.23-21.27.30:110][695]LogModuleManager: Shutting down and abandoning module PerforceSourceControl (98)
[2015.07.23-21.27.30:110][695]LogModuleManager: Shutting down and abandoning module SourceControl (97)
[2015.07.23-21.27.30:110][695]LogModuleManager: Shutting down and abandoning module GitSourceControl (96)
[2015.07.23-21.27.30:110][695]LogModuleManager: Shutting down and abandoning module BlankPlugin (95)
[2015.07.23-21.27.30:110][695]LogModuleManager: Shutting down and abandoning module PaperTiledImporter (94)
[2015.07.23-21.27.30:111][695]LogModuleManager: Shutting down and abandoning module PaperSpriteSheetImporter (93)
[2015.07.23-21.27.30:111][695]LogModuleManager: Shutting down and abandoning module MeshPaint (92)
[2015.07.23-21.27.30:111][695]LogModuleManager: Shutting down and abandoning module SlateReflector (91)
[2015.07.23-21.27.30:111][695]LogModuleManager: Shutting down and abandoning module HotReload (90)
[2015.07.23-21.27.30:111][695]LogModuleManager: Shutting down and abandoning module MainFrame (89)
[2015.07.23-21.27.30:111][695]LogModuleManager: Shutting down and abandoning module LevelEditor (88)
[2015.07.23-21.27.30:115][695]LogModuleManager: Shutting down and abandoning module ContentBrowser (87)
[2015.07.23-21.27.30:118][695]LogModuleManager: Shutting down and abandoning module Paper2DEditor (86)
[2015.07.23-21.27.30:118][695]LogModuleManager: Shutting down and abandoning module SubstanceCore (85)
[2015.07.23-21.27.30:118][695]LogModuleManager: Shutting down and abandoning module UdpMessaging (84)
[2015.07.23-21.27.30:219][695]LogModuleManager: Shutting down and abandoning module DirectoryWatcher (83)
[2015.07.23-21.27.30:221][695]LogModuleManager: Shutting down and abandoning module AssetRegistry (82)
[2015.07.23-21.27.30:337][695]LogModuleManager: Shutting down and abandoning module FMODStudio (81)
[2015.07.23-21.27.30:564][695]LogModuleManager: Shutting down and abandoning module FMODStudioOculus (80)
[2015.07.23-21.27.30:564][695]LogFMODOculus: ShutdownModule
[2015.07.23-21.27.30:564][695]LogModuleManager: Shutting down and abandoning module Paper2D (79)
[2015.07.23-21.27.30:564][695]LogModuleManager: Shutting down and abandoning module WindowsMoviePlayer (78)
[2015.07.23-21.27.30:574][695]LogModuleManager: Shutting down and abandoning module Media (77)
[2015.07.23-21.27.30:574][695]LogModuleManager: Shutting down and abandoning module WmfMedia (76)
[2015.07.23-21.27.30:575][695]LogModuleManager: Shutting down and abandoning module OnlineBlueprintSupport (75)
[2015.07.23-21.27.30:575][695]LogModuleManager: Shutting down and abandoning module PropertyEditor (74)
[2015.07.23-21.27.30:575][695]LogModuleManager: Shutting down and abandoning module BehaviorTreeEditor (73)
[2015.07.23-21.27.30:575][695]LogModuleManager: Shutting down and abandoning module FunctionalTesting (72)
[2015.07.23-21.27.30:575][695]LogModuleManager: Shutting down and abandoning module CollisionAnalyzer (71)
[2015.07.23-21.27.30:575][695]LogModuleManager: Shutting down and abandoning module WorkspaceMenuStructure (70)
[2015.07.23-21.27.30:575][695]LogModuleManager: Shutting down and abandoning module MessageLog (69)
[2015.07.23-21.27.30:575][695]LogModuleManager: Shutting down and abandoning module Sequencer (68)
[2015.07.23-21.27.30:576][695]LogModuleManager: Shutting down and abandoning module AssetTools (67)
[2015.07.23-21.27.30:576][695]LogModuleManager: Shutting down and abandoning module UMGEditor (66)
[2015.07.23-21.27.30:576][695]LogModuleManager: Shutting down and abandoning module UMG (65)
[2015.07.23-21.27.30:576][695]LogModuleManager: Shutting down and abandoning module Slate (64)
[2015.07.23-21.27.30:576][695]LogModuleManager: Shutting down and abandoning module EditorStyle (63)
[2015.07.23-21.27.30:589][695]LogModuleManager: Shutting down and abandoning module SessionServices (62)
[2015.07.23-21.27.30:589][695]LogModuleManager: Shutting down and abandoning module SourceCodeAccess (61)
[2015.07.23-21.27.30:589][695]LogModuleManager: Shutting down and abandoning module HeadMountedDisplay (60)
[2015.07.23-21.27.30:589][695]LogModuleManager: Shutting down and abandoning module XAudio2 (59)
[2015.07.23-21.27.30:589][695]LogModuleManager: Shutting down and abandoning module Networking (57)
[2015.07.23-21.27.30:589][695]LogModuleManager: Shutting down and abandoning module Core (56)
[2015.07.23-21.27.30:589][695]LogModuleManager: Shutting down and abandoning module KismetCompiler (55)
[2015.07.23-21.27.30:589][695]LogModuleManager: Shutting down and abandoning module PhysXFormats (54)
[2015.07.23-21.27.30:589][695]LogModuleManager: Shutting down and abandoning module MeshUtilities (53)
[2015.07.23-21.27.30:589][695]LogModuleManager: Shutting down and abandoning module DerivedDataCache (52)
[2015.07.23-21.27.30:678][695]LogDerivedDataCache: Shutdown
[2015.07.23-21.27.30:678][695]LogModuleManager: Shutting down and abandoning module ShaderFormatOpenGL (51)
[2015.07.23-21.27.30:678][695]LogModuleManager: Shutting down and abandoning module ShaderFormatD3D (50)
[2015.07.23-21.27.30:678][695]LogModuleManager: Shutting down and abandoning module MetalShaderFormat (49)
[2015.07.23-21.27.30:679][695]LogModuleManager: Shutting down and abandoning module TextureFormatUncompressed (48)
[2015.07.23-21.27.30:679][695]LogModuleManager: Shutting down and abandoning module TextureFormatPVR (47)
[2015.07.23-21.27.30:679][695]LogModuleManager: Shutting down and abandoning module TextureFormatIntelISPCTexComp (46)
[2015.07.23-21.27.30:679][695]LogModuleManager: Shutting down and abandoning module TextureFormatDXT (45)
[2015.07.23-21.27.30:679][695]LogModuleManager: Shutting down and abandoning module ImageWrapper (44)
[2015.07.23-21.27.30:679][695]LogModuleManager: Shutting down and abandoning module TextureFormatASTC (43)
[2015.07.23-21.27.30:679][695]LogModuleManager: Shutting down and abandoning module TextureFormatAndroid (42)
[2015.07.23-21.27.30:679][695]LogModuleManager: Shutting down and abandoning module AudioFormatOpus (41)
[2015.07.23-21.27.30:679][695]LogModuleManager: Shutting down and abandoning module AudioFormatOgg (40)
[2015.07.23-21.27.30:679][695]LogModuleManager: Shutting down and abandoning module AudioFormatADPCM (39)
[2015.07.23-21.27.30:679][695]LogModuleManager: Shutting down and abandoning module LinuxTargetPlatform (38)
[2015.07.23-21.27.30:679][695]LogModuleManager: Shutting down and abandoning module LinuxServerTargetPlatform (37)
[2015.07.23-21.27.30:679][695]LogModuleManager: Shutting down and abandoning module LinuxNoEditorTargetPlatform (36)
[2015.07.23-21.27.30:679][695]LogModuleManager: Shutting down and abandoning module Messaging (35)
[2015.07.23-21.27.30:680][695]LogModuleManager: Shutting down and abandoning module IOSTargetPlatform (34)
[2015.07.23-21.27.30:680][695]LogModuleManager: Shutting down and abandoning module HTML5TargetPlatform (33)
[2015.07.23-21.27.30:680][695]LogModuleManager: Shutting down and abandoning module Android_PVRTCTargetPlatform (32)
[2015.07.23-21.27.30:680][695]LogModuleManager: Shutting down and abandoning module Android_ETC2TargetPlatform (31)
[2015.07.23-21.27.30:680][695]LogModuleManager: Shutting down and abandoning module Android_ETC1TargetPlatform (30)
[2015.07.23-21.27.30:680][695]LogModuleManager: Shutting down and abandoning module Android_DXTTargetPlatform (29)
[2015.07.23-21.27.30:680][695]LogModuleManager: Shutting down and abandoning module Android_ATCTargetPlatform (28)
[2015.07.23-21.27.30:680][695]LogModuleManager: Shutting down and abandoning module Android_ASTCTargetPlatform (27)
[2015.07.23-21.27.30:680][695]LogModuleManager: Shutting down and abandoning module AndroidTargetPlatform (26)
[2015.07.23-21.27.30:680][695]LogModuleManager: Shutting down and abandoning module WindowsTargetPlatform (25)
[2015.07.23-21.27.30:680][695]LogModuleManager: Shutting down and abandoning module WindowsServerTargetPlatform (24)
[2015.07.23-21.27.30:680][695]LogModuleManager: Shutting down and abandoning module WindowsNoEditorTargetPlatform (23)
[2015.07.23-21.27.30:680][695]LogModuleManager: Shutting down and abandoning module WindowsClientTargetPlatform (22)
[2015.07.23-21.27.30:680][695]LogModuleManager: Shutting down and abandoning module DesktopTargetPlatform (21)
[2015.07.23-21.27.30:681][695]LogModuleManager: Shutting down and abandoning module TargetPlatform (20)
[2015.07.23-21.27.30:681][695]LogModuleManager: Shutting down and abandoning module InputCore (19)
[2015.07.23-21.27.30:681][695]LogModuleManager: Shutting down and abandoning module Settings (18)
[2015.07.23-21.27.30:681][695]LogModuleManager: Shutting down and abandoning module OnlineSubsystem (16)
[2015.07.23-21.27.30:681][695]LogModuleManager: Shutting down and abandoning module HTTP (15)
[2015.07.23-21.27.30:682][695]LogModuleManager: Shutting down and abandoning module ExampleDeviceProfileSelector (14)
[2015.07.23-21.27.30:682][695]LogModuleManager: Shutting down and abandoning module TextureCompressor (13)
[2015.07.23-21.27.30:682][695]LogModuleManager: Shutting down and abandoning module ShaderCore (12)
[2015.07.23-21.27.30:682][695]LogModuleManager: Shutting down and abandoning module Landscape (11)
[2015.07.23-21.27.30:682][695]LogModuleManager: Shutting down and abandoning module SlateRHIRenderer (10)
[2015.07.23-21.27.30:690][695]LogModuleManager: Shutting down and abandoning module OpenGLDrv (9)
[2015.07.23-21.27.30:690][695]LogModuleManager: Shutting down and abandoning module D3D11RHI (8)
[2015.07.23-21.27.30:690][695]LogModuleManager: Shutting down and abandoning module Renderer (7)
[2015.07.23-21.27.30:691][695]LogModuleManager: Shutting down and abandoning module Engine (6)
[2015.07.23-21.27.30:691][695]LogModuleManager: Shutting down and abandoning module CoreUObject (5)
[2015.07.23-21.27.30:691][695]LogModuleManager: Shutting down and abandoning module NetworkFile (4)
[2015.07.23-21.27.30:691][695]LogModuleManager: Shutting down and abandoning module StreamingFile (3)
[2015.07.23-21.27.30:691][695]LogModuleManager: Shutting down and abandoning module SandboxFile (2)
[2015.07.23-21.27.30:691][695]LogModuleManager: Shutting down and abandoning module PakFile (1)
[2015.07.23-21.27.30:692][695]LogExit: Exiting.
[2015.07.23-21.27.30:765][695]Log file closed, 07/23/15 15:27:30
