"D:/Unreal Projects/eyesshut_mainmenu/eyes_shut/eyes_shut.uproject" 1
"../../../Engine/Plugins/2D/Paper2D/Paper2D.uplugin" 2
"../../../Engine/Plugins/Developer/BlankPlugin/BlankPlugin.uplugin" 3
"../../../Engine/Plugins/Developer/GitSourceControl/GitSourceControl.uplugin" 4
"../../../Engine/Plugins/Developer/KDevelopSourceCodeAccess/KDevelopSourceCodeAccess.uplugin" 5
"../../../Engine/Plugins/Developer/NullSourceCodeAccess/NullSourceCodeAccess.uplugin" 6
"../../../Engine/Plugins/Developer/PerforceSourceControl/PerforceSourceControl.uplugin" 7
"../../../Engine/Plugins/Developer/SubversionSourceControl/SubversionSourceControl.uplugin" 8
"../../../Engine/Plugins/Developer/UObjectPlugin/UObjectPlugin.uplugin" 9
"../../../Engine/Plugins/Developer/VisualStudioSourceCodeAccess/VisualStudioSourceCodeAccess.uplugin" 10
"../../../Engine/Plugins/Developer/XCodeSourceCodeAccess/XCodeSourceCodeAccess.uplugin" 11
"../../../Engine/Plugins/Editor/EpicSurvey/EpicSurvey.uplugin" 12
"../../../Engine/Plugins/Editor/MacGraphicsSwitching/MacGraphicsSwitching.uplugin" 13
"../../../Engine/Plugins/Editor/PluginBrowser/PluginBrowser.uplugin" 14
"../../../Engine/Plugins/Editor/PluginCreator/PluginCreator.uplugin" 15
"../../../Engine/Plugins/Editor/SpeedTreeImporter/SpeedTreeImporter.uplugin" 16
"../../../Engine/Plugins/Experimental/BlueprintStats/BlueprintStats.uplugin" 17
"../../../Engine/Plugins/Experimental/CharacterAI/CharacterAI.uplugin" 18
"../../../Engine/Plugins/Experimental/CodeEditor/CodeEditor.uplugin" 19
"../../../Engine/Plugins/Experimental/CodeView/CodeView.uplugin" 20
"../../../Engine/Plugins/Experimental/HTML5Networking/HTML5Networking.uplugin" 21
"../../../Engine/Plugins/Experimental/LiveEditor/LiveEditor.uplugin" 22
"../../../Engine/Plugins/Experimental/Phya/Phya.uplugin" 23
"../../../Engine/Plugins/Experimental/SimpleHMD/SimpleHMD.uplugin" 24
"../../../Engine/Plugins/Experimental/StructBox/StructBox.uplugin" 25
"../../../Engine/Plugins/Media/AndroidMedia/AndroidMedia.uplugin" 26
"../../../Engine/Plugins/Media/AvfMedia/AvfMedia.uplugin" 27
"../../../Engine/Plugins/Media/MediaPlayerEditor/MediaPlayerEditor.uplugin" 28
"../../../Engine/Plugins/Media/WmfMedia/WmfMedia.uplugin" 29
"../../../Engine/Plugins/Messaging/MessagingDebugger/MessagingDebugger.uplugin" 30
"../../../Engine/Plugins/Messaging/UdpMessaging/UdpMessaging.uplugin" 31
"../../../Engine/Plugins/NetcodeUnitTest/NetcodeUnitTest/NetcodeUnitTest.uplugin" 32
"../../../Engine/Plugins/NetcodeUnitTest/NUTUnrealEngine4/NUTUnrealEngine4.uplugin" 33
"../../../Engine/Plugins/Runtime/Advertising/IOSTapJoy/IOSTapJoy.uplugin" 34
"../../../Engine/Plugins/Runtime/Analytics/AnalyticsBlueprintLibrary/AnalyticsBlueprintLibrary.uplugin" 35
"../../../Engine/Plugins/Runtime/Analytics/AnalyticsMulticast/AnalyticsMulticast.uplugin" 36
"../../../Engine/Plugins/Runtime/Analytics/Apsalar/IOSApsalar/IOSApsalar.uplugin" 37
"../../../Engine/Plugins/Runtime/Analytics/FileLogging/FileLogging.uplugin" 38
"../../../Engine/Plugins/Runtime/Analytics/Flurry/IOSFlurry/IOSFlurry.uplugin" 39
"../../../Engine/Plugins/Runtime/AndroidDeviceProfileSelector/AndroidDeviceProfileSelector.uplugin" 40
"../../../Engine/Plugins/Runtime/AndroidMoviePlayer/AndroidMoviePlayer.uplugin" 41
"../../../Engine/Plugins/Runtime/AppleMoviePlayer/AppleMoviePlayer.uplugin" 42
"../../../Engine/Plugins/Runtime/CableComponent/CableComponent.uplugin" 43
"../../../Engine/Plugins/Runtime/CustomMeshComponent/CustomMeshComponent.uplugin" 44
"../../../Engine/Plugins/Runtime/ExampleDeviceProfileSelector/ExampleDeviceProfileSelector.uplugin" 45
"../../../Engine/Plugins/Runtime/GearVR/GearVR.uplugin" 46
"../../../Engine/Plugins/Runtime/IOSDeviceProfileSelector/IOSDeviceProfileSelector.uplugin" 47
"../../../Engine/Plugins/Runtime/LeapMotionController/LeapMotionController.uplugin" 48
"../../../Engine/Plugins/Runtime/LiveEditorListenServer/LiveEditorListenServer.uplugin" 49
"../../../Engine/Plugins/Runtime/OculusAudio/OculusAudio.uplugin" 50
"../../../Engine/Plugins/Runtime/OculusRift/OculusRift.uplugin" 51
"../../../Engine/Plugins/Runtime/ProceduralMeshComponent/ProceduralMeshComponent.uplugin" 52
"../../../Engine/Plugins/Runtime/SoundMod/SoundMod.uplugin" 53
"../../../Engine/Plugins/Runtime/SoundVisualizations/SoundVisualizations.uplugin" 54
"../../../Engine/Plugins/Runtime/Steam/SteamController/SteamController.uplugin" 55
"../../../Engine/Plugins/Runtime/Steam/SteamVR/SteamVR.uplugin" 56
"../../../Engine/Plugins/Runtime/WebBrowserWidget/WebBrowserWidget.uplugin" 57
"../../../Engine/Plugins/Runtime/WindowsDeviceProfileSelector/WindowsDeviceProfileSelector.uplugin" 58
"../../../Engine/Plugins/Runtime/WindowsMoviePlayer/WindowsMoviePlayer.uplugin" 59
"../../../Engine/Plugins/ScriptGeneratorPlugin/ScriptGeneratorPlugin.uplugin" 60
"../../../Engine/Plugins/ScriptPlugin/ScriptPlugin.uplugin" 61
"../../../Engine/Plugins/Slate/SlateRemote/SlateRemote.uplugin" 62
"..\..\..\Engine\Content\Internationalization\icudt53l\cnvalias.icu" 63
"..\..\..\Engine\Content\Internationalization\icudt53l\en_US_POSIX.res" 64
"..\..\..\Engine\Content\Internationalization\icudt53l\pool.res" 65
"..\..\..\Engine\Content\Internationalization\icudt53l\en_US.res" 66
"..\..\..\Engine\Content\Internationalization\icudt53l\en.res" 67
"..\..\..\Engine\Content\Internationalization\icudt53l\root.res" 68
"..\..\..\Engine\Content\Internationalization\icudt53l\de_DE.res" 69
"..\..\..\Engine\Content\Internationalization\icudt53l\de.res" 70
"C:/Users/lotte/AppData/Local/UnrealEngine/4.8/Saved/Config/Windows/Manifest.ini" 71
"../../../Engine/Config/Base.ini" 72
"../../../Engine/Config/BaseEngine.ini" 73
"D:/Unreal Projects/eyesshut_mainmenu/eyes_shut/Config/DefaultEngine.ini" 74
"../../../Engine/Config/Windows/WindowsEngine.ini" 75
"D:/Unreal Projects/eyesshut_mainmenu/eyes_shut/Saved/Config/Windows/Engine.ini" 76
"../../../../../../../Unreal Projects/eyesshut_mainmenu/eyes_shut/Intermediate/Config/CoalescedSourceConfigs/Engine.ini" 77
"../../../Engine/Config/BaseGame.ini" 78
"D:/Unreal Projects/eyesshut_mainmenu/eyes_shut/Config/DefaultGame.ini" 79
"D:/Unreal Projects/eyesshut_mainmenu/eyes_shut/Saved/Config/Windows/Game.ini" 80
"../../../../../../../Unreal Projects/eyesshut_mainmenu/eyes_shut/Intermediate/Config/CoalescedSourceConfigs/Game.ini" 81
"../../../Engine/Config/BaseInput.ini" 82
"D:/Unreal Projects/eyesshut_mainmenu/eyes_shut/Config/DefaultInput.ini" 83
"D:/Unreal Projects/eyesshut_mainmenu/eyes_shut/Saved/Config/Windows/Input.ini" 84
"../../../../../../../Unreal Projects/eyesshut_mainmenu/eyes_shut/Intermediate/Config/CoalescedSourceConfigs/Input.ini" 85
"../../../Engine/Config/BaseEditor.ini" 86
"D:/Unreal Projects/eyesshut_mainmenu/eyes_shut/Config/DefaultEditor.ini" 87
"D:/Unreal Projects/eyesshut_mainmenu/eyes_shut/Saved/Config/Windows/Editor.ini" 88
"../../../../../../../Unreal Projects/eyesshut_mainmenu/eyes_shut/Intermediate/Config/CoalescedSourceConfigs/Editor.ini" 89
"../../../Engine/Config/BaseEditorPerProjectUserSettings.ini" 90
"D:/Unreal Projects/eyesshut_mainmenu/eyes_shut/Saved/Config/Windows/EditorPerProjectUserSettings.ini" 91
"../../../../../../../Unreal Projects/eyesshut_mainmenu/eyes_shut/Intermediate/Config/CoalescedSourceConfigs/EditorPerProjectUserSettings.ini" 92
"../../../Engine/Config/BaseEditorSettings.ini" 93
"C:/Users/lotte/AppData/Local/UnrealEngine/4.8/Saved/Config/Windows/EditorSettings.ini" 94
"../../../../../../../Unreal Projects/eyesshut_mainmenu/eyes_shut/Intermediate/Config/CoalescedSourceConfigs/EditorSettings.ini" 95
"../../../Engine/Config/BaseEditorLayout.ini" 96
"C:/Users/lotte/AppData/Local/UnrealEngine/4.8/Saved/Config/Windows/EditorLayout.ini" 97
"../../../../../../../Unreal Projects/eyesshut_mainmenu/eyes_shut/Intermediate/Config/CoalescedSourceConfigs/EditorLayout.ini" 98
"../../../Engine/Config/BaseEditorKeyBindings.ini" 99
"C:/Users/lotte/AppData/Local/UnrealEngine/4.8/Saved/Config/Windows/EditorKeyBindings.ini" 100
"../../../../../../../Unreal Projects/eyesshut_mainmenu/eyes_shut/Intermediate/Config/CoalescedSourceConfigs/EditorKeyBindings.ini" 101
"../../../Engine/Config/BaseCompat.ini" 102
"D:/Unreal Projects/eyesshut_mainmenu/eyes_shut/Saved/Config/Windows/Compat.ini" 103
"../../../../../../../Unreal Projects/eyesshut_mainmenu/eyes_shut/Intermediate/Config/CoalescedSourceConfigs/Compat.ini" 104
"../../../Engine/Config/BaseLightmass.ini" 105
"D:/Unreal Projects/eyesshut_mainmenu/eyes_shut/Saved/Config/Windows/Lightmass.ini" 106
"../../../../../../../Unreal Projects/eyesshut_mainmenu/eyes_shut/Intermediate/Config/CoalescedSourceConfigs/Lightmass.ini" 107
"../../../Engine/Config/BaseScalability.ini" 108
"D:/Unreal Projects/eyesshut_mainmenu/eyes_shut/Saved/Config/Windows/Scalability.ini" 109
"../../../../../../../Unreal Projects/eyesshut_mainmenu/eyes_shut/Intermediate/Config/CoalescedSourceConfigs/Scalability.ini" 110
"D:/Unreal Projects/eyesshut_mainmenu/eyes_shut/Saved/Config/Windows/GameUserSettings.ini" 111
"../../../../../../../Unreal Projects/eyesshut_mainmenu/eyes_shut/Intermediate/Config/CoalescedSourceConfigs/GameUserSettings.ini" 112
"../../../Engine/Config/BaseDeviceProfiles.ini" 113
"D:/Unreal Projects/eyesshut_mainmenu/eyes_shut/Saved/Config/Windows/DeviceProfiles.ini" 114
"../../../../../../../Unreal Projects/eyesshut_mainmenu/eyes_shut/Intermediate/Config/CoalescedSourceConfigs/DeviceProfiles.ini" 115
"../../../Engine/Config/ConsoleVariables.ini" 116
"..\..\..\Engine\Content\Internationalization\icudt53l\es.res" 117
"..\..\..\Engine\Content\Internationalization\icudt53l\ja.res" 118
"..\..\..\Engine\Content\Internationalization\icudt53l\ko.res" 119
"..\..\..\Engine\Content\Internationalization\icudt53l\pt_BR.res" 120
"..\..\..\Engine\Content\Internationalization\icudt53l\pt.res" 121
"..\..\..\Engine\Content\Internationalization\icudt53l\zh_CN.res" 122
"..\..\..\Engine\Content\Internationalization\icudt53l\zh_Hans_CN.res" 123
"..\..\..\Engine\Content\Internationalization\icudt53l\zh_Hans.res" 124
"..\..\..\Engine\Content\Internationalization\icudt53l\zh.res" 125
"D:/Tools/Unreal Engine 4/Epic Games/4.8/Engine/Content/Localization/Engine/en/Engine.locres" 126
"D:/Tools/Unreal Engine 4/Epic Games/4.8/Engine/Content/Localization/Editor/en/Editor.locres" 127
"D:/Tools/Unreal Engine 4/Epic Games/4.8/Engine/Content/Localization/EditorTutorials/en/EditorTutorials.locres" 128
"D:/Tools/Unreal Engine 4/Epic Games/4.8/Engine/Content/Localization/Keywords/en/Keywords.locres" 129
"D:/Tools/Unreal Engine 4/Epic Games/4.8/Engine/Content/Localization/ToolTips/en/ToolTips.locres" 130
"D:/Tools/Unreal Engine 4/Epic Games/4.8/Engine/Content/Localization/PropertyNames/en/PropertyNames.locres" 131
"../../../Engine/Content/Slate/Fonts/Roboto-Regular.ttf" 132
"../../../Engine/Content/Slate/Fonts/DroidSansMono.ttf" 133
"../../../Engine/Content/Slate/Fonts/Roboto-Bold.ttf" 134
"../../../Engine/Content/Slate/Fonts/Roboto-Light.ttf" 135
"D:/Tools/Unreal Engine 4/Epic Games/4.8/Engine/Binaries/Win64/../../../Engine/Shaders/ParticleSpriteVertexFactory.usf" 136
"D:/Tools/Unreal Engine 4/Epic Games/4.8/Engine/Binaries/Win64/../../../Engine/Shaders/VertexFactoryCommon.usf" 137
"D:/Tools/Unreal Engine 4/Epic Games/4.8/Engine/Binaries/Win64/../../../Engine/Shaders/Common.usf" 138
"D:/Tools/Unreal Engine 4/Epic Games/4.8/Engine/Binaries/Win64/../../../Engine/Shaders/MetalCommon.usf" 139
"D:/Tools/Unreal Engine 4/Epic Games/4.8/Engine/Binaries/Win64/../../../Engine/Shaders/ShaderVersion.usf" 140
"D:/Tools/Unreal Engine 4/Epic Games/4.8/Engine/Binaries/Win64/../../../Engine/Shaders/Definitions.usf" 141
"D:/Tools/Unreal Engine 4/Epic Games/4.8/Engine/Binaries/Win64/../../../Engine/Shaders/Random.usf" 142
"D:/Tools/Unreal Engine 4/Epic Games/4.8/Engine/Binaries/Win64/../../../Engine/Shaders/ParticleVertexFactoryCommon.usf" 143
"D:/Tools/Unreal Engine 4/Epic Games/4.8/Engine/Binaries/Win64/../../../Engine/Shaders/ParticleGPUSpriteVertexFactory.usf" 144
"D:/Tools/Unreal Engine 4/Epic Games/4.8/Engine/Binaries/Win64/../../../Engine/Shaders/ParticleBeamTrailVertexFactory.usf" 145
"D:/Tools/Unreal Engine 4/Epic Games/4.8/Engine/Binaries/Win64/../../../Engine/Shaders/LocalVertexFactory.usf" 146
"D:/Tools/Unreal Engine 4/Epic Games/4.8/Engine/Binaries/Win64/../../../Engine/Shaders/LocalVertexFactoryCommon.usf" 147
"D:/Tools/Unreal Engine 4/Epic Games/4.8/Engine/Binaries/Win64/../../../Engine/Shaders/VectorFieldVisualizationVertexFactory.usf" 148
"D:/Tools/Unreal Engine 4/Epic Games/4.8/Engine/Binaries/Win64/../../../Engine/Shaders/MeshParticleVertexFactory.usf" 149
"D:/Tools/Unreal Engine 4/Epic Games/4.8/Engine/Binaries/Win64/../../../Engine/Shaders/GpuSkinVertexFactory.usf" 150
"D:/Tools/Unreal Engine 4/Epic Games/4.8/Engine/Binaries/Win64/../../../Engine/Shaders/GpuSkinCacheCommon.usf" 151
"D:/Tools/Unreal Engine 4/Epic Games/4.8/Engine/Binaries/Win64/../../../Engine/Shaders/LandscapeVertexFactory.usf" 152
"D:/Tools/Unreal Engine 4/Epic Games/4.8/Engine/Binaries/Win64/../../../Engine/Shaders/SlateElementPixelShader.usf" 153
"D:/Tools/Unreal Engine 4/Epic Games/4.8/Engine/Binaries/Win64/../../../Engine/Shaders/GammaCorrectionCommon.usf" 154
"D:/Tools/Unreal Engine 4/Epic Games/4.8/Engine/Binaries/Win64/../../../Engine/Shaders/MaterialTemplate.usf" 155
"D:/Tools/Unreal Engine 4/Epic Games/4.8/Engine/Binaries/Win64/../../../Engine/Shaders/DepthOfFieldCommon.usf" 156
"D:/Tools/Unreal Engine 4/Epic Games/4.8/Engine/Binaries/Win64/../../../Engine/Shaders/SpeedTreeCommon.usf" 157
"D:/Tools/Unreal Engine 4/Epic Games/4.8/Engine/Binaries/Win64/../../../Engine/Shaders/AtmosphereCommon.usf" 158
"D:/Tools/Unreal Engine 4/Epic Games/4.8/Engine/Binaries/Win64/../../../Engine/Shaders/EyeAdaptationCommon.usf" 159
"D:/Tools/Unreal Engine 4/Epic Games/4.8/Engine/Binaries/Win64/../../../Engine/Shaders/PostProcessCommon.usf" 160
"D:/Tools/Unreal Engine 4/Epic Games/4.8/Engine/Binaries/Win64/../../../Engine/Shaders/DeferredShadingCommon.usf" 161
"D:/Tools/Unreal Engine 4/Epic Games/4.8/Engine/Binaries/Win64/../../../Engine/Shaders/LightAccumulator.usf" 162
"D:/Tools/Unreal Engine 4/Epic Games/4.8/Engine/Binaries/Win64/../../../Engine/Shaders/SlateVertexShader.usf" 163
"D:/Tools/Unreal Engine 4/Epic Games/4.8/Engine/Binaries/Win64/../../../Engine/Shaders/ParticleSortKeyGen.usf" 164
"D:/Tools/Unreal Engine 4/Epic Games/4.8/Engine/Binaries/Win64/../../../Engine/Shaders/ParticleBoundsShader.usf" 165
"D:/Tools/Unreal Engine 4/Epic Games/4.8/Engine/Binaries/Win64/../../../Engine/Shaders/ParticleSimVisualizeShader.usf" 166
"D:/Tools/Unreal Engine 4/Epic Games/4.8/Engine/Binaries/Win64/../../../Engine/Shaders/ParticleInjectionShader.usf" 167
"D:/Tools/Unreal Engine 4/Epic Games/4.8/Engine/Binaries/Win64/../../../Engine/Shaders/ParticleSimulationShader.usf" 168
"D:/Tools/Unreal Engine 4/Epic Games/4.8/Engine/Binaries/Win64/../../../Engine/Shaders/ParticleCurveInjectionShader.usf" 169
"D:/Tools/Unreal Engine 4/Epic Games/4.8/Engine/Binaries/Win64/../../../Engine/Shaders/VectorFieldCompositeShaders.usf" 170
"D:/Tools/Unreal Engine 4/Epic Games/4.8/Engine/Binaries/Win64/../../../Engine/Shaders/UpdateTextureShaders.usf" 171
"D:/Tools/Unreal Engine 4/Epic Games/4.8/Engine/Binaries/Win64/../../../Engine/Shaders/SimpleElementColorChannelMaskPixelShader.usf" 172
"D:/Tools/Unreal Engine 4/Epic Games/4.8/Engine/Binaries/Win64/../../../Engine/Shaders/SimpleElementHitProxyPixelShader.usf" 173
"D:/Tools/Unreal Engine 4/Epic Games/4.8/Engine/Binaries/Win64/../../../Engine/Shaders/SimpleElementPixelShader.usf" 174
"D:/Tools/Unreal Engine 4/Epic Games/4.8/Engine/Binaries/Win64/../../../Engine/Shaders/ColorUtils.usf" 175
"D:/Tools/Unreal Engine 4/Epic Games/4.8/Engine/Binaries/Win64/../../../Engine/Shaders/IESLightProfilesCommon.usf" 176
"D:/Tools/Unreal Engine 4/Epic Games/4.8/Engine/Binaries/Win64/../../../Engine/Shaders/SimpleElementVertexShader.usf" 177
"D:/Tools/Unreal Engine 4/Epic Games/4.8/Engine/Binaries/Win64/../../../Engine/Shaders/ScreenVertexShader.usf" 178
"D:/Tools/Unreal Engine 4/Epic Games/4.8/Engine/Binaries/Win64/../../../Engine/Shaders/ScreenPixelShader.usf" 179
"D:/Tools/Unreal Engine 4/Epic Games/4.8/Engine/Binaries/Win64/../../../Engine/Shaders/RadixSortShaders.usf" 180
"D:/Tools/Unreal Engine 4/Epic Games/4.8/Engine/Binaries/Win64/../../../Engine/Shaders/GpuSkinCacheComputeShader.usf" 181
"D:/Tools/Unreal Engine 4/Epic Games/4.8/Engine/Binaries/Win64/../../../Engine/Shaders/NullPixelShader.usf" 182
"D:/Tools/Unreal Engine 4/Epic Games/4.8/Engine/Binaries/Win64/../../../Engine/Shaders/LandscapeGrassWeight.usf" 183
"D:/Tools/Unreal Engine 4/Epic Games/4.8/Engine/Binaries/Win64/../../../Engine/Shaders/SimpleElementTexture2DPreviewPixelShader.usf" 184
"D:/Tools/Unreal Engine 4/Epic Games/4.8/Engine/Binaries/Win64/../../../Engine/Shaders/SimpleElementNormalMapPixelShader.usf" 185
"D:/Tools/Unreal Engine 4/Epic Games/4.8/Engine/Binaries/Win64/../../../Engine/Shaders/meshpaintdilatepixelshader.usf" 186
"D:/Tools/Unreal Engine 4/Epic Games/4.8/Engine/Binaries/Win64/../../../Engine/Shaders/meshpaintdilatevertexshader.usf" 187
"D:/Tools/Unreal Engine 4/Epic Games/4.8/Engine/Binaries/Win64/../../../Engine/Shaders/MeshPaintPixelShader.usf" 188
"D:/Tools/Unreal Engine 4/Epic Games/4.8/Engine/Binaries/Win64/../../../Engine/Shaders/MeshPaintVertexShader.usf" 189
"D:/Tools/Unreal Engine 4/Epic Games/4.8/Engine/Binaries/Win64/../../../Engine/Shaders/VisualizeTexture.usf" 190
"D:/Tools/Unreal Engine 4/Epic Games/4.8/Engine/Binaries/Win64/../../../Engine/Shaders/ScreenSpaceReflections.usf" 191
"D:/Tools/Unreal Engine 4/Epic Games/4.8/Engine/Binaries/Win64/../../../Engine/Shaders/BRDF.usf" 192
"D:/Tools/Unreal Engine 4/Epic Games/4.8/Engine/Binaries/Win64/../../../Engine/Shaders/MonteCarlo.usf" 193
"D:/Tools/Unreal Engine 4/Epic Games/4.8/Engine/Binaries/Win64/../../../Engine/Shaders/ScreenSpaceRayCast.usf" 194
"D:/Tools/Unreal Engine 4/Epic Games/4.8/Engine/Binaries/Win64/../../../Engine/Shaders/FilterVertexShader.usf" 195
"D:/Tools/Unreal Engine 4/Epic Games/4.8/Engine/Binaries/Win64/../../../Engine/Shaders/FilterPixelShader.usf" 196
"D:/Tools/Unreal Engine 4/Epic Games/4.8/Engine/Binaries/Win64/../../../Engine/Shaders/PostProcessVisualizeHDR.usf" 197
"D:/Tools/Unreal Engine 4/Epic Games/4.8/Engine/Binaries/Win64/../../../Engine/Shaders/PostProcessHistogramCommon.usf" 198
"D:/Tools/Unreal Engine 4/Epic Games/4.8/Engine/Binaries/Win64/../../../Engine/Shaders/TonemapCommon.usf" 199
"D:/Tools/Unreal Engine 4/Epic Games/4.8/Engine/Binaries/Win64/../../../Engine/Shaders/ACES.usf" 200
"D:/Tools/Unreal Engine 4/Epic Games/4.8/Engine/Binaries/Win64/../../../Engine/Shaders/MiniFontCommon.usf" 201
"D:/Tools/Unreal Engine 4/Epic Games/4.8/Engine/Binaries/Win64/../../../Engine/Shaders/PostProcessVisualizeBuffer.usf" 202
"D:/Tools/Unreal Engine 4/Epic Games/4.8/Engine/Binaries/Win64/../../../Engine/Shaders/PostProcessUpscale.usf" 203
"D:/Tools/Unreal Engine 4/Epic Games/4.8/Engine/Binaries/Win64/../../../Engine/Shaders/PostProcessTonemap.usf" 204
"D:/Tools/Unreal Engine 4/Epic Games/4.8/Engine/Binaries/Win64/../../../Engine/Shaders/PostProcessTestImage.usf" 205
"D:/Tools/Unreal Engine 4/Epic Games/4.8/Engine/Binaries/Win64/../../../Engine/Shaders/PostProcessTemporalAA.usf" 206
"D:/Tools/Unreal Engine 4/Epic Games/4.8/Engine/Binaries/Win64/../../../Engine/Shaders/PostProcessTemporalCommon.usf" 207
"D:/Tools/Unreal Engine 4/Epic Games/4.8/Engine/Binaries/Win64/../../../Engine/Shaders/PostProcessSubsurface.usf" 208
"D:/Tools/Unreal Engine 4/Epic Games/4.8/Engine/Binaries/Win64/../../../Engine/Shaders/SeparableSSS.usf" 209
"D:/Tools/Unreal Engine 4/Epic Games/4.8/Engine/Binaries/Win64/../../../Engine/Shaders/PostProcessSelectionOutline.usf" 210
"D:/Tools/Unreal Engine 4/Epic Games/4.8/Engine/Binaries/Win64/../../../Engine/Shaders/PostProcessSceneColorFringe.usf" 211
"D:/Tools/Unreal Engine 4/Epic Games/4.8/Engine/Binaries/Win64/../../../Engine/Shaders/PostProcessNoiseBlur.usf" 212
"D:/Tools/Unreal Engine 4/Epic Games/4.8/Engine/Binaries/Win64/../../../Engine/Shaders/PostProcessMotionBlur.usf" 213
"D:/Tools/Unreal Engine 4/Epic Games/4.8/Engine/Binaries/Win64/../../../Engine/Shaders/PostProcessVelocityFlatten.usf" 214
"D:/Tools/Unreal Engine 4/Epic Games/4.8/Engine/Binaries/Win64/../../../Engine/Shaders/MorpheusInclude.usf" 215
"D:/Tools/Unreal Engine 4/Epic Games/4.8/Engine/Binaries/Win64/../../../Engine/Shaders/PostProcessMobile.usf" 216
"D:/Tools/Unreal Engine 4/Epic Games/4.8/Engine/Binaries/Win64/../../../Engine/Shaders/PostProcessMaterialShaders.usf" 217
"D:/Tools/Unreal Engine 4/Epic Games/4.8/Engine/Binaries/Win64/../../../Engine/Shaders/PostProcessLensFlares.usf" 218
"D:/Tools/Unreal Engine 4/Epic Games/4.8/Engine/Binaries/Win64/../../../Engine/Shaders/PostProcessLensBlur.usf" 219
"D:/Tools/Unreal Engine 4/Epic Games/4.8/Engine/Binaries/Win64/../../../Engine/Shaders/PostProcessBloom.usf" 220
"D:/Tools/Unreal Engine 4/Epic Games/4.8/Engine/Binaries/Win64/../../../Engine/Shaders/PostProcessHMD.usf" 221
"D:/Tools/Unreal Engine 4/Epic Games/4.8/Engine/Binaries/Win64/../../../Engine/Shaders/PostProcessHistogramReduce.usf" 222
"D:/Tools/Unreal Engine 4/Epic Games/4.8/Engine/Binaries/Win64/../../../Engine/Shaders/PostProcessHistogram.usf" 223
"D:/Tools/Unreal Engine 4/Epic Games/4.8/Engine/Binaries/Win64/../../../Engine/Shaders/PostProcessGBufferHints.usf" 224
"D:/Tools/Unreal Engine 4/Epic Games/4.8/Engine/Binaries/Win64/../../../Engine/Shaders/PostProcessEyeAdaptation.usf" 225
"D:/Tools/Unreal Engine 4/Epic Games/4.8/Engine/Binaries/Win64/../../../Engine/Shaders/PostProcessDownsample.usf" 226
"D:/Tools/Unreal Engine 4/Epic Games/4.8/Engine/Binaries/Win64/../../../Engine/Shaders/PostProcessDOF.usf" 227
"D:/Tools/Unreal Engine 4/Epic Games/4.8/Engine/Binaries/Win64/../../../Engine/Shaders/PostProcessCompositeEditorPrimitives.usf" 228
"D:/Tools/Unreal Engine 4/Epic Games/4.8/Engine/Binaries/Win64/../../../Engine/Shaders/PostProcessCombineLUTs.usf" 229
"D:/Tools/Unreal Engine 4/Epic Games/4.8/Engine/Binaries/Win64/../../../Engine/Shaders/PostProcessBusyWait.usf" 230
"D:/Tools/Unreal Engine 4/Epic Games/4.8/Engine/Binaries/Win64/../../../Engine/Shaders/PostProcessBokehDOF.usf" 231
"D:/Tools/Unreal Engine 4/Epic Games/4.8/Engine/Binaries/Win64/../../../Engine/Shaders/FXAAShader.usf" 232
"D:/Tools/Unreal Engine 4/Epic Games/4.8/Engine/Binaries/Win64/../../../Engine/Shaders/Fxaa3_11.usf" 233
"D:/Tools/Unreal Engine 4/Epic Games/4.8/Engine/Binaries/Win64/../../../Engine/Shaders/PostProcessPassThrough.usf" 234
"D:/Tools/Unreal Engine 4/Epic Games/4.8/Engine/Binaries/Win64/../../../Engine/Shaders/PostProcessLpvIndirect.usf" 235
"D:/Tools/Unreal Engine 4/Epic Games/4.8/Engine/Binaries/Win64/../../../Engine/Shaders/DeferredLightingCommon.usf" 236
"D:/Tools/Unreal Engine 4/Epic Games/4.8/Engine/Binaries/Win64/../../../Engine/Shaders/DynamicLightingCommon.usf" 237
"D:/Tools/Unreal Engine 4/Epic Games/4.8/Engine/Binaries/Win64/../../../Engine/Shaders/LPVFinalPass.usf" 238
"D:/Tools/Unreal Engine 4/Epic Games/4.8/Engine/Binaries/Win64/../../../Engine/Shaders/LPVCommon.usf" 239
"D:/Tools/Unreal Engine 4/Epic Games/4.8/Engine/Binaries/Win64/../../../Engine/Shaders/DeferredDecal.usf" 240
"D:/Tools/Unreal Engine 4/Epic Games/4.8/Engine/Binaries/Win64/../../../Engine/Shaders/PostProcessAmbientOcclusion.usf" 241
"D:/Tools/Unreal Engine 4/Epic Games/4.8/Engine/Binaries/Win64/../../../Engine/Shaders/PostProcessAmbient.usf" 242
"D:/Tools/Unreal Engine 4/Epic Games/4.8/Engine/Binaries/Win64/../../../Engine/Shaders/CubemapCommon.usf" 243
"D:/Tools/Unreal Engine 4/Epic Games/4.8/Engine/Binaries/Win64/../../../Engine/Shaders/VelocityShader.usf" 244
"D:/Tools/Unreal Engine 4/Epic Games/4.8/Engine/Binaries/Win64/../../../Engine/Shaders/VelocityCommon.usf" 245
"D:/Tools/Unreal Engine 4/Epic Games/4.8/Engine/Binaries/Win64/../../../Engine/Shaders/Tessellation.usf" 246
"D:/Tools/Unreal Engine 4/Epic Games/4.8/Engine/Binaries/Win64/../../../Engine/Shaders/FlatTessellation.usf" 247
"D:/Tools/Unreal Engine 4/Epic Games/4.8/Engine/Binaries/Win64/../../../Engine/Shaders/PNTriangles.usf" 248
"D:/Tools/Unreal Engine 4/Epic Games/4.8/Engine/Binaries/Win64/../../../Engine/Shaders/TranslucentLightingShaders.usf" 249
"D:/Tools/Unreal Engine 4/Epic Games/4.8/Engine/Binaries/Win64/../../../Engine/Shaders/SHCommon.usf" 250
"D:/Tools/Unreal Engine 4/Epic Games/4.8/Engine/Binaries/Win64/../../../Engine/Shaders/ShadowProjectionCommon.usf" 251
"D:/Tools/Unreal Engine 4/Epic Games/4.8/Engine/Binaries/Win64/../../../Engine/Shaders/TranslucentLightInjectionShaders.usf" 252
"D:/Tools/Unreal Engine 4/Epic Games/4.8/Engine/Binaries/Win64/../../../Engine/Shaders/LightFunctionCommon.usf" 253
"D:/Tools/Unreal Engine 4/Epic Games/4.8/Engine/Binaries/Win64/../../../Engine/Shaders/TranslucentShadowDepthShaders.usf" 254
"D:/Tools/Unreal Engine 4/Epic Games/4.8/Engine/Binaries/Win64/../../../Engine/Shaders/ShadowDepthCommon.usf" 255
"D:/Tools/Unreal Engine 4/Epic Games/4.8/Engine/Binaries/Win64/../../../Engine/Shaders/TiledDeferredLightShaders.usf" 256
"D:/Tools/Unreal Engine 4/Epic Games/4.8/Engine/Binaries/Win64/../../../Engine/Shaders/SurfelTree.usf" 257
"D:/Tools/Unreal Engine 4/Epic Games/4.8/Engine/Binaries/Win64/../../../Engine/Shaders/DistanceFieldLightingShared.usf" 258
"D:/Tools/Unreal Engine 4/Epic Games/4.8/Engine/Binaries/Win64/../../../Engine/Shaders/SurfelMaterialShared.usf" 259
"D:/Tools/Unreal Engine 4/Epic Games/4.8/Engine/Binaries/Win64/../../../Engine/Shaders/DistanceFieldAOShared.usf" 260
"D:/Tools/Unreal Engine 4/Epic Games/4.8/Engine/Binaries/Win64/../../../Engine/Shaders/ShadowProjectionPixelShader.usf" 261
"D:/Tools/Unreal Engine 4/Epic Games/4.8/Engine/Binaries/Win64/../../../Engine/Shaders/ShadowFilteringCommon.usf" 262
"D:/Tools/Unreal Engine 4/Epic Games/4.8/Engine/Binaries/Win64/../../../Engine/Shaders/ShadowProjectionVertexShader.usf" 263
"D:/Tools/Unreal Engine 4/Epic Games/4.8/Engine/Binaries/Win64/../../../Engine/Shaders/ShadowDepthPixelShader.usf" 264
"D:/Tools/Unreal Engine 4/Epic Games/4.8/Engine/Binaries/Win64/../../../Engine/Shaders/LPVWriteVplCommon.usf" 265
"D:/Tools/Unreal Engine 4/Epic Games/4.8/Engine/Binaries/Win64/../../../Engine/Shaders/LPVWriteCommon.usf" 266
"D:/Tools/Unreal Engine 4/Epic Games/4.8/Engine/Binaries/Win64/../../../Engine/Shaders/ShadowDepthVertexShader.usf" 267
"D:/Tools/Unreal Engine 4/Epic Games/4.8/Engine/Binaries/Win64/../../../Engine/Shaders/ShaderComplexityApplyPixelShader.usf" 268
"D:/Tools/Unreal Engine 4/Epic Games/4.8/Engine/Binaries/Win64/../../../Engine/Shaders/ShaderComplexityApplyVertexShader.usf" 269
"D:/Tools/Unreal Engine 4/Epic Games/4.8/Engine/Binaries/Win64/../../../Engine/Shaders/ShaderComplexityAccumulatePixelShader.usf" 270
"D:/Tools/Unreal Engine 4/Epic Games/4.8/Engine/Binaries/Win64/../../../Engine/Shaders/HZBOcclusion.usf" 271
"D:/Tools/Unreal Engine 4/Epic Games/4.8/Engine/Binaries/Win64/../../../Engine/Shaders/OcclusionQueryVertexShader.usf" 272
"D:/Tools/Unreal Engine 4/Epic Games/4.8/Engine/Binaries/Win64/../../../Engine/Shaders/HitProxyPixelShader.usf" 273
"D:/Tools/Unreal Engine 4/Epic Games/4.8/Engine/Binaries/Win64/../../../Engine/Shaders/HitProxyVertexShader.usf" 274
"D:/Tools/Unreal Engine 4/Epic Games/4.8/Engine/Binaries/Win64/../../../Engine/Shaders/ReflectionEnvironmentShaders.usf" 275
"D:/Tools/Unreal Engine 4/Epic Games/4.8/Engine/Binaries/Win64/../../../Engine/Shaders/ReflectionEnvironmentShared.usf" 276
"D:/Tools/Unreal Engine 4/Epic Games/4.8/Engine/Binaries/Win64/../../../Engine/Shaders/SkyLightingShared.usf" 277
"D:/Tools/Unreal Engine 4/Epic Games/4.8/Engine/Binaries/Win64/../../../Engine/Shaders/ReflectionEnvironmentComputeShaders.usf" 278
"D:/Tools/Unreal Engine 4/Epic Games/4.8/Engine/Binaries/Win64/../../../Engine/Shaders/LightShaftShader.usf" 279
"D:/Tools/Unreal Engine 4/Epic Games/4.8/Engine/Binaries/Win64/../../../Engine/Shaders/StationaryLightOverlapShaders.usf" 280
"D:/Tools/Unreal Engine 4/Epic Games/4.8/Engine/Binaries/Win64/../../../Engine/Shaders/DeferredLightPixelShaders.usf" 281
"D:/Tools/Unreal Engine 4/Epic Games/4.8/Engine/Binaries/Win64/../../../Engine/Shaders/DeferredLightVertexShaders.usf" 282
"D:/Tools/Unreal Engine 4/Epic Games/4.8/Engine/Binaries/Win64/../../../Engine/Shaders/LPVVisualise.usf" 283
"D:/Tools/Unreal Engine 4/Epic Games/4.8/Engine/Binaries/Win64/../../../Engine/Shaders/LPVGeometryVolumeCommon.usf" 284
"D:/Tools/Unreal Engine 4/Epic Games/4.8/Engine/Binaries/Win64/../../../Engine/Shaders/LPVDirectLightInject.usf" 285
"D:/Tools/Unreal Engine 4/Epic Games/4.8/Engine/Binaries/Win64/../../../Engine/Shaders/LPVPropagate.usf" 286
"D:/Tools/Unreal Engine 4/Epic Games/4.8/Engine/Binaries/Win64/../../../Engine/Shaders/LPVBuildGeometryVolume.usf" 287
"D:/Tools/Unreal Engine 4/Epic Games/4.8/Engine/Binaries/Win64/../../../Engine/Shaders/LPVInject_AccumulateVplLists.usf" 288
"D:/Tools/Unreal Engine 4/Epic Games/4.8/Engine/Binaries/Win64/../../../Engine/Shaders/LPVInject_GenerateVplLists.usf" 289
"D:/Tools/Unreal Engine 4/Epic Games/4.8/Engine/Binaries/Win64/../../../Engine/Shaders/LPVClearLists.usf" 290
"D:/Tools/Unreal Engine 4/Epic Games/4.8/Engine/Binaries/Win64/../../../Engine/Shaders/LPVClear.usf" 291
"D:/Tools/Unreal Engine 4/Epic Games/4.8/Engine/Binaries/Win64/../../../Engine/Shaders/LightMapDensityShader.usf" 292
"D:/Tools/Unreal Engine 4/Epic Games/4.8/Engine/Binaries/Win64/../../../Engine/Shaders/LightFunctionPixelShader.usf" 293
"D:/Tools/Unreal Engine 4/Epic Games/4.8/Engine/Binaries/Win64/../../../Engine/Shaders/LightFunctionVertexShader.usf" 294
"D:/Tools/Unreal Engine 4/Epic Games/4.8/Engine/Binaries/Win64/../../../Engine/Shaders/HeightfieldLighting.usf" 295
"D:/Tools/Unreal Engine 4/Epic Games/4.8/Engine/Binaries/Win64/../../../Engine/Shaders/DistanceFieldShadowingShared.usf" 296
"D:/Tools/Unreal Engine 4/Epic Games/4.8/Engine/Binaries/Win64/../../../Engine/Shaders/HdrCustomResolveShaders.usf" 297
"D:/Tools/Unreal Engine 4/Epic Games/4.8/Engine/Binaries/Win64/../../../Engine/Shaders/GPUBenchmark.usf" 298
"D:/Tools/Unreal Engine 4/Epic Games/4.8/Engine/Binaries/Win64/../../../Engine/Shaders/GammaCorrection.usf" 299
"D:/Tools/Unreal Engine 4/Epic Games/4.8/Engine/Binaries/Win64/../../../Engine/Shaders/BasePassForForwardShadingPixelShader.usf" 300
"D:/Tools/Unreal Engine 4/Epic Games/4.8/Engine/Binaries/Win64/../../../Engine/Shaders/BasePassForForwardShadingCommon.usf" 301
"D:/Tools/Unreal Engine 4/Epic Games/4.8/Engine/Binaries/Win64/../../../Engine/Shaders/LightmapCommon.usf" 302
"D:/Tools/Unreal Engine 4/Epic Games/4.8/Engine/Binaries/Win64/../../../Engine/Shaders/BasePassForForwardShadingVertexShader.usf" 303
"D:/Tools/Unreal Engine 4/Epic Games/4.8/Engine/Binaries/Win64/../../../Engine/Shaders/HeightFogCommon.usf" 304
"D:/Tools/Unreal Engine 4/Epic Games/4.8/Engine/Binaries/Win64/../../../Engine/Shaders/HeightFogPixelShader.usf" 305
"D:/Tools/Unreal Engine 4/Epic Games/4.8/Engine/Binaries/Win64/../../../Engine/Shaders/HeightFogVertexShader.usf" 306
"D:/Tools/Unreal Engine 4/Epic Games/4.8/Engine/Binaries/Win64/../../../Engine/Shaders/DistortAccumulatePS.usf" 307
"D:/Tools/Unreal Engine 4/Epic Games/4.8/Engine/Binaries/Win64/../../../Engine/Shaders/DistortAccumulateVS.usf" 308
"D:/Tools/Unreal Engine 4/Epic Games/4.8/Engine/Binaries/Win64/../../../Engine/Shaders/DistortApplyScreenPS.usf" 309
"D:/Tools/Unreal Engine 4/Epic Games/4.8/Engine/Binaries/Win64/../../../Engine/Shaders/DistanceFieldSurfaceCacheLighting.usf" 310
"D:/Tools/Unreal Engine 4/Epic Games/4.8/Engine/Binaries/Win64/../../../Engine/Shaders/SkyLighting.usf" 311
"D:/Tools/Unreal Engine 4/Epic Games/4.8/Engine/Binaries/Win64/../../../Engine/Shaders/DistanceFieldGlobalIllumination.usf" 312
"D:/Tools/Unreal Engine 4/Epic Games/4.8/Engine/Binaries/Win64/../../../Engine/Shaders/DistanceFieldLightingPost.usf" 313
"D:/Tools/Unreal Engine 4/Epic Games/4.8/Engine/Binaries/Win64/../../../Engine/Shaders/DistanceFieldSurfaceCacheLightingCompute.usf" 314
"D:/Tools/Unreal Engine 4/Epic Games/4.8/Engine/Binaries/Win64/../../../Engine/Shaders/DistanceFieldShadowing.usf" 315
"D:/Tools/Unreal Engine 4/Epic Games/4.8/Engine/Binaries/Win64/../../../Engine/Shaders/DepthOnlyPixelShader.usf" 316
"D:/Tools/Unreal Engine 4/Epic Games/4.8/Engine/Binaries/Win64/../../../Engine/Shaders/DepthOnlyVertexShader.usf" 317
"D:/Tools/Unreal Engine 4/Epic Games/4.8/Engine/Binaries/Win64/../../../Engine/Shaders/PositionOnlyDepthVertexShader.usf" 318
"D:/Tools/Unreal Engine 4/Epic Games/4.8/Engine/Binaries/Win64/../../../Engine/Shaders/DownsampleDepthPixelShader.usf" 319
"D:/Tools/Unreal Engine 4/Epic Games/4.8/Engine/Binaries/Win64/../../../Engine/Shaders/EvaluateSurfelMaterial.usf" 320
"D:/Tools/Unreal Engine 4/Epic Games/4.8/Engine/Binaries/Win64/../../../Engine/Shaders/ConvertToUniformMesh.usf" 321
"D:/Tools/Unreal Engine 4/Epic Games/4.8/Engine/Binaries/Win64/../../../Engine/Shaders/BasePassPixelShader.usf" 322
"D:/Tools/Unreal Engine 4/Epic Games/4.8/Engine/Binaries/Win64/../../../Engine/Shaders/BasePassCommon.usf" 323
"D:/Tools/Unreal Engine 4/Epic Games/4.8/Engine/Binaries/Win64/../../../Engine/Shaders/ForEachLight.usf" 324
"D:/Tools/Unreal Engine 4/Epic Games/4.8/Engine/Binaries/Win64/../../../Engine/Shaders/BasePassVertexShader.usf" 325
"D:/Tools/Unreal Engine 4/Epic Games/4.8/Engine/Binaries/Win64/../../../Engine/Shaders/BasePassVertexCommon.usf" 326
"D:/Tools/Unreal Engine 4/Epic Games/4.8/Engine/Binaries/Win64/../../../Engine/Shaders/BasePassTessellationShaders.usf" 327
"D:/Tools/Unreal Engine 4/Epic Games/4.8/Engine/Binaries/Win64/../../../Engine/Shaders/AtmospherePrecompute.usf" 328
"D:/Tools/Unreal Engine 4/Epic Games/4.8/Engine/Binaries/Win64/../../../Engine/Shaders/AtmospherePrecomputeCommon.usf" 329
"D:/Tools/Unreal Engine 4/Epic Games/4.8/Engine/Binaries/Win64/../../../Engine/Shaders/AtmospherePrecomputeInscatter.usf" 330
"D:/Tools/Unreal Engine 4/Epic Games/4.8/Engine/Binaries/Win64/../../../Engine/Shaders/AtmosphericFogShader.usf" 331
"D:/Tools/Unreal Engine 4/Epic Games/4.8/Engine/Binaries/Win64/../../../Engine/Shaders/ResolveVertexShader.usf" 332
"D:/Tools/Unreal Engine 4/Epic Games/4.8/Engine/Binaries/Win64/../../../Engine/Shaders/ResolvePixelShader.usf" 333
"D:/Tools/Unreal Engine 4/Epic Games/4.8/Engine/Binaries/Win64/../../../Engine/Shaders/OneColorShader.usf" 334
"D:/Tools/Unreal Engine 4/Epic Games/4.8/Engine/Binaries/Win64/../../../Engine/Shaders/ClearReplacementShaders.usf" 335
"../../../Engine/Config/Android/AndroidEngine.ini" 336
"../../../Engine/Config/HTML5/HTML5Engine.ini" 337
"../../../Engine/Config/IOS/IOSEngine.ini" 338
"../../../Engine/Config/Linux/LinuxEngine.ini" 339
"C:/Users/lotte/AppData/Local/UnrealEngine/4.8/DerivedDataCache/Boot.ddc" 340
"../../../Engine/DerivedDataCache/Compressed.ddp" 341
"../../../Engine/Content/EditorResources/S_Actor.uasset" 342
"../../../Engine/Content/Maps/Templates/Thumbnails/Default.uasset" 343
"../../../Engine/Content/EditorMaterials/ParticleSystems/PSysThumbnail_NoImage.uasset" 344
"../../../Engine/Content/EditorMaterials/ParticleSystems/PSysThumbnail_OOD.uasset" 345
"../../../Engine/Content/EditorLandscapeResources/DataLayer.uasset" 346
"../../../Engine/Content/EngineFonts/Roboto.uasset" 347
"../../../Engine/Content/EngineMaterials/Widget3DPassThrough_Translucent.uasset" 348
"../../../Engine/Content/EngineMaterials/Widget3DPassThrough.uasset" 349
"../../../Engine/Content/EngineResources/WhiteSquareTexture.uasset" 350
"../../../Engine/Content/Functions/Engine_MaterialFunctions01/Shading/PowerToRoughness.uasset" 351
"../../../Engine/Content/Functions/Engine_MaterialFunctions01/Shading/ConvertFromDiffSpec.uasset" 352
"../../../Engine/Content/EngineMaterials/WorldGridMaterial.uasset" 353
"../../../Engine/Content/Functions/Engine_MaterialFunctions01/Opacity/CameraDepthFade.uasset" 354
"../../../Engine/Content/EngineMaterials/T_Default_Material_Grid_M.uasset" 355
"../../../Engine/Content/EngineMaterials/T_Default_Material_Grid_N.uasset" 356
"../../../Engine/Content/EngineMaterials/DefaultDeferredDecalMaterial.uasset" 357
"../../../Engine/Content/EngineMaterials/DefaultDiffuse.uasset" 358
"../../../Engine/Content/EngineMaterials/DefaultLightFunctionMaterial.uasset" 359
"../../../Engine/Content/EngineMaterials/DefaultPostProcessMaterial.uasset" 360
"../../../Engine/Content/Functions/Engine_MaterialFunctions02/Utility/BreakOutFloat2Components.uasset" 361
"../../../Engine/Content/EngineResources/DefaultTexture.uasset" 362
"../../../Engine/Content/EngineMaterials/Widget3DPassThrough_Translucent_OneSided.uasset" 363
"../../../Engine/Content/EngineMaterials/Widget3DPassThrough_Opaque.uasset" 364
"../../../Engine/Content/EngineMaterials/Widget3DPassThrough_Opaque_OneSided.uasset" 365
"../../../Engine/Content/EngineDamageTypes/DmgTypeBP_Environmental.uasset" 366
"..\..\..\Engine\Content\Internationalization\icudt53l\numberingSystems.res" 367
"..\..\..\Engine\Content\Internationalization\icudt53l\curr\supplementalData.res" 368
"..\..\..\Engine\Content\Internationalization\icudt53l\curr\pool.res" 369
"..\..\..\Engine\Content\Internationalization\icudt53l\curr\en.res" 370
"..\..\..\Engine\Content\Internationalization\icudt53l\curr\root.res" 371
"../../../Engine/Content/EngineMeshes/Sphere.uasset" 372
"../../../Engine/Content/EngineFonts/RobotoDistanceField.uasset" 373
"../../../Engine/Content/EngineMaterials/DefaultTextMaterialOpaque.uasset" 374
"../../../Engine/Content/EditorResources/S_Trigger.uasset" 375
"../../../Engine/Content/EngineResources/GradientTexture0.uasset" 376
"../../../Engine/Content/EngineResources/Black.uasset" 377
"../../../Engine/Content/EditorMaterials/MatineeGroups/MAT_Groups_Float.uasset" 378
"../../../Engine/Content/EditorMaterials/MatineeGroups/MAT_Groups_Director.uasset" 379
"../../../Engine/Content/EditorMaterials/MatineeGroups/MAT_Groups_Event.uasset" 380
"../../../Engine/Content/EditorMaterials/MatineeGroups/MAT_Groups_Anim.uasset" 381
"../../../Engine/Content/EditorMaterials/MatineeGroups/MAT_Groups_Fade.uasset" 382
"../../../Engine/Content/EditorMaterials/MatineeGroups/MAT_Groups_Move.uasset" 383
"../../../Engine/Content/EditorMaterials/MatineeGroups/MAT_Groups_Slomo.uasset" 384
"../../../Engine/Content/EditorMaterials/MatineeGroups/MAT_ColorTrack.uasset" 385
"../../../Engine/Content/EditorMaterials/MAT_Groups_Toggle.uasset" 386
"../../../Engine/Content/EditorMaterials/MatineeGroups/MAT_Groups_AudioMaster.uasset" 387
"../../../Engine/Content/EditorMaterials/MatineeGroups/MAT_Groups_Sound.uasset" 388
"../../../Engine/Content/EditorMaterials/MatineeGroups/MAT_Groups_Vector.uasset" 389
"../../../Engine/Content/EditorMaterials/MAT_Groups_Visibility.uasset" 390
"../../../Engine/Content/EngineResources/DefaultTextureCube.uasset" 391
"../../../Engine/Content/EngineSounds/Master.uasset" 392
"../../../Engine/Content/EngineSounds/Music.uasset" 393
"../../../Engine/Content/EngineSounds/SFX.uasset" 394
"../../../Engine/Content/EngineSounds/Normal_Attack.uasset" 395
"../../../Engine/Content/EngineSounds/Special_Attack_PSM.uasset" 396
"../../../Engine/Content/EngineSounds/Duck_Normal_Attack_MixMod.uasset" 397
"../../../Engine/Content/EngineSounds/Voice.uasset" 398
"../../../Engine/Content/EngineMeshes/Cylinder.uasset" 399
"../../../Engine/Content/EngineMaterials/DefaultMaterial.uasset" 400
"../../../Engine/Content/EngineTireTypes/DefaultTireType.uasset" 401
"../../../Engine/Content/Editor/Slate/Fonts/FontAwesome.ttf" 402
"../../../Engine/Content/Editor/Slate/Fonts/DroidSansMono.ttf" 403
"../../../Engine/Content/Editor/Slate/Fonts/Roboto-BoldCondensed.ttf" 404
"../../../Engine/Content/Editor/Slate/Fonts/Roboto-Black.ttf" 405
"../../../Engine/Content/Editor/Slate/Fonts/Roboto-Italic.ttf" 406
"../../../Engine/Content/Editor/Slate/Fonts/Roboto-BoldCondensedItalic.ttf" 407
"..\..\..\Engine\Content\Internationalization\icudt53l\coll\ucadata.icu" 408
"..\..\..\Engine\Content\Internationalization\icudt53l\nfc.nrm" 409
"..\..\..\Engine\Content\Internationalization\icudt53l\coll\en.res" 410
"..\..\..\Engine\Content\Internationalization\icudt53l\coll\root.res" 411
"../../../Engine/Content/EngineResources/AICON-Red.uasset" 412
"../../../Engine/Content/EngineResources/AICON-Green.uasset" 413
"../../../Engine/Plugins/2D/Paper2D/Content/MaskedUnlitSpriteMaterial.uasset" 414
"../../../Engine/Plugins/2D/Paper2D/Content/DefaultSpriteMaterial.uasset" 415
"../../../Engine/Plugins/2D/Paper2D/Content/DummySpriteTexture.uasset" 416
"../../../Engine/Plugins/2D/Paper2D/Content/PlaceholderTextures/DummySpriteTexture.uasset" 417
"../../../Engine/Plugins/2D/Paper2D/Content/OpaqueUnlitSpriteMaterial.uasset" 418
"../../../Engine/Plugins/2D/Paper2D/Content/DefaultPaperTerrainMaterial.uasset" 419
"../../../Engine/Plugins/2D/Paper2D/Content/DummySprite.uasset" 420
"C:/Users/lotte/AppData/Local/UnrealEngine/4.8/Saved/Config/Windows/SourceControlSettings.ini" 421
"../../../../../../../Unreal Projects/eyesshut_mainmenu/eyes_shut/Intermediate/Config/CoalescedSourceConfigs/SourceControlSettings.ini" 422
"D:/Unreal Projects/eyesshut_mainmenu/eyes_shut/Saved/Config/Windows/SourceControlSettings.ini" 423
"../../../Engine/Plugins/Runtime/LeapMotionController/Content/LM_CapsuleMesh.uasset" 424
"../../../Engine/Plugins/Runtime/LeapMotionController/Content/LM_TorusMesh.uasset" 425
"../../../Engine/Plugins/Runtime/LeapMotionController/Content/LM_HandColor.uasset" 426
"../../../Engine/Content/EngineMaterials/RemoveSurfaceMaterial.uasset" 427
"../../../Engine/Content/EngineDebugMaterials/DebugMeshMaterial.uasset" 428
"../../../Engine/Content/EngineMaterials/M_InvalidLightmapSettings.uasset" 429
"../../../Engine/Content/EngineMaterials/InvalidLightmapSettings.uasset" 430
"../../../Engine/Content/EditorMaterials/GizmoMaterial.uasset" 431
"../../../Engine/Content/EngineMaterials/Good64x64TilingNoiseHighFreq.uasset" 432
"../../../Engine/Content/EngineMaterials/DefaultBokeh.uasset" 433
"../../../Engine/Content/EngineMaterials/PreintegratedSkinBRDF.uasset" 434
"../../../Engine/Content/EngineMaterials/MiniFont.uasset" 435
"../../../Engine/Content/EngineMaterials/WeightMapPlaceholderTexture.uasset" 436
"../../../Engine/Content/EngineMaterials/DefaultWhiteGrid.uasset" 437
"../../../Engine/Content/EngineMaterials/DefaultPhysicalMaterial.uasset" 438
"../../../Engine/Content/EngineFonts/RobotoTiny.uasset" 439
"../../../../../../../Unreal Projects/eyesshut_mainmenu/eyes_shut/Intermediate/CachedAssetRegistry.bin" 440
"../../../../../../../Unreal Projects/eyesshut_mainmenu/eyes_shut/Saved/Autosaves/Game/mainmenu_Auto1.uasset" 441
"../../../../../../../Unreal Projects/eyesshut_mainmenu/eyes_shut/Saved/Autosaves/Game/NewMap_Auto2.umap" 442
"../../../../../../../Unreal Projects/eyesshut_mainmenu/eyes_shut/Saved/Autosaves/Game/UEDPCmainmenu_Level.umap" 443
"../../../../../../../Unreal Projects/eyesshut_mainmenu/eyes_shut/Saved/Autosaves/Game/UEDPCNewMap.umap" 444
"../../../../../../../Unreal Projects/eyesshut_mainmenu/eyes_shut/Saved/Autosaves/Temp/Untitled_1_Auto1.umap" 445
"D:/Unreal Projects/eyesshut_mainmenu/eyes_shut/Saved/Cooked/WindowsNoEditor/eyes_shut/CookedIniVersion.txt" 446
"../../../Engine/Content/MobileResources/HUD/VirtualJoystick_Thumb.uasset" 447
"../../../Engine/Content/EditorResources/BSPVertex.uasset" 448
"../../../Engine/Content/EngineDebugMaterials/WireframeMaterial.uasset" 449
"../../../Engine/Content/EngineDebugMaterials/GeomMaterial.uasset" 450
"../../../Engine/Content/EngineDebugMaterials/LevelColorationLitMaterial.uasset" 451
"../../../Engine/Content/EngineDebugMaterials/LevelColorationUnlitMaterial.uasset" 452
"../../../Engine/Content/EngineDebugMaterials/MAT_LevelColorationLitLightmapUV.uasset" 453
"../../../Engine/Content/EngineDebugMaterials/ShadedLevelColorationLitMaterial.uasset" 454
"../../../Engine/Content/EngineDebugMaterials/ShadedLevelColorationUnlitMateri.uasset" 455
"../../../Engine/Content/EngineDebugMaterials/VertexColorMaterial.uasset" 456
"../../../Engine/Content/EngineDebugMaterials/VertexColorViewMode_ColorOnly.uasset" 457
"../../../Engine/Content/EngineDebugMaterials/VertexColorViewMode_AlphaAsColor.uasset" 458
"../../../Engine/Content/EngineDebugMaterials/VertexColorViewMode_RedOnly.uasset" 459
"../../../Engine/Content/EngineDebugMaterials/VertexColorViewMode_GreenOnly.uasset" 460
"../../../Engine/Content/EngineDebugMaterials/VertexColorViewMode_BlueOnly.uasset" 461
"../../../Engine/Content/EngineDebugMaterials/BoneWeightMaterial.uasset" 462
"../../../Engine/Content/EngineDebugMaterials/HeatmapGradient.uasset" 463
"../../../Engine/Content/EditorMaterials/PhAT_JointLimitMaterial.uasset" 464
"../../../Engine/Content/EditorMaterials/PreviewShadowIndicatorMaterial.uasset" 465
"../../../Engine/Content/EditorMaterials/PreviewShadowIndicator.uasset" 466
"../../../Engine/Content/EngineMaterials/EditorBrushMaterial.uasset" 467
"../../../Engine/Content/EditorMeshes/ColorCalibrator/SM_ColorCalibrator.uasset" 468
"../../../Engine/Content/EditorMeshes/ColorCalibrator/M_ChromeBall.uasset" 469
"../../../Engine/Content/EditorMeshes/ColorCalibrator/M_ClearCoat.uasset" 470
"../../../Engine/Content/EditorMeshes/ColorCalibrator/M_ClearCoatBlack.uasset" 471
"../../../Engine/Content/EditorMeshes/ColorCalibrator/M_ColorGrid.uasset" 472
"../../../Engine/Content/EditorMeshes/ColorCalibrator/T_ColorGrid.uasset" 473
"../../../Engine/Content/EditorMeshes/ColorCalibrator/M_GreyBall.uasset" 474
"../../../Engine/Content/MobileResources/HUD/DefaultVirtualJoysticks.uasset" 475
"../../../Engine/Content/MobileResources/HUD/VirtualJoystick_Background.uasset" 476
"../../../../../../../Unreal Projects/eyesshut_mainmenu/eyes_shut/Content/StarterContent/Textures/T_PatchyGrass_N.uasset" 477
"../../../../../../../Unreal Projects/eyesshut_mainmenu/eyes_shut/Content/StarterContent/Textures/T_PatchyGrass_D.uasset" 478
"../../../../../../../Unreal Projects/eyesshut_mainmenu/eyes_shut/Content/StarterContent/Textures/T_Paint_Metal_Rust_N.uasset" 479
"../../../../../../../Unreal Projects/eyesshut_mainmenu/eyes_shut/Content/StarterContent/Textures/T_Paint_Metal_Rust_D.uasset" 480
"../../../../../../../Unreal Projects/eyesshut_mainmenu/eyes_shut/Content/StarterContent/Textures/T_PaintedMetal01_N.uasset" 481
"../../../../../../../Unreal Projects/eyesshut_mainmenu/eyes_shut/Content/StarterContent/Textures/T_PaintedMetal01.uasset" 482
"../../../../../../../Unreal Projects/eyesshut_mainmenu/eyes_shut/Content/StarterContent/Textures/T_Metal_Steel_N.uasset" 483
"../../../../../../../Unreal Projects/eyesshut_mainmenu/eyes_shut/Content/StarterContent/Textures/T_Metal_Scuffed_D.uasset" 484
"../../../../../../../Unreal Projects/eyesshut_mainmenu/eyes_shut/Content/StarterContent/Textures/T_Metal_Rust_N.uasset" 485
"../../../../../../../Unreal Projects/eyesshut_mainmenu/eyes_shut/Content/StarterContent/Textures/T_Brick_Clay_Beveled_N.uasset" 486
"../../../../../../../Unreal Projects/eyesshut_mainmenu/eyes_shut/Content/StarterContent/Textures/T_Metal_Metal01_D.uasset" 487
"../../../../../../../Unreal Projects/eyesshut_mainmenu/eyes_shut/Content/StarterContent/Textures/T_Metal_Gold_N.uasset" 488
"../../../../../../../Unreal Projects/eyesshut_mainmenu/eyes_shut/Content/StarterContent/Materials/M_ColorGrid_LowSpec.uasset" 489
"../../../../../../../Unreal Projects/eyesshut_mainmenu/eyes_shut/Content/StarterContent/Materials/M_CobbleStone_Smooth.uasset" 490
"../../../../../../../Unreal Projects/eyesshut_mainmenu/eyes_shut/Content/StarterContent/Textures/T_CobbleStone_Smooth_D.uasset" 491
"../../../../../../../Unreal Projects/eyesshut_mainmenu/eyes_shut/Content/StarterContent/Textures/T_CobbleStone_Smooth_M.uasset" 492
"../../../../../../../Unreal Projects/eyesshut_mainmenu/eyes_shut/Content/StarterContent/Textures/T_CobbleStone_Smooth_N.uasset" 493
"../../../../../../../Unreal Projects/eyesshut_mainmenu/eyes_shut/Content/StarterContent/Textures/T_Gradinet_01.uasset" 494
"../../../../../../../Unreal Projects/eyesshut_mainmenu/eyes_shut/Content/StarterContent/Textures/T_MacroVariation.uasset" 495
"../../../../../../../Unreal Projects/eyesshut_mainmenu/eyes_shut/Content/StarterContent/Textures/T_Rock_Smooth_Granite_D.uasset" 496
"../../../../../../../Unreal Projects/eyesshut_mainmenu/eyes_shut/Content/StarterContent/Materials/M_CobbleStone_Rough.uasset" 497
"../../../../../../../Unreal Projects/eyesshut_mainmenu/eyes_shut/Content/StarterContent/Textures/T_CobbleStone_Rough_D.uasset" 498
"../../../../../../../Unreal Projects/eyesshut_mainmenu/eyes_shut/Content/StarterContent/Textures/T_CobbleStone_Rough_N.uasset" 499
"../../../../../../../Unreal Projects/eyesshut_mainmenu/eyes_shut/Content/StarterContent/Materials/M_CobbleStone_Pebble.uasset" 500
"../../../../../../../Unreal Projects/eyesshut_mainmenu/eyes_shut/Content/StarterContent/Textures/T_CobbleStone_Pebble_D.uasset" 501
"../../../../../../../Unreal Projects/eyesshut_mainmenu/eyes_shut/Content/StarterContent/Textures/T_CobbleStone_Pebble_M.uasset" 502
"../../../../../../../Unreal Projects/eyesshut_mainmenu/eyes_shut/Content/StarterContent/Textures/T_CobbleStone_Pebble_N.uasset" 503
"../../../../../../../Unreal Projects/eyesshut_mainmenu/eyes_shut/Content/StarterContent/Materials/M_Ceramic_Tile_Checker.uasset" 504
"../../../../../../../Unreal Projects/eyesshut_mainmenu/eyes_shut/Content/StarterContent/Textures/T_Ceramic_Tile_M.uasset" 505
"../../../../../../../Unreal Projects/eyesshut_mainmenu/eyes_shut/Content/StarterContent/Textures/T_Ceramic_Tile_N.uasset" 506
"../../../../../../../Unreal Projects/eyesshut_mainmenu/eyes_shut/Content/StarterContent/Textures/T_Perlin_Noise_M.uasset" 507
"../../../../../../../Unreal Projects/eyesshut_mainmenu/eyes_shut/Content/StarterContent/Textures/T_Rock_Marble_Polished_D.uasset" 508
"../../../../../../../Unreal Projects/eyesshut_mainmenu/eyes_shut/Content/StarterContent/Materials/M_Brick_Hewn_Stone.uasset" 509
"../../../../../../../Unreal Projects/eyesshut_mainmenu/eyes_shut/Content/StarterContent/Textures/T_Brick_Hewn_Stone_D.uasset" 510
"../../../../../../../Unreal Projects/eyesshut_mainmenu/eyes_shut/Content/StarterContent/Textures/T_Brick_Hewn_Stone_M.uasset" 511
"../../../../../../../Unreal Projects/eyesshut_mainmenu/eyes_shut/Content/StarterContent/Textures/T_Brick_Hewn_Stone_N.uasset" 512
"../../../../../../../Unreal Projects/eyesshut_mainmenu/eyes_shut/Content/StarterContent/Textures/T_Detail_Rocky_N.uasset" 513
"../../../../../../../Unreal Projects/eyesshut_mainmenu/eyes_shut/Content/StarterContent/Materials/M_Brick_Cut_Stone.uasset" 514
"../../../../../../../Unreal Projects/eyesshut_mainmenu/eyes_shut/Content/StarterContent/Textures/T_Brick_Cut_Stone_D.uasset" 515
"../../../../../../../Unreal Projects/eyesshut_mainmenu/eyes_shut/Content/StarterContent/Textures/T_Brick_Cut_Stone_N.uasset" 516
"../../../../../../../Unreal Projects/eyesshut_mainmenu/eyes_shut/Content/StarterContent/Materials/M_Brick_Clay_Old.uasset" 517
"../../../../../../../Unreal Projects/eyesshut_mainmenu/eyes_shut/Content/StarterContent/Textures/T_Brick_Clay_Old_D.uasset" 518
"../../../../../../../Unreal Projects/eyesshut_mainmenu/eyes_shut/Content/StarterContent/Textures/T_Brick_Clay_Old_N.uasset" 519
"../../../../../../../Unreal Projects/eyesshut_mainmenu/eyes_shut/Content/StarterContent/Materials/M_Brick_Clay_New.uasset" 520
"../../../../../../../Unreal Projects/eyesshut_mainmenu/eyes_shut/Content/StarterContent/Textures/T_Brick_Clay_New_D.uasset" 521
"../../../../../../../Unreal Projects/eyesshut_mainmenu/eyes_shut/Content/StarterContent/Textures/T_Brick_Clay_New_M.uasset" 522
"../../../../../../../Unreal Projects/eyesshut_mainmenu/eyes_shut/Content/StarterContent/Textures/T_Brick_Clay_New_N.uasset" 523
"../../../../../../../Unreal Projects/eyesshut_mainmenu/eyes_shut/Content/StarterContent/Materials/M_Brick_Clay_Beveled.uasset" 524
"../../../../../../../Unreal Projects/eyesshut_mainmenu/eyes_shut/Content/StarterContent/Textures/T_Brick_Clay_Beveled_D.uasset" 525
"../../../../../../../Unreal Projects/eyesshut_mainmenu/eyes_shut/Content/StarterContent/Textures/T_Brick_Clay_Beveled_M.uasset" 526
"../../../../../../../Unreal Projects/eyesshut_mainmenu/eyes_shut/Content/StarterContent/Materials/M_Basic_Wall.uasset" 527
"../../../../../../../Unreal Projects/eyesshut_mainmenu/eyes_shut/Content/StarterContent/Materials/M_Basic_Floor.uasset" 528
"../../../../../../../Unreal Projects/eyesshut_mainmenu/eyes_shut/Content/StarterContent/Materials/M_AssetPlatform.uasset" 529
"../../../../../../../Unreal Projects/eyesshut_mainmenu/eyes_shut/Content/StarterContent/HDRI/HDRI_Epic_Courtyard_Daylight.uasset" 530
"../../../../../../../Unreal Projects/eyesshut_mainmenu/eyes_shut/Content/StarterContent/Props/MaterialSphere.uasset" 531
"../../../../../../../Unreal Projects/eyesshut_mainmenu/eyes_shut/Content/StarterContent/Particles/Materials/M_Spark.uasset" 532
"../../../../../../../Unreal Projects/eyesshut_mainmenu/eyes_shut/Content/StarterContent/Textures/T_Spark_Core.uasset" 533
"../../../../../../../Unreal Projects/eyesshut_mainmenu/eyes_shut/Content/StarterContent/Particles/Materials/M_smoke_subUV.uasset" 534
"../../../../../../../Unreal Projects/eyesshut_mainmenu/eyes_shut/Content/StarterContent/Textures/T_Smoke_SubUV.uasset" 535
"../../../../../../../Unreal Projects/eyesshut_mainmenu/eyes_shut/Content/StarterContent/Textures/T_Smoke_Tiled_D.uasset" 536
"../../../../../../../Unreal Projects/eyesshut_mainmenu/eyes_shut/Content/StarterContent/Particles/Materials/M_radial_ramp.uasset" 537
"../../../Engine/Content/Functions/Engine_MaterialFunctions01/Gradient/RadialGradient.uasset" 538
"../../../../../../../Unreal Projects/eyesshut_mainmenu/eyes_shut/Content/StarterContent/Particles/Materials/M_Radial_Gradient.uasset" 539
"../../../../../../../Unreal Projects/eyesshut_mainmenu/eyes_shut/Content/StarterContent/Particles/Materials/M_Heat_Distortion.uasset" 540
"../../../../../../../Unreal Projects/eyesshut_mainmenu/eyes_shut/Content/StarterContent/Textures/T_Water_N.uasset" 541
"../../../../../../../Unreal Projects/eyesshut_mainmenu/eyes_shut/Content/StarterContent/Particles/Materials/m_flare_01.uasset" 542
"../../../../../../../Unreal Projects/eyesshut_mainmenu/eyes_shut/Content/StarterContent/Particles/Materials/M_Fire_SubUV.uasset" 543
"../../../../../../../Unreal Projects/eyesshut_mainmenu/eyes_shut/Content/StarterContent/Textures/T_Fire_SubUV.uasset" 544
"../../../../../../../Unreal Projects/eyesshut_mainmenu/eyes_shut/Content/StarterContent/Textures/T_Fire_Tiled_D.uasset" 545
"../../../../../../../Unreal Projects/eyesshut_mainmenu/eyes_shut/Content/StarterContent/Particles/Materials/M_explosion_subUV.uasset" 546
"../../../../../../../Unreal Projects/eyesshut_mainmenu/eyes_shut/Content/StarterContent/Textures/T_Explosion_SubUV.uasset" 547
"../../../../../../../Unreal Projects/eyesshut_mainmenu/eyes_shut/Content/StarterContent/Particles/Materials/M_Dust_Particle.uasset" 548
"../../../../../../../Unreal Projects/eyesshut_mainmenu/eyes_shut/Content/StarterContent/Textures/T_Dust_Particle_D.uasset" 549
"../../../../../../../Unreal Projects/eyesshut_mainmenu/eyes_shut/Content/StarterContent/Particles/Materials/M_Burst.uasset" 550
"../../../../../../../Unreal Projects/eyesshut_mainmenu/eyes_shut/Content/StarterContent/Textures/T_Burst_M.uasset" 551
"../../../../../../../Unreal Projects/eyesshut_mainmenu/eyes_shut/Content/StarterContent/Particles/P_Steam_Lit.uasset" 552
"../../../Engine/Content/MobileResources/HUD/T_Castle_ThumbstickOutter.uasset" 553
"../../../Engine/Content/MobileResources/HUD/MobileHUDDirectionPad3.uasset" 554
"../../../../../../../Unreal Projects/eyesshut_mainmenu/eyes_shut/Content/StarterContent/Textures/T_Single_Tile_N.uasset" 555
"../../../../../../../Unreal Projects/eyesshut_mainmenu/eyes_shut/Content/StarterContent/Textures/T_Rock_Slate_N.uasset" 556
"../../../../../../../Unreal Projects/eyesshut_mainmenu/eyes_shut/Content/StarterContent/Textures/T_Rocky_01_N.uasset" 557
"../../../../../../../Unreal Projects/eyesshut_mainmenu/eyes_shut/Content/StarterContent/Textures/T_RockMesh_N.uasset" 558
"../../../../../../../Unreal Projects/eyesshut_mainmenu/eyes_shut/Content/StarterContent/Textures/T_Concrete_Poured_D.uasset" 559
"../../../../../../../Unreal Projects/eyesshut_mainmenu/eyes_shut/Content/StarterContent/Textures/T_CobbleStone_04_D.uasset" 560
"../../../../../../../Unreal Projects/eyesshut_mainmenu/eyes_shut/Content/StarterContent/Textures/T_CobbleStone_04b_D.uasset" 561
"../../../../../../../Unreal Projects/eyesshut_mainmenu/eyes_shut/Content/StarterContent/Textures/T_CobbleDark_01_D.uasset" 562
"../../../../../../../Unreal Projects/eyesshut_mainmenu/eyes_shut/Content/StarterContent/Textures/T_Cliff_N.uasset" 563
"../../../../../../../Unreal Projects/eyesshut_mainmenu/eyes_shut/Content/StarterContent/Textures/T_Cliff_M.uasset" 564
"../../../../../../../Unreal Projects/eyesshut_mainmenu/eyes_shut/Content/StarterContent/Textures/T_Checker_Noise_M.uasset" 565
"../../../../../../../Unreal Projects/eyesshut_mainmenu/eyes_shut/Content/StarterContent/Audio/Collapse_Cue.uasset" 566
"../../../../../../../Unreal Projects/eyesshut_mainmenu/eyes_shut/Content/StarterContent/Audio/Collapse01.uasset" 567
"../../../../../../../Unreal Projects/eyesshut_mainmenu/eyes_shut/Content/StarterContent/Audio/Collapse02.uasset" 568
"../../../../../../../Unreal Projects/eyesshut_mainmenu/eyes_shut/Content/StarterContent/Architecture/Wall_Window_400x400.uasset" 569
"../../../../../../../Unreal Projects/eyesshut_mainmenu/eyes_shut/Content/StarterContent/Architecture/Wall_Window_400x300.uasset" 570
"../../../../../../../Unreal Projects/eyesshut_mainmenu/eyes_shut/Content/StarterContent/Architecture/Wall_Door_400x400.uasset" 571
"../../../../../../../Unreal Projects/eyesshut_mainmenu/eyes_shut/Content/StarterContent/Architecture/Wall_Door_400x300.uasset" 572
"../../../../../../../Unreal Projects/eyesshut_mainmenu/eyes_shut/Content/StarterContent/Architecture/Wall_500x500.uasset" 573
"../../../../../../../Unreal Projects/eyesshut_mainmenu/eyes_shut/Content/StarterContent/Architecture/Wall_400x400.uasset" 574
"../../../../../../../Unreal Projects/eyesshut_mainmenu/eyes_shut/Content/StarterContent/Architecture/Wall_400x300.uasset" 575
"../../../../../../../Unreal Projects/eyesshut_mainmenu/eyes_shut/Content/StarterContent/Architecture/Wall_400x200.uasset" 576
"../../../../../../../Unreal Projects/eyesshut_mainmenu/eyes_shut/Content/StarterContent/Architecture/SM_FloorPiece500x500.uasset" 577
"../../../../../../../Unreal Projects/eyesshut_mainmenu/eyes_shut/Content/StarterContent/Architecture/SM_CeilingPiece500x500.uasset" 578
"../../../../../../../Unreal Projects/eyesshut_mainmenu/eyes_shut/Content/StarterContent/Architecture/SM_AssetPlatform.uasset" 579
"../../../../../../../Unreal Projects/eyesshut_mainmenu/eyes_shut/Content/StarterContent/Architecture/Pillar_50x500.uasset" 580
"../../../../../../../Unreal Projects/eyesshut_mainmenu/eyes_shut/Content/StarterContent/Architecture/Floor_400x400.uasset" 581
"C:/Users/lotte/AppData/Local/UnrealEngine/Common/DerivedDataCache/6/1/2/PHYSX_$7B1F0627AE$2DABEB$2D4206$2D8D78$2DE16BEB5DDC7E$7D_PHYSXPC_6062A54A4122A__B763480FC6179397A42A230F2D9F446B10D0E98B.udd" 582
"C:/Users/lotte/AppData/Local/UnrealEngine/Common/DerivedDataCache/9/8/5/NAVCOLLISION_B89838347A4348138EE337A847529C5C_NAVCOLLISION_X_6062A54A4122ACE27__56E164EC64E9BBDCED3E40B072CFB537A84C895C.udd" 583
"../../../../../../../Unreal Projects/eyesshut_mainmenu/eyes_shut/Content/pause_menu.uasset" 584
"../../../../../../../Unreal Projects/eyesshut_mainmenu/eyes_shut/Content/mainmenu.uasset" 585
"../../../Engine/Content/MobileResources/HUD/T_Castle_ThumbstickInner.uasset" 586
"../../../../../../../Unreal Projects/eyesshut_mainmenu/eyes_shut/Content/StarterContent/Textures/T_Metal_Metal03_N.uasset" 587
"../../../../../../../Unreal Projects/eyesshut_mainmenu/eyes_shut/Content/StarterContent/Textures/T_Metal_Metal03_D.uasset" 588
"../../../../../../../Unreal Projects/eyesshut_mainmenu/eyes_shut/Content/StarterContent/Textures/T_Metal_Metal01_N.uasset" 589
"../../../../../../../Unreal Projects/eyesshut_mainmenu/eyes_shut/Content/StarterContent/Textures/T_Metal_Gold_D.uasset" 590
"../../../../../../../Unreal Projects/eyesshut_mainmenu/eyes_shut/Content/StarterContent/Props/Materials/M_Bush.uasset" 591
"../../../../../../../Unreal Projects/eyesshut_mainmenu/eyes_shut/Content/StarterContent/Textures/T_Bush_D.uasset" 592
"../../../../../../../Unreal Projects/eyesshut_mainmenu/eyes_shut/Content/StarterContent/Textures/T_Bush_N.uasset" 593
"../../../../../../../Unreal Projects/eyesshut_mainmenu/eyes_shut/Content/StarterContent/Props/SM_WindowFrame.uasset" 594
"../../../../../../../Unreal Projects/eyesshut_mainmenu/eyes_shut/Content/StarterContent/Props/Materials/M_Frame.uasset" 595
"../../../../../../../Unreal Projects/eyesshut_mainmenu/eyes_shut/Content/StarterContent/Textures/T_Frame_M.uasset" 596
"../../../../../../../Unreal Projects/eyesshut_mainmenu/eyes_shut/Content/StarterContent/Textures/T_Frame_N.uasset" 597
"../../../../../../../Unreal Projects/eyesshut_mainmenu/eyes_shut/Content/StarterContent/Props/SM_TableRound.uasset" 598
"../../../../../../../Unreal Projects/eyesshut_mainmenu/eyes_shut/Content/StarterContent/Props/Materials/M_TableRound.uasset" 599
"../../../../../../../Unreal Projects/eyesshut_mainmenu/eyes_shut/Content/StarterContent/Textures/T_TableRound_M.uasset" 600
"../../../../../../../Unreal Projects/eyesshut_mainmenu/eyes_shut/Content/StarterContent/Textures/T_TableRound_N.uasset" 601
"../../../../../../../Unreal Projects/eyesshut_mainmenu/eyes_shut/Content/StarterContent/Props/SM_Statue.uasset" 602
"../../../../../../../Unreal Projects/eyesshut_mainmenu/eyes_shut/Content/StarterContent/Props/Materials/M_Statue.uasset" 603
"../../../../../../../Unreal Projects/eyesshut_mainmenu/eyes_shut/Content/StarterContent/Textures/T_Statue_M.uasset" 604
"../../../../../../../Unreal Projects/eyesshut_mainmenu/eyes_shut/Content/StarterContent/Textures/T_Statue_N.uasset" 605
"../../../../../../../Unreal Projects/eyesshut_mainmenu/eyes_shut/Content/StarterContent/Props/Materials/M_StatueGlass.uasset" 606
"../../../../../../../Unreal Projects/eyesshut_mainmenu/eyes_shut/Content/StarterContent/Props/SM_Stairs.uasset" 607
"../../../../../../../Unreal Projects/eyesshut_mainmenu/eyes_shut/Content/StarterContent/Props/SM_Shelf.uasset" 608
"../../../../../../../Unreal Projects/eyesshut_mainmenu/eyes_shut/Content/StarterContent/Props/Materials/M_Shelf.uasset" 609
"../../../../../../../Unreal Projects/eyesshut_mainmenu/eyes_shut/Content/StarterContent/Textures/T_Shelf_M.uasset" 610
"../../../../../../../Unreal Projects/eyesshut_mainmenu/eyes_shut/Content/StarterContent/Textures/T_Shelf_N.uasset" 611
"../../../../../../../Unreal Projects/eyesshut_mainmenu/eyes_shut/Content/StarterContent/Props/SM_Rock.uasset" 612
"../../../../../../../Unreal Projects/eyesshut_mainmenu/eyes_shut/Content/StarterContent/Props/Materials/M_Rock.uasset" 613
"../../../Engine/Content/Functions/Engine_MaterialFunctions02/Utility/BlendAngleCorrectedNormals.uasset" 614
"../../../../../../../Unreal Projects/eyesshut_mainmenu/eyes_shut/Content/StarterContent/Textures/T_Rock_Basalt_D.uasset" 615
"../../../../../../../Unreal Projects/eyesshut_mainmenu/eyes_shut/Content/StarterContent/Textures/T_RockMesh_M.uasset" 616
"../../../../../../../Unreal Projects/eyesshut_mainmenu/eyes_shut/Content/StarterContent/Props/SM_PillarFrame300.uasset" 617
"../../../../../../../Unreal Projects/eyesshut_mainmenu/eyes_shut/Content/StarterContent/Props/SM_PillarFrame.uasset" 618
"../../../../../../../Unreal Projects/eyesshut_mainmenu/eyes_shut/Content/StarterContent/Props/SM_MatPreviewMesh_02.uasset" 619
"../../../../../../../Unreal Projects/eyesshut_mainmenu/eyes_shut/Content/StarterContent/Props/Materials/M_MaterialSphere.uasset" 620
"../../../../../../../Unreal Projects/eyesshut_mainmenu/eyes_shut/Content/StarterContent/Props/Materials/M_MaterialSphere_Plain.uasset" 621
"../../../../../../../Unreal Projects/eyesshut_mainmenu/eyes_shut/Content/StarterContent/Props/SM_Lamp_Wall.uasset" 622
"../../../../../../../Unreal Projects/eyesshut_mainmenu/eyes_shut/Content/StarterContent/Props/Materials/M_Lamp.uasset" 623
"../../../../../../../Unreal Projects/eyesshut_mainmenu/eyes_shut/Content/StarterContent/Textures/T_Lamp_M.uasset" 624
"../../../../../../../Unreal Projects/eyesshut_mainmenu/eyes_shut/Content/StarterContent/Textures/T_Lamp_N.uasset" 625
"../../../../../../../Unreal Projects/eyesshut_mainmenu/eyes_shut/Content/StarterContent/Props/SM_Lamp_Ceiling.uasset" 626
"../../../../../../../Unreal Projects/eyesshut_mainmenu/eyes_shut/Content/StarterContent/Props/SM_GlassWindow.uasset" 627
"../../../../../../../Unreal Projects/eyesshut_mainmenu/eyes_shut/Content/StarterContent/Materials/M_Glass.uasset" 628
"../../../../../../../Unreal Projects/eyesshut_mainmenu/eyes_shut/Content/StarterContent/Props/SM_DoorFrame.uasset" 629
"../../../../../../../Unreal Projects/eyesshut_mainmenu/eyes_shut/Content/StarterContent/Props/SM_Door.uasset" 630
"../../../../../../../Unreal Projects/eyesshut_mainmenu/eyes_shut/Content/StarterContent/Props/Materials/M_Door.uasset" 631
"../../../../../../../Unreal Projects/eyesshut_mainmenu/eyes_shut/Content/StarterContent/Textures/T_Door_M.uasset" 632
"../../../../../../../Unreal Projects/eyesshut_mainmenu/eyes_shut/Content/StarterContent/Textures/T_Door_N.uasset" 633
"../../../../../../../Unreal Projects/eyesshut_mainmenu/eyes_shut/Content/StarterContent/Props/SM_Couch.uasset" 634
"../../../../../../../Unreal Projects/eyesshut_mainmenu/eyes_shut/Content/StarterContent/Props/Materials/M_Chair.uasset" 635
"../../../../../../../Unreal Projects/eyesshut_mainmenu/eyes_shut/Content/StarterContent/Textures/T_Chair_M.uasset" 636
"../../../../../../../Unreal Projects/eyesshut_mainmenu/eyes_shut/Content/StarterContent/Textures/T_Chair_N.uasset" 637
"../../../../../../../Unreal Projects/eyesshut_mainmenu/eyes_shut/Content/StarterContent/Props/SM_CornerFrame.uasset" 638
"../../../../../../../Unreal Projects/eyesshut_mainmenu/eyes_shut/Content/StarterContent/Props/SM_Chair.uasset" 639
"../../../../../../../Unreal Projects/eyesshut_mainmenu/eyes_shut/Content/StarterContent/Props/SM_Bush.uasset" 640
"../../../../../../../Unreal Projects/eyesshut_mainmenu/eyes_shut/Content/StarterContent/Particles/P_Sparks.uasset" 641
"../../../../../../../Unreal Projects/eyesshut_mainmenu/eyes_shut/Content/StarterContent/Textures/T_Rock_06_D.uasset" 642
"../../../../../../../Unreal Projects/eyesshut_mainmenu/eyes_shut/Content/StarterContent/Textures/T_Rock_05_N.uasset" 643
"../../../../../../../Unreal Projects/eyesshut_mainmenu/eyes_shut/Content/StarterContent/Textures/T_Rock_05_D.uasset" 644
"../../../../../../../Unreal Projects/eyesshut_mainmenu/eyes_shut/Content/StarterContent/Textures/T_Rock_03_N.uasset" 645
"../../../../../../../Unreal Projects/eyesshut_mainmenu/eyes_shut/Content/StarterContent/Textures/T_Rock_03_D.uasset" 646
"../../../../../../../Unreal Projects/eyesshut_mainmenu/eyes_shut/Content/StarterContent/Textures/T_Rock_01_N.uasset" 647
"../../../../../../../Unreal Projects/eyesshut_mainmenu/eyes_shut/Content/StarterContent/Textures/T_Rock_01_D.uasset" 648
"../../../../../../../Unreal Projects/eyesshut_mainmenu/eyes_shut/Content/StarterContent/Particles/P_Smoke.uasset" 649
"../../../../../../../Unreal Projects/eyesshut_mainmenu/eyes_shut/Content/StarterContent/Materials/M_Wood_Oak.uasset" 650
"../../../../../../../Unreal Projects/eyesshut_mainmenu/eyes_shut/Content/StarterContent/Textures/T_Wood_Oak_D.uasset" 651
"../../../../../../../Unreal Projects/eyesshut_mainmenu/eyes_shut/Content/StarterContent/Textures/T_Wood_Oak_N.uasset" 652
"../../../../../../../Unreal Projects/eyesshut_mainmenu/eyes_shut/Content/StarterContent/Materials/M_Wood_Floor_Walnut_Worn.uasset" 653
"../../../Engine/Content/Functions/Engine_MaterialFunctions01/Opacity/AlphaOffset.uasset" 654
"../../../../../../../Unreal Projects/eyesshut_mainmenu/eyes_shut/Content/StarterContent/Textures/T_Wood_Floor_Walnut_D.uasset" 655
"../../../../../../../Unreal Projects/eyesshut_mainmenu/eyes_shut/Content/StarterContent/Textures/T_Wood_Floor_Walnut_M.uasset" 656
"../../../../../../../Unreal Projects/eyesshut_mainmenu/eyes_shut/Content/StarterContent/Textures/T_Wood_Floor_Walnut_N.uasset" 657
"../../../../../../../Unreal Projects/eyesshut_mainmenu/eyes_shut/Content/StarterContent/Materials/M_Wood_Floor_Walnut_Polished.uasset" 658
"../../../../../../../Unreal Projects/eyesshut_mainmenu/eyes_shut/Content/StarterContent/Materials/M_Water_Ocean.uasset" 659
"../../../../../../../Unreal Projects/eyesshut_mainmenu/eyes_shut/Content/StarterContent/Textures/T_Water_M.uasset" 660
"../../../../../../../Unreal Projects/eyesshut_mainmenu/eyes_shut/Content/StarterContent/Materials/M_Water_Lake.uasset" 661
"../../../../../../../Unreal Projects/eyesshut_mainmenu/eyes_shut/Content/StarterContent/Materials/M_Tech_Panel.uasset" 662
"../../../../../../../Unreal Projects/eyesshut_mainmenu/eyes_shut/Content/StarterContent/Textures/T_Metal_Steel_D.uasset" 663
"../../../../../../../Unreal Projects/eyesshut_mainmenu/eyes_shut/Content/StarterContent/Textures/T_Tech_Panel_M.uasset" 664
"../../../../../../../Unreal Projects/eyesshut_mainmenu/eyes_shut/Content/StarterContent/Textures/T_Tech_Panel_N.uasset" 665
"../../../../../../../Unreal Projects/eyesshut_mainmenu/eyes_shut/Content/StarterContent/Materials/M_Tech_Hex_Tile_Pulse.uasset" 666
"../../../../../../../Unreal Projects/eyesshut_mainmenu/eyes_shut/Content/StarterContent/Textures/T_Tech_Hex_Tile_M.uasset" 667
"../../../../../../../Unreal Projects/eyesshut_mainmenu/eyes_shut/Content/StarterContent/Textures/T_Tech_Hex_Tile_N.uasset" 668
"../../../../../../../Unreal Projects/eyesshut_mainmenu/eyes_shut/Content/StarterContent/Materials/M_Tech_Hex_Tile.uasset" 669
"../../../../../../../Unreal Projects/eyesshut_mainmenu/eyes_shut/Content/StarterContent/Materials/M_Tech_Checker_Dot.uasset" 670
"../../../../../../../Unreal Projects/eyesshut_mainmenu/eyes_shut/Content/StarterContent/Textures/T_Tech_Dot_M.uasset" 671
"../../../../../../../Unreal Projects/eyesshut_mainmenu/eyes_shut/Content/StarterContent/Textures/T_Tech_Dot_N.uasset" 672
"../../../../../../../Unreal Projects/eyesshut_mainmenu/eyes_shut/Content/StarterContent/Materials/M_Rock_Slate.uasset" 673
"../../../../../../../Unreal Projects/eyesshut_mainmenu/eyes_shut/Content/StarterContent/Textures/T_Rock_Slate_D.uasset" 674
"../../../../../../../Unreal Projects/eyesshut_mainmenu/eyes_shut/Content/StarterContent/Materials/M_Rock_Sandstone.uasset" 675
"../../../../../../../Unreal Projects/eyesshut_mainmenu/eyes_shut/Content/StarterContent/Textures/T_Rock_Sandstone_D.uasset" 676
"../../../../../../../Unreal Projects/eyesshut_mainmenu/eyes_shut/Content/StarterContent/Textures/T_Rock_Sandstone_N.uasset" 677
"../../../../../../../Unreal Projects/eyesshut_mainmenu/eyes_shut/Content/StarterContent/Materials/M_Rock_Marble_Polished.uasset" 678
"../../../../../../../Unreal Projects/eyesshut_mainmenu/eyes_shut/Content/StarterContent/Materials/M_Rock_Basalt.uasset" 679
"../../../../../../../Unreal Projects/eyesshut_mainmenu/eyes_shut/Content/StarterContent/Textures/T_Rock_Basalt_N.uasset" 680
"../../../../../../../Unreal Projects/eyesshut_mainmenu/eyes_shut/Content/StarterContent/Materials/M_Metal_Steel.uasset" 681
"../../../../../../../Unreal Projects/eyesshut_mainmenu/eyes_shut/Content/StarterContent/Materials/M_Metal_Rust.uasset" 682
"../../../../../../../Unreal Projects/eyesshut_mainmenu/eyes_shut/Content/StarterContent/Textures/T_Metal_Rust_D.uasset" 683
"../../../../../../../Unreal Projects/eyesshut_mainmenu/eyes_shut/Content/StarterContent/Materials/M_Metal_Gold.uasset" 684
"../../../../../../../Unreal Projects/eyesshut_mainmenu/eyes_shut/Content/StarterContent/Materials/M_Metal_Copper.uasset" 685
"../../../../../../../Unreal Projects/eyesshut_mainmenu/eyes_shut/Content/StarterContent/Textures/T_Metal_Copper_D.uasset" 686
"../../../../../../../Unreal Projects/eyesshut_mainmenu/eyes_shut/Content/StarterContent/Materials/M_Metal_Chrome.uasset" 687
"../../../../../../../Unreal Projects/eyesshut_mainmenu/eyes_shut/Content/StarterContent/Materials/M_Metal_Burnished_Steel.uasset" 688
"../../../../../../../Unreal Projects/eyesshut_mainmenu/eyes_shut/Content/StarterContent/Textures/T_Metal_Aluminum_D.uasset" 689
"../../../../../../../Unreal Projects/eyesshut_mainmenu/eyes_shut/Content/StarterContent/Materials/M_Metal_Brushed_Nickel.uasset" 690
"../../../../../../../Unreal Projects/eyesshut_mainmenu/eyes_shut/Content/StarterContent/Materials/M_Ground_Moss.uasset" 691
"../../../../../../../Unreal Projects/eyesshut_mainmenu/eyes_shut/Content/StarterContent/Textures/T_ground_Moss_D.uasset" 692
"../../../../../../../Unreal Projects/eyesshut_mainmenu/eyes_shut/Content/StarterContent/Textures/T_Ground_Moss_N.uasset" 693
"../../../../../../../Unreal Projects/eyesshut_mainmenu/eyes_shut/Content/StarterContent/Materials/M_Ground_Gravel.uasset" 694
"../../../../../../../Unreal Projects/eyesshut_mainmenu/eyes_shut/Content/StarterContent/Textures/T_Ground_Gravel_D.uasset" 695
"../../../../../../../Unreal Projects/eyesshut_mainmenu/eyes_shut/Content/StarterContent/Textures/T_Ground_Gravel_N.uasset" 696
"../../../../../../../Unreal Projects/eyesshut_mainmenu/eyes_shut/Content/StarterContent/Materials/M_Ground_Grass.uasset" 697
"../../../../../../../Unreal Projects/eyesshut_mainmenu/eyes_shut/Content/StarterContent/Textures/T_Ground_Grass_D.uasset" 698
"../../../../../../../Unreal Projects/eyesshut_mainmenu/eyes_shut/Content/StarterContent/Textures/T_Ground_Grass_N.uasset" 699
"../../../../../../../Unreal Projects/eyesshut_mainmenu/eyes_shut/Content/StarterContent/Materials/M_Concrete_Tiles.uasset" 700
"../../../../../../../Unreal Projects/eyesshut_mainmenu/eyes_shut/Content/StarterContent/Textures/T_Concrete_Tiles_D.uasset" 701
"../../../../../../../Unreal Projects/eyesshut_mainmenu/eyes_shut/Content/StarterContent/Textures/T_Concrete_Tiles_M.uasset" 702
"../../../../../../../Unreal Projects/eyesshut_mainmenu/eyes_shut/Content/StarterContent/Textures/T_Concrete_Tiles_N.uasset" 703
"../../../../../../../Unreal Projects/eyesshut_mainmenu/eyes_shut/Content/StarterContent/Textures/T_Concrete_Tiles_Variation_M.uasset" 704
"../../../../../../../Unreal Projects/eyesshut_mainmenu/eyes_shut/Content/StarterContent/Materials/M_Concrete_Poured.uasset" 705
"../../../../../../../Unreal Projects/eyesshut_mainmenu/eyes_shut/Content/StarterContent/Textures/T_Concrete_Poured_N.uasset" 706
"../../../../../../../Unreal Projects/eyesshut_mainmenu/eyes_shut/Content/StarterContent/Materials/M_Concrete_Panels.uasset" 707
"../../../../../../../Unreal Projects/eyesshut_mainmenu/eyes_shut/Content/StarterContent/Textures/T_Concrete_Panels_D.uasset" 708
"../../../../../../../Unreal Projects/eyesshut_mainmenu/eyes_shut/Content/StarterContent/Textures/T_Concrete_Panels_N.uasset" 709
"../../../../../../../Unreal Projects/eyesshut_mainmenu/eyes_shut/Content/StarterContent/Materials/M_Concrete_Grime.uasset" 710
"../../../../../../../Unreal Projects/eyesshut_mainmenu/eyes_shut/Content/StarterContent/Textures/T_Concrete_Grime_D.uasset" 711
"../../../../../../../Unreal Projects/eyesshut_mainmenu/eyes_shut/Content/StarterContent/Blueprints/Assets/SunlightColorLUT.uasset" 712
"../../../../../../../Unreal Projects/eyesshut_mainmenu/eyes_shut/Content/StarterContent/Blueprints/Assets/SM_Arrows.uasset" 713
"../../../../../../../Unreal Projects/eyesshut_mainmenu/eyes_shut/Content/StarterContent/Blueprints/Assets/Skybox.uasset" 714
"../../../Engine/Content/EditorMaterials/Thumbnails/SkySphereMaterial.uasset" 715
"../../../../../../../Unreal Projects/eyesshut_mainmenu/eyes_shut/Content/StarterContent/Blueprints/Assets/M_LightStage_Skybox_Master.uasset" 716
"../../../Engine/Content/MapTemplates/Sky/DaylightAmbientCubemap.uasset" 717
"../../../../../../../Unreal Projects/eyesshut_mainmenu/eyes_shut/Content/StarterContent/Blueprints/Assets/M_LightStage_Skybox_HDRI.uasset" 718
"../../../../../../../Unreal Projects/eyesshut_mainmenu/eyes_shut/Content/StarterContent/Blueprints/Assets/M_LightStage_Skybox_Black.uasset" 719
"../../../../../../../Unreal Projects/eyesshut_mainmenu/eyes_shut/Content/StarterContent/Blueprints/Assets/M_LightStage_Arrows.uasset" 720
"../../../../../../../Unreal Projects/eyesshut_mainmenu/eyes_shut/Content/StarterContent/Blueprints/Assets/FogBrightnessLUT.uasset" 721
"../../../../../../../Unreal Projects/eyesshut_mainmenu/eyes_shut/Content/StarterContent/Blueprints/BP_LightStudio.uasset" 722
"../../../../../../../Unreal Projects/eyesshut_mainmenu/eyes_shut/Content/StarterContent/Blueprints/Blueprint_WallSconce.uasset" 723
"../../../../../../../Unreal Projects/eyesshut_mainmenu/eyes_shut/Content/StarterContent/Blueprints/Blueprint_Effect_Steam.uasset" 724
"../../../../../../../Unreal Projects/eyesshut_mainmenu/eyes_shut/Content/StarterContent/Audio/Steam01_Cue.uasset" 725
"../../../../../../../Unreal Projects/eyesshut_mainmenu/eyes_shut/Content/StarterContent/Audio/Steam01.uasset" 726
"../../../../../../../Unreal Projects/eyesshut_mainmenu/eyes_shut/Content/StarterContent/Blueprints/Blueprint_Effect_Sparks.uasset" 727
"../../../../../../../Unreal Projects/eyesshut_mainmenu/eyes_shut/Content/StarterContent/Audio/Fire_Sparks01_Cue.uasset" 728
"../../../../../../../Unreal Projects/eyesshut_mainmenu/eyes_shut/Content/StarterContent/Audio/Fire_Sparks01.uasset" 729
"../../../../../../../Unreal Projects/eyesshut_mainmenu/eyes_shut/Content/StarterContent/Blueprints/Blueprint_Effect_Smoke.uasset" 730
"../../../../../../../Unreal Projects/eyesshut_mainmenu/eyes_shut/Content/StarterContent/Audio/Smoke01_Cue.uasset" 731
"../../../../../../../Unreal Projects/eyesshut_mainmenu/eyes_shut/Content/StarterContent/Audio/Smoke01.uasset" 732
"../../../../../../../Unreal Projects/eyesshut_mainmenu/eyes_shut/Content/StarterContent/Blueprints/Blueprint_Effect_Fire.uasset" 733
"../../../../../../../Unreal Projects/eyesshut_mainmenu/eyes_shut/Content/StarterContent/Audio/Fire01_Cue.uasset" 734
"../../../../../../../Unreal Projects/eyesshut_mainmenu/eyes_shut/Content/StarterContent/Audio/Fire01.uasset" 735
"../../../../../../../Unreal Projects/eyesshut_mainmenu/eyes_shut/Content/StarterContent/Particles/P_Fire.uasset" 736
"../../../../../../../Unreal Projects/eyesshut_mainmenu/eyes_shut/Content/StarterContent/Blueprints/Blueprint_Effect_Explosion.uasset" 737
"../../../../../../../Unreal Projects/eyesshut_mainmenu/eyes_shut/Content/StarterContent/Audio/Explosion_Cue.uasset" 738
"../../../../../../../Unreal Projects/eyesshut_mainmenu/eyes_shut/Content/StarterContent/Audio/Explosion01.uasset" 739
"../../../../../../../Unreal Projects/eyesshut_mainmenu/eyes_shut/Content/StarterContent/Audio/Explosion02.uasset" 740
"../../../../../../../Unreal Projects/eyesshut_mainmenu/eyes_shut/Content/StarterContent/Particles/P_Explosion.uasset" 741
"../../../../../../../Unreal Projects/eyesshut_mainmenu/eyes_shut/Content/StarterContent/Blueprints/Blueprint_CeilingLight.uasset" 742
"../../../../../../../Unreal Projects/eyesshut_mainmenu/eyes_shut/Content/StarterContent/Audio/Starter_Wind06.uasset" 743
"../../../../../../../Unreal Projects/eyesshut_mainmenu/eyes_shut/Content/StarterContent/Audio/Starter_Wind05.uasset" 744
"../../../../../../../Unreal Projects/eyesshut_mainmenu/eyes_shut/Content/StarterContent/Audio/Starter_Music_Cue.uasset" 745
"../../../../../../../Unreal Projects/eyesshut_mainmenu/eyes_shut/Content/StarterContent/Audio/Starter_Music01.uasset" 746
"../../../../../../../Unreal Projects/eyesshut_mainmenu/eyes_shut/Content/StarterContent/Audio/Starter_Birds01.uasset" 747
"../../../../../../../Unreal Projects/eyesshut_mainmenu/eyes_shut/Content/StarterContent/Audio/Starter_Background_Cue.uasset" 748
"../../../../../../../Unreal Projects/eyesshut_mainmenu/eyes_shut/Content/StarterContent/Audio/Light02_Cue.uasset" 749
"../../../../../../../Unreal Projects/eyesshut_mainmenu/eyes_shut/Content/StarterContent/Audio/Light02.uasset" 750
"../../../../../../../Unreal Projects/eyesshut_mainmenu/eyes_shut/Content/StarterContent/Audio/Light01_Cue.uasset" 751
"../../../../../../../Unreal Projects/eyesshut_mainmenu/eyes_shut/Content/StarterContent/Audio/Light01.uasset" 752
"../../../Engine/Content/MobileResources/HUD/MobileHUDDirectionStick.uasset" 753
"../../../../../../../Unreal Projects/eyesshut_mainmenu/eyes_shut/Content/StarterContent/Textures/T_UNV_Concrete02_N.uasset" 754
"../../../../../../../Unreal Projects/eyesshut_mainmenu/eyes_shut/Content/StarterContent/Textures/T_UNV_Concrete02.uasset" 755
"../../../../../../../Unreal Projects/eyesshut_mainmenu/eyes_shut/Content/StarterContent/Textures/T_Underground_Base_Pipe_N.uasset" 756
"../../../../../../../Unreal Projects/eyesshut_mainmenu/eyes_shut/Content/StarterContent/Textures/T_Underground_Base_Pipe_D.uasset" 757
"../../../../../../../Unreal Projects/eyesshut_mainmenu/eyes_shut/Content/StarterContent/Shapes/Shape_NarrowCapsule.uasset" 758
"../../../../../../../Unreal Projects/eyesshut_mainmenu/eyes_shut/Content/StarterContent/Shapes/Shape_Cylinder.uasset" 759
"../../../../../../../Unreal Projects/eyesshut_mainmenu/eyes_shut/Content/StarterContent/Shapes/Shape_Cube.uasset" 760
"../../../../../../../Unreal Projects/eyesshut_mainmenu/eyes_shut/Content/StarterContent/Shapes/Shape_Cone.uasset" 761
"../../../../../../../Unreal Projects/eyesshut_mainmenu/eyes_shut/Content/StarterContent/Textures/T_Sky_Stars.uasset" 762
"../../../../../../../Unreal Projects/eyesshut_mainmenu/eyes_shut/Content/StarterContent/Textures/T_Sky_Clouds_M.uasset" 763
"../../../../../../../Unreal Projects/eyesshut_mainmenu/eyes_shut/Content/StarterContent/Textures/T_Rock_08_N.uasset" 764
"../../../../../../../Unreal Projects/eyesshut_mainmenu/eyes_shut/Content/StarterContent/Textures/T_Rock_08_D.uasset" 765
"../../../../../../../Unreal Projects/eyesshut_mainmenu/eyes_shut/Content/StarterContent/Textures/T_Rock_07_N.uasset" 766
"../../../../../../../Unreal Projects/eyesshut_mainmenu/eyes_shut/Content/StarterContent/Textures/T_Rock_07_D.uasset" 767
"../../../../../../../Unreal Projects/eyesshut_mainmenu/eyes_shut/Content/StarterContent/Textures/T_Rock_07b_D.uasset" 768
"../../../../../../../Unreal Projects/eyesshut_mainmenu/eyes_shut/Content/StarterContent/Textures/T_Rock_06_N.uasset" 769
"../../../../../../../Unreal Projects/eyesshut_mainmenu/eyes_shut/Content/StarterContent/Textures/T_Concrete_N.uasset" 770
"../../../../../../../Unreal Projects/eyesshut_mainmenu/eyes_shut/Content/StarterContent/Shapes/Shape_Wedge_A.uasset" 771
"../../../../../../../Unreal Projects/eyesshut_mainmenu/eyes_shut/Content/StarterContent/Shapes/Shape_Tube.uasset" 772
"../../../../../../../Unreal Projects/eyesshut_mainmenu/eyes_shut/Content/StarterContent/Shapes/Shape_TriPyramid.uasset" 773
"../../../../../../../Unreal Projects/eyesshut_mainmenu/eyes_shut/Content/StarterContent/Shapes/Shape_Trim_90_Out.uasset" 774
"../../../../../../../Unreal Projects/eyesshut_mainmenu/eyes_shut/Content/StarterContent/Shapes/Shape_Trim_90_In.uasset" 775
"../../../../../../../Unreal Projects/eyesshut_mainmenu/eyes_shut/Content/StarterContent/Shapes/Shape_Trim.uasset" 776
"../../../../../../../Unreal Projects/eyesshut_mainmenu/eyes_shut/Content/StarterContent/Shapes/Shape_Torus.uasset" 777
"../../../../../../../Unreal Projects/eyesshut_mainmenu/eyes_shut/Content/StarterContent/Shapes/Shape_Sphere.uasset" 778
"../../../../../../../Unreal Projects/eyesshut_mainmenu/eyes_shut/Content/StarterContent/Shapes/Shape_QuadPyramid.uasset" 779
"../../../../../../../Unreal Projects/eyesshut_mainmenu/eyes_shut/Content/StarterContent/Shapes/Shape_Plane.uasset" 780
"../../../../../../../Unreal Projects/eyesshut_mainmenu/eyes_shut/Content/StarterContent/Shapes/Shape_Pipe_90.uasset" 781
"../../../../../../../Unreal Projects/eyesshut_mainmenu/eyes_shut/Content/StarterContent/Shapes/Shape_Pipe_180.uasset" 782
"../../../../../../../Unreal Projects/eyesshut_mainmenu/eyes_shut/Content/StarterContent/Shapes/Shape_Pipe.uasset" 783
"../../../../../../../Unreal Projects/eyesshut_mainmenu/eyes_shut/Content/StarterContent/Maps/Minimal_Default.umap" 784
"../../../Engine/Content/EngineSky/BP_Sky_Sphere.uasset" 785
"../../../Engine/Content/EditorBlueprintResources/StandardMacros.uasset" 786
"../../../Engine/Content/EngineSky/C_Sky_Cloud_Color.uasset" 787
"../../../Engine/Content/EngineSky/C_Sky_Horizon_Color.uasset" 788
"../../../Engine/Content/EngineSky/C_Sky_Zenith_Color.uasset" 789
"../../../Engine/Content/EngineSky/M_Sky_Panning_Clouds2.uasset" 790
"../../../Engine/Content/EngineSky/T_Sky_Blue.uasset" 791
"../../../Engine/Content/EngineSky/T_Sky_Clouds_M.uasset" 792
"../../../Engine/Content/EngineSky/T_Sky_Stars.uasset" 793
"../../../Engine/Content/EngineSky/SM_SkySphere.uasset" 794
"../../../Engine/Content/EditorResources/EmptyActor.uasset" 795
"../../../Engine/Content/EditorResources/AudioIcons/S_AudioComponent_AutoActivate.uasset" 796
"../../../../../../../Unreal Projects/eyesshut_mainmenu/eyes_shut/Content/StarterContent/Textures/T_Ground_01_N.uasset" 797
"../../../../../../../Unreal Projects/eyesshut_mainmenu/eyes_shut/Content/StarterContent/Textures/T_Ground_01_D.uasset" 798
"../../../../../../../Unreal Projects/eyesshut_mainmenu/eyes_shut/Content/StarterContent/Textures/T_Gravel_N.uasset" 799
"../../../../../../../Unreal Projects/eyesshut_mainmenu/eyes_shut/Content/StarterContent/Textures/T_Gravel_D.uasset" 800
"../../../../../../../Unreal Projects/eyesshut_mainmenu/eyes_shut/Content/StarterContent/Textures/T_Metal_Painted_04_D.uasset" 801
"../../../../../../../Unreal Projects/eyesshut_mainmenu/eyes_shut/Content/StarterContent/Textures/T_Metal_Dark_Gun_metal_N.uasset" 802
"../../../../../../../Unreal Projects/eyesshut_mainmenu/eyes_shut/Content/StarterContent/Textures/T_Metal_Dark_Gun_metal_E.uasset" 803
"../../../../../../../Unreal Projects/eyesshut_mainmenu/eyes_shut/Content/StarterContent/Textures/T_Ground_Dirt_D.uasset" 804
"../../../../../../../Unreal Projects/eyesshut_mainmenu/eyes_shut/Content/StarterContent/Textures/T_Ground_Detail_N.uasset" 805
"../../../../../../../Unreal Projects/eyesshut_mainmenu/eyes_shut/Content/StarterContent/Textures/T_Ground_02_N.uasset" 806
"../../../../../../../Unreal Projects/eyesshut_mainmenu/eyes_shut/Content/StarterContent/Textures/T_Ground_02_D.uasset" 807
"../../../../../../../Unreal Projects/eyesshut_mainmenu/eyes_shut/Content/StarterContent/Textures/T_Generic_Concrete_Base_07_N.uasset" 808
"../../../../../../../Unreal Projects/eyesshut_mainmenu/eyes_shut/Content/StarterContent/Textures/T_Generic_Concrete_Base_07.uasset" 809
"../../../../../../../Unreal Projects/eyesshut_mainmenu/eyes_shut/Content/StarterContent/Textures/T_Generic_Concrete_Base_06_N.uasset" 810
"../../../../../../../Unreal Projects/eyesshut_mainmenu/eyes_shut/Content/StarterContent/Textures/T_Generic_Concrete_Base_06.uasset" 811
"../../../../../../../Unreal Projects/eyesshut_mainmenu/eyes_shut/Content/StarterContent/Textures/T_Generic_Concrete_Base04_N.uasset" 812
"../../../../../../../Unreal Projects/eyesshut_mainmenu/eyes_shut/Content/StarterContent/Textures/T_Generic_Concrete_Base04_D.uasset" 813
"../../../../../../../Unreal Projects/eyesshut_mainmenu/eyes_shut/Content/StarterContent/Textures/T_Generic_Concrete_Base02_N.uasset" 814
"../../../../../../../Unreal Projects/eyesshut_mainmenu/eyes_shut/Content/StarterContent/Textures/T_Generic_Concrete_Base02.uasset" 815
"../../../../../../../Unreal Projects/eyesshut_mainmenu/eyes_shut/Content/StarterContent/Textures/T_Wood_Walnut_N.uasset" 816
"../../../Engine/Content/MobileResources/T_MobileMenu2.uasset" 817
"../../../Engine/Content/MobileResources/HUD/MobileHUDDirectionPad.uasset" 818
"../../../../../../../Unreal Projects/eyesshut_mainmenu/eyes_shut/Content/StarterContent/Textures/Metal_Tile_2_N.uasset" 819
"../../../../../../../Unreal Projects/eyesshut_mainmenu/eyes_shut/Content/StarterContent/Textures/Metal_Tile_2.uasset" 820
"../../../../../../../Unreal Projects/eyesshut_mainmenu/eyes_shut/Content/StarterContent/Shapes/Shape_WideCapsule.uasset" 821
"../../../../../../../Unreal Projects/eyesshut_mainmenu/eyes_shut/Content/StarterContent/Shapes/Shape_Wedge_B.uasset" 822
"../../../../../../../Unreal Projects/eyesshut_mainmenu/eyes_shut/Content/StarterContent/Particles/P_Ambient_Dust.uasset" 823
"../../../../../../../Unreal Projects/eyesshut_mainmenu/eyes_shut/Content/StarterContent/Materials/M_Wood_Walnut.uasset" 824
"../../../../../../../Unreal Projects/eyesshut_mainmenu/eyes_shut/Content/StarterContent/Textures/T_Wood_Walnut_D.uasset" 825
"../../../../../../../Unreal Projects/eyesshut_mainmenu/eyes_shut/Content/StarterContent/Materials/M_Wood_Pine.uasset" 826
"../../../../../../../Unreal Projects/eyesshut_mainmenu/eyes_shut/Content/StarterContent/Textures/T_Wood_Pine_D.uasset" 827
"../../../../../../../Unreal Projects/eyesshut_mainmenu/eyes_shut/Content/StarterContent/Textures/T_Wood_Pine_N.uasset" 828
"../../../Engine/Content/MobileResources/HUD/MobileHUDDirectionPad2.uasset" 829
"../../../../../../../Unreal Projects/eyesshut_mainmenu/eyes_shut/Content/StarterContent/Textures/T_Rock_10_D.uasset" 830
"../../../../../../../Unreal Projects/eyesshut_mainmenu/eyes_shut/Content/StarterContent/Textures/T_Rock_09_D.uasset" 831
"../../../../../../../Unreal Projects/eyesshut_mainmenu/eyes_shut/Content/StarterContent/Textures/T_Concrete_Wall_N.uasset" 832
"../../../../../../../Unreal Projects/eyesshut_mainmenu/eyes_shut/Content/StarterContent/Textures/T_Concrete_Wall_D.uasset" 833
"../../../../../../../Unreal Projects/eyesshut_mainmenu/eyes_shut/Content/StarterContent/Textures/T_Concrete_Wall07_N.uasset" 834
"../../../../../../../Unreal Projects/eyesshut_mainmenu/eyes_shut/Content/StarterContent/Textures/T_Concrete_Wall07.uasset" 835
"../../../../../../../Unreal Projects/eyesshut_mainmenu/eyes_shut/Content/StarterContent/Textures/T_DesertCrystal01_N.uasset" 836
"../../../../../../../Unreal Projects/eyesshut_mainmenu/eyes_shut/Content/NewMap.umap" 837
"../../../Engine/Content/MapTemplates/SM_Template_Map_Floor.uasset" 838
"../../../../../../../Unreal Projects/eyesshut_mainmenu/eyes_shut/Content/StarterContent/Textures/T_Cobble_01_H.uasset" 839
"../../../../../../../Unreal Projects/eyesshut_mainmenu/eyes_shut/Content/StarterContent/Textures/T_Concrete01_N.uasset" 840
"../../../../../../../Unreal Projects/eyesshut_mainmenu/eyes_shut/Content/StarterContent/Textures/T_Concrete01_D.uasset" 841
"../../../../../../../Unreal Projects/eyesshut_mainmenu/eyes_shut/Content/StarterContent/Maps/StarterMap.umap" 842
"../../../Engine/Content/EngineMaterials/AntiAliasedTextMaterialTranslucent.uasset" 843
"../../../Engine/Content/Functions/Engine_MaterialFunctions03/Procedurals/ComputeFilterWidth.uasset" 844
"../../../Engine/Content/EditorResources/AudioIcons/S_AudioComponent.uasset" 845
"../../../../../../../Unreal Projects/eyesshut_mainmenu/eyes_shut/Content/StarterContent/Textures/T_Dirt_D.uasset" 846
"../../../../../../../Unreal Projects/eyesshut_mainmenu/eyes_shut/Content/StarterContent/Textures/T_Stone_Brick_N.uasset" 847
"../../../../../../../Unreal Projects/eyesshut_mainmenu/eyes_shut/Content/StarterContent/Textures/T_Stone_Brick_D.uasset" 848
"../../../Engine/Content/MobileResources/HUD/MobileHUDButtonFire.uasset" 849
"../../../../../../../Unreal Projects/eyesshut_mainmenu/eyes_shut/Content/StarterContent/Textures/T_Metal_Rust_01_N.uasset" 850
"../../../../../../../Unreal Projects/eyesshut_mainmenu/eyes_shut/Content/StarterContent/Textures/T_Metal_Rust_01_D.uasset" 851
"../../../../../../../Unreal Projects/eyesshut_mainmenu/eyes_shut/Content/StarterContent/Textures/T_Metal_Painted_04_N.uasset" 852
"../../../../../../../Unreal Projects/eyesshut_mainmenu/eyes_shut/Content/StarterContent/Textures/T_Dirt_N.uasset" 853
"../../../Engine/Content/MobileResources/HUD/AnalogHat.uasset" 854
"../../../../../../../Unreal Projects/eyesshut_mainmenu/eyes_shut/Content/StarterContent/Textures/T_Bark02_N.uasset" 855
"../../../../../../../Unreal Projects/eyesshut_mainmenu/eyes_shut/Content/StarterContent/Textures/T_Bark02_D.uasset" 856
"../../../../../../../Unreal Projects/eyesshut_mainmenu/eyes_shut/Content/StarterContent/Textures/T_ArmorMetal01_N.uasset" 857
"../../../../../../../Unreal Projects/eyesshut_mainmenu/eyes_shut/Content/StarterContent/Textures/T_ArmorMetal01.uasset" 858
"../../../../../../../Unreal Projects/eyesshut_mainmenu/eyes_shut/Content/StarterContent/Textures/Sky54a2048LDR.uasset" 859
"../../../../../../../Unreal Projects/eyesshut_mainmenu/eyes_shut/Content/StarterContent/Textures/Sky54a2048.uasset" 860
"../../../Engine/Content/MobileResources/HUD/MobileHUDButton3.uasset" 861
"../../../../../../../Unreal Projects/eyesshut_mainmenu/eyes_shut/Content/StarterContent/Textures/T_Rock_Detail_02_D.uasset" 862
"../../../../../../../Unreal Projects/eyesshut_mainmenu/eyes_shut/Content/StarterContent/Textures/T_Rock_Detail_03_D.uasset" 863
"../../../../../../../Unreal Projects/eyesshut_mainmenu/eyes_shut/Content/StarterContent/Textures/T_Rock_Detail_02_N.uasset" 864
"../../../../../../../Unreal Projects/eyesshut_mainmenu/eyes_shut/Content/StarterContent/Textures/T_Rock_11b_D.uasset" 865
"../../../../../../../Unreal Projects/eyesshut_mainmenu/eyes_shut/Content/StarterContent/Textures/T_Rock_10_N.uasset" 866
"../../../../../../../Unreal Projects/eyesshut_mainmenu/eyes_shut/Content/StarterContent/Textures/T_Metal_Scuffed_N.uasset" 867
"../../../../../../../Unreal Projects/eyesshut_mainmenu/eyes_shut/Content/StarterContent/Textures/T_Ground_Dirt_N.uasset" 868
"../../../../../../../Unreal Projects/eyesshut_mainmenu/eyes_shut/Content/StarterContent/Textures/T_Wood_A_S.uasset" 869
"../../../../../../../Unreal Projects/eyesshut_mainmenu/eyes_shut/Content/StarterContent/Textures/T_Wood_A_N.uasset" 870
"../../../../../../../Unreal Projects/eyesshut_mainmenu/eyes_shut/Content/StarterContent/Textures/T_Wood_a_d.uasset" 871
"../../../../../../../Unreal Projects/eyesshut_mainmenu/eyes_shut/Content/StarterContent/Textures/T_White_Painted_Metal_N.uasset" 872
"../../../../../../../Unreal Projects/eyesshut_mainmenu/eyes_shut/Content/StarterContent/Textures/T_White_Painted_Metal_D.uasset" 873
"../../../../../../../Unreal Projects/eyesshut_mainmenu/eyes_shut/Content/StarterContent/Textures/T_Concrete_01_N.uasset" 874
"../../../../../../../Unreal Projects/eyesshut_mainmenu/eyes_shut/Content/StarterContent/Textures/T_Concrete_01_D.uasset" 875
"../../../../../../../Unreal Projects/eyesshut_mainmenu/eyes_shut/Content/StarterContent/Textures/T_Ground_Noise_N.uasset" 876
"../../../../../../../Unreal Projects/eyesshut_mainmenu/eyes_shut/Content/mainmenu_Level.umap" 877
"../../../../../../../Unreal Projects/eyesshut_mainmenu/eyes_shut/Content/StarterContent/Maps/Advanced_Lighting.umap" 878
"../../../Engine/Content/EditorResources/LightIcons/S_LightError.uasset" 879
"../../../../../../../Unreal Projects/eyesshut_mainmenu/eyes_shut/Content/StarterContent/Textures/T_Base_Metal_Gray_D.uasset" 880
"../../../Engine/Content/MobileResources/HUD/MobileHUDButton2_on.uasset" 881
"../../../../../../../Unreal Projects/eyesshut_mainmenu/eyes_shut/Content/StarterContent/Textures/T_CobbleStone_04_N.uasset" 882
"../../../../../../../Unreal Projects/eyesshut_mainmenu/eyes_shut/Content/StarterContent/Textures/T_Concrete_Floor01_N.uasset" 883
"../../../../../../../Unreal Projects/eyesshut_mainmenu/eyes_shut/Content/StarterContent/Textures/T_Concrete_Floor01.uasset" 884
"../../../../../../../Unreal Projects/eyesshut_mainmenu/eyes_shut/Content/StarterContent/Textures/T_Concrete_D.uasset" 885
"../../../../../../../Unreal Projects/eyesshut_mainmenu/eyes_shut/Content/StarterContent/Textures/T_CobbleStone_04_R.uasset" 886
"../../../Engine/Content/Maps/Entry.umap" 887
"../../../Engine/Content/EngineMaterials/DefaultNormal.uasset" 888
"../../../Engine/Content/MobileResources/HUD/MobileHUDButton2_off.uasset" 889
"../../../Engine/Content/MobileResources/T_MobileControls_texture.uasset" 890
"../../../Engine/Content/MobileResources/HUD/MobileHUDButton1_on.uasset" 891
"../../../Engine/Content/MobileResources/HUD/LeftVirtualJoystickOnly.uasset" 892
"../../../../../../../Unreal Projects/eyesshut_mainmenu/eyes_shut/Content/StarterContent/Textures/T_Base_Metal_Gray_N.uasset" 893
"../../../Engine/Content/MobileResources/HUD/MobileHUDButton1_off.uasset" 894
